Log file open, 11/11/20 19:56:55
LogInit: Display: Running engine for game: Escape
LogPlatformFile: Not using cached read wrapper
LogTaskGraph: Started task graph with 5 named threads and 35 total threads with 3 sets of task threads.
LogStats: Stats thread started at 1.020625
LogD3D11RHI: Loaded GFSDK_Aftermath_Lib.x64.dll
LogICUInternationalization: ICU TimeZone Detection - Raw Offset: -5:00, Platform Override: ''
LogPluginManager: Mounting plugin Paper2D
LogPluginManager: Mounting plugin AISupport
LogPluginManager: Mounting plugin LightPropagationVolume
LogPluginManager: Mounting plugin CameraShakePreviewer
LogPluginManager: Mounting plugin ActorLayerUtilities
LogPluginManager: Mounting plugin AnimationSharing
LogPluginManager: Mounting plugin CLionSourceCodeAccess
LogPluginManager: Mounting plugin CodeLiteSourceCodeAccess
LogPluginManager: Mounting plugin GitSourceControl
LogPluginManager: Mounting plugin KDevelopSourceCodeAccess
LogPluginManager: Mounting plugin NullSourceCodeAccess
LogPluginManager: Mounting plugin PerforceSourceControl
LogPluginManager: Mounting plugin PlasticSourceControl
LogPluginManager: Mounting plugin RiderSourceCodeAccess
LogPluginManager: Mounting plugin SubversionSourceControl
LogPluginManager: Mounting plugin UObjectPlugin
LogPluginManager: Mounting plugin VisualStudioCodeSourceCodeAccess
LogPluginManager: Mounting plugin VisualStudioSourceCodeAccess
LogPluginManager: Mounting plugin XCodeSourceCodeAccess
LogPluginManager: Mounting plugin AssetManagerEditor
LogPluginManager: Mounting plugin CryptoKeys
LogPluginManager: Mounting plugin CurveEditorTools
LogPluginManager: Mounting plugin DataValidation
LogPluginManager: Mounting plugin EditorScriptingUtilities
LogPluginManager: Mounting plugin FacialAnimation
LogPluginManager: Mounting plugin GameplayTagsEditor
LogPluginManager: Mounting plugin GeometryMode
LogPluginManager: Mounting plugin MacGraphicsSwitching
LogPluginManager: Mounting plugin MaterialAnalyzer
LogPluginManager: Mounting plugin MobileLauncherProfileWizard
LogPluginManager: Mounting plugin PluginBrowser
LogPluginManager: Mounting plugin SpeedTreeImporter
LogPluginManager: Mounting plugin DatasmithContent
LogPluginManager: Mounting plugin VariantManagerContent
LogPluginManager: Mounting plugin AlembicImporter
LogPluginManager: Mounting plugin AutomationUtils
LogPluginManager: Mounting plugin BackChannel
LogPluginManager: Mounting plugin ChaosCloth
LogPluginManager: Mounting plugin ChaosClothEditor
LogPluginManager: Mounting plugin ChaosEditor
LogPluginManager: Mounting plugin ChaosNiagara
LogPluginManager: Mounting plugin ChaosSolverPlugin
LogPluginManager: Mounting plugin CharacterAI
LogPluginManager: Mounting plugin GeometryCache
LogPluginManager: Mounting plugin GeometryCollectionPlugin
LogPluginManager: Mounting plugin GeometryProcessing
LogPluginManager: Mounting plugin PlanarCut
LogPluginManager: Mounting plugin PlatformCrypto
LogPluginManager: Mounting plugin ProxyLODPlugin
LogPluginManager: Mounting plugin SkeletalReduction
LogPluginManager: Mounting plugin Niagara
LogPluginManager: Mounting plugin MagicLeap
LogPluginManager: Mounting plugin MagicLeapLightEstimation
LogPluginManager: Mounting plugin MagicLeapMedia
LogPluginManager: Mounting plugin MagicLeapPassableWorld
LogPluginManager: Mounting plugin MLSDK
LogPluginManager: Mounting plugin AndroidMedia
LogPluginManager: Mounting plugin AvfMedia
LogPluginManager: Mounting plugin ImgMedia
LogPluginManager: Mounting plugin MediaCompositing
LogPluginManager: Mounting plugin MediaPlayerEditor
LogPluginManager: Mounting plugin WebMMedia
LogPluginManager: Mounting plugin WmfMedia
LogPluginManager: Mounting plugin MeshPainting
LogPluginManager: Mounting plugin TcpMessaging
LogPluginManager: Mounting plugin UdpMessaging
LogPluginManager: Mounting plugin ActorSequence
LogPluginManager: Mounting plugin LevelSequenceEditor
LogPluginManager: Mounting plugin MatineeToLevelSequence
LogPluginManager: Mounting plugin MovieRenderPipeline
LogPluginManager: Mounting plugin TemplateSequence
LogPluginManager: Mounting plugin NetcodeUnitTest
LogPluginManager: Mounting plugin NUTUnrealEngine4
LogPluginManager: Mounting plugin OnlineSubsystemGooglePlay
LogPluginManager: Mounting plugin OnlineSubsystemIOS
LogPluginManager: Mounting plugin OnlineSubsystem
LogPluginManager: Mounting plugin OnlineSubsystemNull
LogPluginManager: Mounting plugin OnlineSubsystemUtils
LogPluginManager: Mounting plugin LauncherChunkInstaller
LogPluginManager: Mounting plugin AndroidDeviceProfileSelector
LogPluginManager: Mounting plugin AndroidMoviePlayer
LogPluginManager: Mounting plugin AndroidPermission
LogPluginManager: Mounting plugin AppleImageUtils
LogPluginManager: Mounting plugin AppleMoviePlayer
LogPluginManager: Mounting plugin ArchVisCharacter
LogPluginManager: Mounting plugin AssetTags
LogPluginManager: Mounting plugin AudioCapture
LogPluginManager: Mounting plugin CableComponent
LogPluginManager: Mounting plugin CustomMeshComponent
LogPluginManager: Mounting plugin EditableMesh
LogPluginManager: Mounting plugin ExampleDeviceProfileSelector
LogPluginManager: Mounting plugin GoogleCloudMessaging
LogPluginManager: Mounting plugin GooglePAD
LogPluginManager: Mounting plugin IOSDeviceProfileSelector
LogPluginManager: Mounting plugin LinuxDeviceProfileSelector
LogPluginManager: Mounting plugin LocationServicesBPLibrary
LogPluginManager: Mounting plugin MobilePatchingUtils
LogPluginManager: Mounting plugin OculusVR
LogPluginManager: Mounting plugin PhysXVehicles
LogPluginManager: Mounting plugin PostSplashScreen
LogPluginManager: Mounting plugin ProceduralMeshComponent
LogPluginManager: Mounting plugin RuntimePhysXCooking
LogPluginManager: Mounting plugin SignificanceManager
LogPluginManager: Mounting plugin SoundFields
LogPluginManager: Mounting plugin SteamVR
LogPluginManager: Mounting plugin Synthesis
LogPluginManager: Mounting plugin WebMMoviePlayer
LogPluginManager: Mounting plugin WindowsMoviePlayer
LogPluginManager: Mounting plugin ScreenshotTools
LogInit: Using libcurl 7.55.1-DEV
LogInit:  - built for x86_64-pc-win32
LogInit:  - supports SSL with OpenSSL/1.1.1
LogInit:  - supports HTTP deflate (compression) using libz 1.2.8
LogInit:  - other features:
LogInit:      CURL_VERSION_SSL
LogInit:      CURL_VERSION_LIBZ
LogInit:      CURL_VERSION_IPV6
LogInit:      CURL_VERSION_ASYNCHDNS
LogInit:      CURL_VERSION_LARGEFILE
LogInit:      CURL_VERSION_IDN
LogInit:  CurlRequestOptions (configurable via config and command line):
LogInit:  - bVerifyPeer = true  - Libcurl will verify peer certificate
LogInit:  - bUseHttpProxy = false  - Libcurl will NOT use HTTP proxy
LogInit:  - bDontReuseConnections = false  - Libcurl will reuse connections
LogInit:  - MaxHostConnections = 16  - Libcurl will limit the number of connections to a host
LogInit:  - LocalHostAddr = Default
LogInit:  - BufferSize = 65536
LogOnline: OSS: Creating online subsystem instance for: NULL
LogInit: WinSock: version 1.1 (2.2), MaxSocks=32767, MaxUdp=65467
LogOnline: OSS: TryLoadSubsystemAndSetDefault: Loaded subsystem for module [NULL]
LogInit: Build: ++UE4+Release-4.25-CL-13942748
LogInit: Engine Version: 4.25.3-13942748+++UE4+Release-4.25
LogInit: Compatible Engine Version: 4.25.0-13144385+++UE4+Release-4.25
LogInit: Net CL: 13144385
LogInit: OS: Windows 10 (Release 1909) (), CPU: Intel(R) Core(TM) i7-8750H CPU @ 2.20GHz, GPU: Intel(R) UHD Graphics 630
LogInit: Compiled (64-bit): Jul 25 2020 02:07:48
LogInit: Compiled with Visual C++: 19.24.28315.00
LogInit: Build Configuration: Development
LogInit: Branch Name: ++UE4+Release-4.25
LogInit: Command Line: 
LogInit: Base Directory: C:/Program Files/Epic Games/UE_4.25/Engine/Binaries/Win64/
LogInit: Allocator: TBB
LogInit: Installed Engine Build: 1
LogDevObjectVersion: Number of dev versions registered: 26
LogDevObjectVersion:   Dev-Blueprints (B0D832E4-1F89-4F0D-ACCF-7EB736FD4AA2): 10
LogDevObjectVersion:   Dev-Build (E1C64328-A22C-4D53-A36C-8E866417BD8C): 0
LogDevObjectVersion:   Dev-Core (375EC13C-06E4-48FB-B500-84F0262A717E): 4
LogDevObjectVersion:   Dev-Editor (E4B068ED-F494-42E9-A231-DA0B2E46BB41): 38
LogDevObjectVersion:   Dev-Framework (CFFC743F-43B0-4480-9391-14DF171D2073): 37
LogDevObjectVersion:   Dev-Mobile (B02B49B5-BB20-44E9-A304-32B752E40360): 2
LogDevObjectVersion:   Dev-Networking (A4E4105C-59A1-49B5-A7C5-40C4547EDFEE): 0
LogDevObjectVersion:   Dev-Online (39C831C9-5AE6-47DC-9A44-9C173E1C8E7C): 0
LogDevObjectVersion:   Dev-Physics (78F01B33-EBEA-4F98-B9B4-84EACCB95AA2): 4
LogDevObjectVersion:   Dev-Platform (6631380F-2D4D-43E0-8009-CF276956A95A): 0
LogDevObjectVersion:   Dev-Rendering (12F88B9F-8875-4AFC-A67C-D90C383ABD29): 43
LogDevObjectVersion:   Dev-Sequencer (7B5AE74C-D270-4C10-A958-57980B212A5A): 12
LogDevObjectVersion:   Dev-VR (D7296918-1DD6-4BDD-9DE2-64A83CC13884): 3
LogDevObjectVersion:   Dev-LoadTimes (C2A15278-BFE7-4AFE-6C17-90FF531DF755): 1
LogDevObjectVersion:   Private-Geometry (6EACA3D4-40EC-4CC1-B786-8BED09428FC5): 3
LogDevObjectVersion:   Dev-AnimPhys (29E575DD-E0A3-4627-9D10-D276232CDCEA): 17
LogDevObjectVersion:   Dev-Anim (AF43A65D-7FD3-4947-9873-3E8ED9C1BB05): 7
LogDevObjectVersion:   Dev-ReflectionCapture (6B266CEC-1EC7-4B8F-A30B-E4D90942FC07): 1
LogDevObjectVersion:   Dev-Automation (0DF73D61-A23F-47EA-B727-89E90C41499A): 1
LogDevObjectVersion:   FortniteMain (601D1886-AC64-4F84-AA16-D3DE0DEAC7D6): 31
LogDevObjectVersion:   Dev-Enterprise (9DFFBCD6-494F-0158-E221-12823C92A888): 10
LogDevObjectVersion:   Dev-Niagara (F2AED0AC-9AFE-416F-8664-AA7FFA26D6FC): 1
LogDevObjectVersion:   Dev-Destruction (174F1F0B-B4C6-45A5-B13F-2EE8D0FB917D): 10
LogDevObjectVersion:   Dev-Physics-Ext (35F94A83-E258-406C-A318-09F59610247C): 37
LogDevObjectVersion:   Dev-PhysicsMaterial-Chaos (B68FC16E-8B1B-42E2-B453-215C058844FE): 1
LogDevObjectVersion:   Dev-CineCamera (B2E18506-4273-CFC2-A54E-F4BB758BBA07): 1
LogInit: Presizing for max 25165824 objects, including 0 objects not considered by GC, pre-allocating 0 bytes for permanent pool.
LogConfig: Applying CVar settings from Section [/Script/Engine.StreamingSettings] File [C:/Users/thecy/Documents/GitHub/Escape/Escape/Saved/Config/Windows/Engine.ini]
LogConfig: Setting CVar [[s.MinBulkDataSizeForAsyncLoading:131072]]
LogConfig: Setting CVar [[s.AsyncLoadingThreadEnabled:0]]
LogConfig: Setting CVar [[s.EventDrivenLoaderEnabled:1]]
LogConfig: Setting CVar [[s.WarnIfTimeLimitExceeded:0]]
LogConfig: Setting CVar [[s.TimeLimitExceededMultiplier:1.5]]
LogConfig: Setting CVar [[s.TimeLimitExceededMinTime:0.005]]
LogConfig: Setting CVar [[s.UseBackgroundLevelStreaming:1]]
LogConfig: Setting CVar [[s.PriorityAsyncLoadingExtraTime:15.0]]
LogConfig: Setting CVar [[s.LevelStreamingActorsUpdateTimeLimit:5.0]]
LogConfig: Setting CVar [[s.PriorityLevelStreamingActorsUpdateExtraTime:5.0]]
LogConfig: Setting CVar [[s.LevelStreamingComponentsRegistrationGranularity:10]]
LogConfig: Setting CVar [[s.UnregisterComponentsTimeLimit:1.0]]
LogConfig: Setting CVar [[s.LevelStreamingComponentsUnregistrationGranularity:5]]
LogConfig: Setting CVar [[s.FlushStreamingOnExit:1]]
LogInit: Object subsystem initialized
LogConfig: Setting CVar [[con.DebugEarlyDefault:1]]
LogConfig: Setting CVar [[r.setres:1280x720]]
[2020.11.12-00.56.57:290][  0]LogConfig: Setting CVar [[r.VSync:0]]
[2020.11.12-00.56.57:290][  0]LogConfig: Setting CVar [[r.RHICmdBypass:0]]
[2020.11.12-00.56.57:290][  0]LogConfig: Applying CVar settings from Section [/Script/Engine.RendererSettings] File [C:/Users/thecy/Documents/GitHub/Escape/Escape/Saved/Config/Windows/Engine.ini]
[2020.11.12-00.56.57:290][  0]LogConfig: Setting CVar [[r.GPUCrashDebugging:0]]
[2020.11.12-00.56.57:290][  0]LogConfig: Applying CVar settings from Section [/Script/Engine.RendererOverrideSettings] File [C:/Users/thecy/Documents/GitHub/Escape/Escape/Saved/Config/Windows/Engine.ini]
[2020.11.12-00.56.57:290][  0]LogConfig: Applying CVar settings from Section [/Script/Engine.StreamingSettings] File [C:/Users/thecy/Documents/GitHub/Escape/Escape/Saved/Config/Windows/Engine.ini]
[2020.11.12-00.56.57:290][  0]LogConfig: Setting CVar [[s.MinBulkDataSizeForAsyncLoading:131072]]
[2020.11.12-00.56.57:290][  0]LogConfig: Setting CVar [[s.AsyncLoadingThreadEnabled:0]]
[2020.11.12-00.56.57:290][  0]LogConfig: Setting CVar [[s.EventDrivenLoaderEnabled:1]]
[2020.11.12-00.56.57:290][  0]LogConfig: Setting CVar [[s.WarnIfTimeLimitExceeded:0]]
[2020.11.12-00.56.57:290][  0]LogConfig: Setting CVar [[s.TimeLimitExceededMultiplier:1.5]]
[2020.11.12-00.56.57:290][  0]LogConfig: Setting CVar [[s.TimeLimitExceededMinTime:0.005]]
[2020.11.12-00.56.57:290][  0]LogConfig: Setting CVar [[s.UseBackgroundLevelStreaming:1]]
[2020.11.12-00.56.57:290][  0]LogConfig: Setting CVar [[s.PriorityAsyncLoadingExtraTime:15.0]]
[2020.11.12-00.56.57:291][  0]LogConfig: Setting CVar [[s.LevelStreamingActorsUpdateTimeLimit:5.0]]
[2020.11.12-00.56.57:291][  0]LogConfig: Setting CVar [[s.PriorityLevelStreamingActorsUpdateExtraTime:5.0]]
[2020.11.12-00.56.57:291][  0]LogConfig: Setting CVar [[s.LevelStreamingComponentsRegistrationGranularity:10]]
[2020.11.12-00.56.57:291][  0]LogConfig: Setting CVar [[s.UnregisterComponentsTimeLimit:1.0]]
[2020.11.12-00.56.57:291][  0]LogConfig: Setting CVar [[s.LevelStreamingComponentsUnregistrationGranularity:5]]
[2020.11.12-00.56.57:291][  0]LogConfig: Setting CVar [[s.FlushStreamingOnExit:1]]
[2020.11.12-00.56.57:291][  0]LogConfig: Applying CVar settings from Section [/Script/Engine.GarbageCollectionSettings] File [C:/Users/thecy/Documents/GitHub/Escape/Escape/Saved/Config/Windows/Engine.ini]
[2020.11.12-00.56.57:291][  0]LogConfig: Setting CVar [[gc.MaxObjectsNotConsideredByGC:1]]
[2020.11.12-00.56.57:291][  0]LogConfig: Setting CVar [[gc.SizeOfPermanentObjectPool:0]]
[2020.11.12-00.56.57:291][  0]LogConfig: Setting CVar [[gc.FlushStreamingOnGC:0]]
[2020.11.12-00.56.57:291][  0]LogConfig: Setting CVar [[gc.NumRetriesBeforeForcingGC:10]]
[2020.11.12-00.56.57:291][  0]LogConfig: Setting CVar [[gc.AllowParallelGC:1]]
[2020.11.12-00.56.57:291][  0]LogConfig: Setting CVar [[gc.TimeBetweenPurgingPendingKillObjects:61.1]]
[2020.11.12-00.56.57:291][  0]LogConfig: Setting CVar [[gc.MaxObjectsInEditor:25165824]]
[2020.11.12-00.56.57:291][  0]LogConfig: Setting CVar [[gc.IncrementalBeginDestroyEnabled:1]]
[2020.11.12-00.56.57:291][  0]LogConfig: Setting CVar [[gc.CreateGCClusters:1]]
[2020.11.12-00.56.57:291][  0]LogConfig: Setting CVar [[gc.MinGCClusterSize:5]]
[2020.11.12-00.56.57:291][  0]LogConfig: Setting CVar [[gc.ActorClusteringEnabled:0]]
[2020.11.12-00.56.57:291][  0]LogConfig: Setting CVar [[gc.BlueprintClusteringEnabled:0]]
[2020.11.12-00.56.57:291][  0]LogConfig: Setting CVar [[gc.UseDisregardForGCOnDedicatedServers:0]]
[2020.11.12-00.56.57:291][  0]LogConfig: Applying CVar settings from Section [/Script/Engine.NetworkSettings] File [C:/Users/thecy/Documents/GitHub/Escape/Escape/Saved/Config/Windows/Engine.ini]
[2020.11.12-00.56.57:291][  0]LogConfig: Applying CVar settings from Section [/Script/UnrealEd.CookerSettings] File [C:/Users/thecy/Documents/GitHub/Escape/Escape/Saved/Config/Windows/Engine.ini]
[2020.11.12-00.56.57:299][  0]LogConfig: Applying CVar settings from Section [ViewDistanceQuality@3] File [C:/Users/thecy/Documents/GitHub/Escape/Escape/Saved/Config/Windows/Scalability.ini]
[2020.11.12-00.56.57:299][  0]LogConfig: Setting CVar [[r.SkeletalMeshLODBias:0]]
[2020.11.12-00.56.57:299][  0]LogConfig: Setting CVar [[r.ViewDistanceScale:1.0]]
[2020.11.12-00.56.57:299][  0]LogConfig: Applying CVar settings from Section [AntiAliasingQuality@3] File [C:/Users/thecy/Documents/GitHub/Escape/Escape/Saved/Config/Windows/Scalability.ini]
[2020.11.12-00.56.57:299][  0]LogConfig: Setting CVar [[r.PostProcessAAQuality:4]]
[2020.11.12-00.56.57:299][  0]LogConfig: Applying CVar settings from Section [ShadowQuality@3] File [C:/Users/thecy/Documents/GitHub/Escape/Escape/Saved/Config/Windows/Scalability.ini]
[2020.11.12-00.56.57:299][  0]LogConfig: Setting CVar [[r.LightFunctionQuality:1]]
[2020.11.12-00.56.57:299][  0]LogConfig: Setting CVar [[r.ShadowQuality:5]]
[2020.11.12-00.56.57:299][  0]LogConfig: Setting CVar [[r.Shadow.CSM.MaxCascades:10]]
[2020.11.12-00.56.57:299][  0]LogConfig: Setting CVar [[r.Shadow.MaxResolution:2048]]
[2020.11.12-00.56.57:299][  0]LogConfig: Setting CVar [[r.Shadow.MaxCSMResolution:2048]]
[2020.11.12-00.56.57:299][  0]LogConfig: Setting CVar [[r.Shadow.RadiusThreshold:0.01]]
[2020.11.12-00.56.57:299][  0]LogConfig: Setting CVar [[r.Shadow.DistanceScale:1.0]]
[2020.11.12-00.56.57:299][  0]LogConfig: Setting CVar [[r.Shadow.CSM.TransitionScale:1.0]]
[2020.11.12-00.56.57:299][  0]LogConfig: Setting CVar [[r.Shadow.PreShadowResolutionFactor:1.0]]
[2020.11.12-00.56.57:299][  0]LogConfig: Setting CVar [[r.DistanceFieldShadowing:1]]
[2020.11.12-00.56.57:299][  0]LogConfig: Setting CVar [[r.DistanceFieldAO:1]]
[2020.11.12-00.56.57:299][  0]LogConfig: Setting CVar [[r.AOQuality:2]]
[2020.11.12-00.56.57:299][  0]LogConfig: Setting CVar [[r.VolumetricFog:1]]
[2020.11.12-00.56.57:299][  0]LogConfig: Setting CVar [[r.VolumetricFog.GridPixelSize:8]]
[2020.11.12-00.56.57:299][  0]LogConfig: Setting CVar [[r.VolumetricFog.GridSizeZ:128]]
[2020.11.12-00.56.57:299][  0]LogConfig: Setting CVar [[r.VolumetricFog.HistoryMissSupersampleCount:4]]
[2020.11.12-00.56.57:299][  0]LogConfig: Setting CVar [[r.LightMaxDrawDistanceScale:1]]
[2020.11.12-00.56.57:299][  0]LogConfig: Setting CVar [[r.CapsuleShadows:1]]
[2020.11.12-00.56.57:299][  0]LogConfig: Applying CVar settings from Section [PostProcessQuality@3] File [C:/Users/thecy/Documents/GitHub/Escape/Escape/Saved/Config/Windows/Scalability.ini]
[2020.11.12-00.56.57:299][  0]LogConfig: Setting CVar [[r.MotionBlurQuality:4]]
[2020.11.12-00.56.57:300][  0]LogConfig: Setting CVar [[r.AmbientOcclusionMipLevelFactor:0.4]]
[2020.11.12-00.56.57:300][  0]LogConfig: Setting CVar [[r.AmbientOcclusionMaxQuality:100]]
[2020.11.12-00.56.57:300][  0]LogConfig: Setting CVar [[r.AmbientOcclusionLevels:-1]]
[2020.11.12-00.56.57:300][  0]LogConfig: Setting CVar [[r.AmbientOcclusionRadiusScale:1.0]]
[2020.11.12-00.56.57:300][  0]LogConfig: Setting CVar [[r.DepthOfFieldQuality:2]]
[2020.11.12-00.56.57:300][  0]LogConfig: Setting CVar [[r.RenderTargetPoolMin:400]]
[2020.11.12-00.56.57:300][  0]LogConfig: Setting CVar [[r.LensFlareQuality:2]]
[2020.11.12-00.56.57:300][  0]LogConfig: Setting CVar [[r.SceneColorFringeQuality:1]]
[2020.11.12-00.56.57:300][  0]LogConfig: Setting CVar [[r.EyeAdaptationQuality:2]]
[2020.11.12-00.56.57:300][  0]LogConfig: Setting CVar [[r.BloomQuality:5]]
[2020.11.12-00.56.57:300][  0]LogConfig: Setting CVar [[r.FastBlurThreshold:100]]
[2020.11.12-00.56.57:300][  0]LogConfig: Setting CVar [[r.Upscale.Quality:3]]
[2020.11.12-00.56.57:300][  0]LogConfig: Setting CVar [[r.Tonemapper.GrainQuantization:1]]
[2020.11.12-00.56.57:300][  0]LogConfig: Setting CVar [[r.LightShaftQuality:1]]
[2020.11.12-00.56.57:300][  0]LogConfig: Setting CVar [[r.Filter.SizeScale:1]]
[2020.11.12-00.56.57:300][  0]LogConfig: Setting CVar [[r.Tonemapper.Quality:5]]
[2020.11.12-00.56.57:300][  0]LogConfig: Setting CVar [[r.DOF.Gather.AccumulatorQuality:1        ; higher gathering accumulator quality]]
[2020.11.12-00.56.57:300][  0]LogConfig: Setting CVar [[r.DOF.Gather.PostfilterMethod:1          ; Median3x3 postfilering method]]
[2020.11.12-00.56.57:300][  0]LogConfig: Setting CVar [[r.DOF.Gather.EnableBokehSettings:0       ; no bokeh simulation when gathering]]
[2020.11.12-00.56.57:300][  0]LogConfig: Setting CVar [[r.DOF.Gather.RingCount:4                 ; medium number of samples when gathering]]
[2020.11.12-00.56.57:300][  0]LogConfig: Setting CVar [[r.DOF.Scatter.ForegroundCompositing:1    ; additive foreground scattering]]
[2020.11.12-00.56.57:300][  0]LogConfig: Setting CVar [[r.DOF.Scatter.BackgroundCompositing:2    ; additive background scattering]]
[2020.11.12-00.56.57:300][  0]LogConfig: Setting CVar [[r.DOF.Scatter.EnableBokehSettings:1      ; bokeh simulation when scattering]]
[2020.11.12-00.56.57:300][  0]LogConfig: Setting CVar [[r.DOF.Scatter.MaxSpriteRatio:0.1         ; only a maximum of 10% of scattered bokeh]]
[2020.11.12-00.56.57:300][  0]LogConfig: Setting CVar [[r.DOF.Recombine.Quality:1                ; cheap slight out of focus]]
[2020.11.12-00.56.57:300][  0]LogConfig: Setting CVar [[r.DOF.Recombine.EnableBokehSettings:0    ; no bokeh simulation on slight out of focus]]
[2020.11.12-00.56.57:300][  0]LogConfig: Setting CVar [[r.DOF.TemporalAAQuality:1                ; more stable temporal accumulation]]
[2020.11.12-00.56.57:300][  0]LogConfig: Setting CVar [[r.DOF.Kernel.MaxForegroundRadius:0.025]]
[2020.11.12-00.56.57:300][  0]LogConfig: Setting CVar [[r.DOF.Kernel.MaxBackgroundRadius:0.025]]
[2020.11.12-00.56.57:300][  0]LogConfig: Applying CVar settings from Section [TextureQuality@3] File [C:/Users/thecy/Documents/GitHub/Escape/Escape/Saved/Config/Windows/Scalability.ini]
[2020.11.12-00.56.57:300][  0]LogConfig: Setting CVar [[r.Streaming.MipBias:0]]
[2020.11.12-00.56.57:300][  0]LogConfig: Setting CVar [[r.Streaming.AmortizeCPUToGPUCopy:0]]
[2020.11.12-00.56.57:300][  0]LogConfig: Setting CVar [[r.Streaming.MaxNumTexturesToStreamPerFrame:0]]
[2020.11.12-00.56.57:300][  0]LogConfig: Setting CVar [[r.Streaming.Boost:1]]
[2020.11.12-00.56.57:300][  0]LogConfig: Setting CVar [[r.MaxAnisotropy:8]]
[2020.11.12-00.56.57:300][  0]LogConfig: Setting CVar [[r.VT.MaxAnisotropy:8]]
[2020.11.12-00.56.57:300][  0]LogConfig: Setting CVar [[r.Streaming.LimitPoolSizeToVRAM:0]]
[2020.11.12-00.56.57:300][  0]LogConfig: Setting CVar [[r.Streaming.PoolSize:1000]]
[2020.11.12-00.56.57:300][  0]LogConfig: Setting CVar [[r.Streaming.MaxEffectiveScreenSize:0]]
[2020.11.12-00.56.57:300][  0]LogConfig: Applying CVar settings from Section [EffectsQuality@3] File [C:/Users/thecy/Documents/GitHub/Escape/Escape/Saved/Config/Windows/Scalability.ini]
[2020.11.12-00.56.57:300][  0]LogConfig: Setting CVar [[r.TranslucencyLightingVolumeDim:64]]
[2020.11.12-00.56.57:301][  0]LogConfig: Setting CVar [[r.RefractionQuality:2]]
[2020.11.12-00.56.57:301][  0]LogConfig: Setting CVar [[r.SSR.Quality:3]]
[2020.11.12-00.56.57:301][  0]LogConfig: Setting CVar [[r.SSR.HalfResSceneColor:0]]
[2020.11.12-00.56.57:301][  0]LogConfig: Setting CVar [[r.SceneColorFormat:4]]
[2020.11.12-00.56.57:301][  0]LogConfig: Setting CVar [[r.DetailMode:2]]
[2020.11.12-00.56.57:301][  0]LogConfig: Setting CVar [[r.TranslucencyVolumeBlur:1]]
[2020.11.12-00.56.57:301][  0]LogConfig: Setting CVar [[r.MaterialQualityLevel:1 ; High quality]]
[2020.11.12-00.56.57:301][  0]LogConfig: Setting CVar [[r.SSS.Scale:1]]
[2020.11.12-00.56.57:301][  0]LogConfig: Setting CVar [[r.SSS.SampleSet:2]]
[2020.11.12-00.56.57:301][  0]LogConfig: Setting CVar [[r.SSS.Quality:1]]
[2020.11.12-00.56.57:301][  0]LogConfig: Setting CVar [[r.SSS.HalfRes:0]]
[2020.11.12-00.56.57:301][  0]LogConfig: Setting CVar [[r.SSGI.Quality:3]]
[2020.11.12-00.56.57:301][  0]LogConfig: Setting CVar [[r.EmitterSpawnRateScale:1.0]]
[2020.11.12-00.56.57:301][  0]LogConfig: Setting CVar [[r.ParticleLightQuality:2]]
[2020.11.12-00.56.57:301][  0]LogConfig: Setting CVar [[r.SkyAtmosphere.AerialPerspectiveLUT.FastApplyOnOpaque:1 ; Always have FastSkyLUT 1 in this case to avoid wrong sky]]
[2020.11.12-00.56.57:301][  0]LogConfig: Setting CVar [[r.SkyAtmosphere.AerialPerspectiveLUT.SampleCountPerSlice:1]]
[2020.11.12-00.56.57:301][  0]LogConfig: Setting CVar [[r.SkyAtmosphere.AerialPerspectiveLUT.DepthResolution:16.0]]
[2020.11.12-00.56.57:301][  0]LogConfig: Setting CVar [[r.SkyAtmosphere.FastSkyLUT:1]]
[2020.11.12-00.56.57:301][  0]LogConfig: Setting CVar [[r.SkyAtmosphere.FastSkyLUT.SampleCountMin:4.0]]
[2020.11.12-00.56.57:301][  0]LogConfig: Setting CVar [[r.SkyAtmosphere.FastSkyLUT.SampleCountMax:32.0]]
[2020.11.12-00.56.57:301][  0]LogConfig: Setting CVar [[r.SkyAtmosphere.SampleCountMin:4.0]]
[2020.11.12-00.56.57:301][  0]LogConfig: Setting CVar [[r.SkyAtmosphere.SampleCountMax:32.0]]
[2020.11.12-00.56.57:301][  0]LogConfig: Setting CVar [[r.SkyAtmosphere.TransmittanceLUT.UseSmallFormat:0]]
[2020.11.12-00.56.57:301][  0]LogConfig: Setting CVar [[r.SkyAtmosphere.TransmittanceLUT.SampleCount:10.0]]
[2020.11.12-00.56.57:301][  0]LogConfig: Setting CVar [[r.SkyAtmosphere.MultiScatteringLUT.SampleCount:15.0]]
[2020.11.12-00.56.57:301][  0]LogConfig: Applying CVar settings from Section [FoliageQuality@3] File [C:/Users/thecy/Documents/GitHub/Escape/Escape/Saved/Config/Windows/Scalability.ini]
[2020.11.12-00.56.57:301][  0]LogConfig: Setting CVar [[foliage.DensityScale:1.0]]
[2020.11.12-00.56.57:301][  0]LogConfig: Setting CVar [[grass.DensityScale:1.0]]
[2020.11.12-00.56.57:301][  0]LogConfig: Applying CVar settings from Section [ShadingQuality@3] File [C:/Users/thecy/Documents/GitHub/Escape/Escape/Saved/Config/Windows/Scalability.ini]
[2020.11.12-00.56.57:301][  0]LogConfig: Setting CVar [[r.HairStrands.SkyLighting.SampleCount:16]]
[2020.11.12-00.56.57:301][  0]LogConfig: Setting CVar [[r.HairStrands.SkyLighting.JitterIntegration:0]]
[2020.11.12-00.56.57:301][  0]LogConfig: Setting CVar [[r.HairStrands.SkyAO.SampleCount:16]]
[2020.11.12-00.56.57:301][  0]LogConfig: Setting CVar [[r.HairStrands.DeepShadow.SuperSampling:0]]
[2020.11.12-00.56.57:301][  0]LogConfig: Setting CVar [[r.HairStrands.VisibilityPPLL:0]]
[2020.11.12-00.56.57:301][  0]LogConfig: Setting CVar [[r.HairStrands.RasterizationScale:0.5]]
[2020.11.12-00.56.57:301][  0]LogConfig: Setting CVar [[r.HairStrands.VelocityRasterizationScale:1]]
[2020.11.12-00.56.57:302][  0]LogInit: Selected Device Profile: [Windows]
[2020.11.12-00.56.57:302][  0]LogInit: Applying CVar settings loaded from the selected device profile: [Windows]
[2020.11.12-00.56.57:303][  0]LogHAL: Display: Platform has ~ 16 GB [16966279168 / 17179869184 / 16], which maps to Larger [LargestMinGB=32, LargerMinGB=12, DefaultMinGB=8, SmallerMinGB=6, SmallestMinGB=0)
[2020.11.12-00.56.57:303][  0]LogInit: Going up to parent DeviceProfile []
[2020.11.12-00.56.57:304][  0]LogConfig: Applying CVar settings from Section [ViewDistanceQuality@3] File [C:/Users/thecy/Documents/GitHub/Escape/Escape/Saved/Config/Windows/Scalability.ini]
[2020.11.12-00.56.57:304][  0]LogConfig: Setting CVar [[r.SkeletalMeshLODBias:0]]
[2020.11.12-00.56.57:304][  0]LogConfig: Setting CVar [[r.ViewDistanceScale:1.0]]
[2020.11.12-00.56.57:304][  0]LogConfig: Applying CVar settings from Section [AntiAliasingQuality@3] File [C:/Users/thecy/Documents/GitHub/Escape/Escape/Saved/Config/Windows/Scalability.ini]
[2020.11.12-00.56.57:304][  0]LogConfig: Setting CVar [[r.PostProcessAAQuality:4]]
[2020.11.12-00.56.57:304][  0]LogConfig: Applying CVar settings from Section [ShadowQuality@3] File [C:/Users/thecy/Documents/GitHub/Escape/Escape/Saved/Config/Windows/Scalability.ini]
[2020.11.12-00.56.57:304][  0]LogConfig: Setting CVar [[r.LightFunctionQuality:1]]
[2020.11.12-00.56.57:304][  0]LogConfig: Setting CVar [[r.ShadowQuality:5]]
[2020.11.12-00.56.57:304][  0]LogConfig: Setting CVar [[r.Shadow.CSM.MaxCascades:10]]
[2020.11.12-00.56.57:304][  0]LogConfig: Setting CVar [[r.Shadow.MaxResolution:2048]]
[2020.11.12-00.56.57:304][  0]LogConfig: Setting CVar [[r.Shadow.MaxCSMResolution:2048]]
[2020.11.12-00.56.57:304][  0]LogConfig: Setting CVar [[r.Shadow.RadiusThreshold:0.01]]
[2020.11.12-00.56.57:304][  0]LogConfig: Setting CVar [[r.Shadow.DistanceScale:1.0]]
[2020.11.12-00.56.57:304][  0]LogConfig: Setting CVar [[r.Shadow.CSM.TransitionScale:1.0]]
[2020.11.12-00.56.57:304][  0]LogConfig: Setting CVar [[r.Shadow.PreShadowResolutionFactor:1.0]]
[2020.11.12-00.56.57:304][  0]LogConfig: Setting CVar [[r.DistanceFieldShadowing:1]]
[2020.11.12-00.56.57:304][  0]LogConfig: Setting CVar [[r.DistanceFieldAO:1]]
[2020.11.12-00.56.57:304][  0]LogConfig: Setting CVar [[r.AOQuality:2]]
[2020.11.12-00.56.57:304][  0]LogConfig: Setting CVar [[r.VolumetricFog:1]]
[2020.11.12-00.56.57:305][  0]LogConfig: Setting CVar [[r.VolumetricFog.GridPixelSize:8]]
[2020.11.12-00.56.57:305][  0]LogConfig: Setting CVar [[r.VolumetricFog.GridSizeZ:128]]
[2020.11.12-00.56.57:305][  0]LogConfig: Setting CVar [[r.VolumetricFog.HistoryMissSupersampleCount:4]]
[2020.11.12-00.56.57:305][  0]LogConfig: Setting CVar [[r.LightMaxDrawDistanceScale:1]]
[2020.11.12-00.56.57:305][  0]LogConfig: Setting CVar [[r.CapsuleShadows:1]]
[2020.11.12-00.56.57:305][  0]LogConfig: Applying CVar settings from Section [PostProcessQuality@3] File [C:/Users/thecy/Documents/GitHub/Escape/Escape/Saved/Config/Windows/Scalability.ini]
[2020.11.12-00.56.57:305][  0]LogConfig: Setting CVar [[r.MotionBlurQuality:4]]
[2020.11.12-00.56.57:305][  0]LogConfig: Setting CVar [[r.AmbientOcclusionMipLevelFactor:0.4]]
[2020.11.12-00.56.57:305][  0]LogConfig: Setting CVar [[r.AmbientOcclusionMaxQuality:100]]
[2020.11.12-00.56.57:305][  0]LogConfig: Setting CVar [[r.AmbientOcclusionLevels:-1]]
[2020.11.12-00.56.57:305][  0]LogConfig: Setting CVar [[r.AmbientOcclusionRadiusScale:1.0]]
[2020.11.12-00.56.57:305][  0]LogConfig: Setting CVar [[r.DepthOfFieldQuality:2]]
[2020.11.12-00.56.57:305][  0]LogConfig: Setting CVar [[r.RenderTargetPoolMin:400]]
[2020.11.12-00.56.57:305][  0]LogConfig: Setting CVar [[r.LensFlareQuality:2]]
[2020.11.12-00.56.57:305][  0]LogConfig: Setting CVar [[r.SceneColorFringeQuality:1]]
[2020.11.12-00.56.57:305][  0]LogConfig: Setting CVar [[r.EyeAdaptationQuality:2]]
[2020.11.12-00.56.57:305][  0]LogConfig: Setting CVar [[r.BloomQuality:5]]
[2020.11.12-00.56.57:305][  0]LogConfig: Setting CVar [[r.FastBlurThreshold:100]]
[2020.11.12-00.56.57:305][  0]LogConfig: Setting CVar [[r.Upscale.Quality:3]]
[2020.11.12-00.56.57:305][  0]LogConfig: Setting CVar [[r.Tonemapper.GrainQuantization:1]]
[2020.11.12-00.56.57:305][  0]LogConfig: Setting CVar [[r.LightShaftQuality:1]]
[2020.11.12-00.56.57:305][  0]LogConfig: Setting CVar [[r.Filter.SizeScale:1]]
[2020.11.12-00.56.57:305][  0]LogConfig: Setting CVar [[r.Tonemapper.Quality:5]]
[2020.11.12-00.56.57:305][  0]LogConfig: Setting CVar [[r.DOF.Gather.AccumulatorQuality:1        ; higher gathering accumulator quality]]
[2020.11.12-00.56.57:305][  0]LogConfig: Setting CVar [[r.DOF.Gather.PostfilterMethod:1          ; Median3x3 postfilering method]]
[2020.11.12-00.56.57:305][  0]LogConfig: Setting CVar [[r.DOF.Gather.EnableBokehSettings:0       ; no bokeh simulation when gathering]]
[2020.11.12-00.56.57:305][  0]LogConfig: Setting CVar [[r.DOF.Gather.RingCount:4                 ; medium number of samples when gathering]]
[2020.11.12-00.56.57:305][  0]LogConfig: Setting CVar [[r.DOF.Scatter.ForegroundCompositing:1    ; additive foreground scattering]]
[2020.11.12-00.56.57:305][  0]LogConfig: Setting CVar [[r.DOF.Scatter.BackgroundCompositing:2    ; additive background scattering]]
[2020.11.12-00.56.57:305][  0]LogConfig: Setting CVar [[r.DOF.Scatter.EnableBokehSettings:1      ; bokeh simulation when scattering]]
[2020.11.12-00.56.57:305][  0]LogConfig: Setting CVar [[r.DOF.Scatter.MaxSpriteRatio:0.1         ; only a maximum of 10% of scattered bokeh]]
[2020.11.12-00.56.57:305][  0]LogConfig: Setting CVar [[r.DOF.Recombine.Quality:1                ; cheap slight out of focus]]
[2020.11.12-00.56.57:305][  0]LogConfig: Setting CVar [[r.DOF.Recombine.EnableBokehSettings:0    ; no bokeh simulation on slight out of focus]]
[2020.11.12-00.56.57:305][  0]LogConfig: Setting CVar [[r.DOF.TemporalAAQuality:1                ; more stable temporal accumulation]]
[2020.11.12-00.56.57:305][  0]LogConfig: Setting CVar [[r.DOF.Kernel.MaxForegroundRadius:0.025]]
[2020.11.12-00.56.57:305][  0]LogConfig: Setting CVar [[r.DOF.Kernel.MaxBackgroundRadius:0.025]]
[2020.11.12-00.56.57:305][  0]LogConfig: Applying CVar settings from Section [TextureQuality@3] File [C:/Users/thecy/Documents/GitHub/Escape/Escape/Saved/Config/Windows/Scalability.ini]
[2020.11.12-00.56.57:305][  0]LogConfig: Setting CVar [[r.Streaming.MipBias:0]]
[2020.11.12-00.56.57:305][  0]LogConfig: Setting CVar [[r.Streaming.AmortizeCPUToGPUCopy:0]]
[2020.11.12-00.56.57:305][  0]LogConfig: Setting CVar [[r.Streaming.MaxNumTexturesToStreamPerFrame:0]]
[2020.11.12-00.56.57:305][  0]LogConfig: Setting CVar [[r.Streaming.Boost:1]]
[2020.11.12-00.56.57:305][  0]LogConfig: Setting CVar [[r.MaxAnisotropy:8]]
[2020.11.12-00.56.57:306][  0]LogConfig: Setting CVar [[r.VT.MaxAnisotropy:8]]
[2020.11.12-00.56.57:306][  0]LogConfig: Setting CVar [[r.Streaming.LimitPoolSizeToVRAM:0]]
[2020.11.12-00.56.57:306][  0]LogConfig: Setting CVar [[r.Streaming.PoolSize:1000]]
[2020.11.12-00.56.57:306][  0]LogConfig: Setting CVar [[r.Streaming.MaxEffectiveScreenSize:0]]
[2020.11.12-00.56.57:306][  0]LogConfig: Applying CVar settings from Section [EffectsQuality@3] File [C:/Users/thecy/Documents/GitHub/Escape/Escape/Saved/Config/Windows/Scalability.ini]
[2020.11.12-00.56.57:306][  0]LogConfig: Setting CVar [[r.TranslucencyLightingVolumeDim:64]]
[2020.11.12-00.56.57:306][  0]LogConfig: Setting CVar [[r.RefractionQuality:2]]
[2020.11.12-00.56.57:306][  0]LogConfig: Setting CVar [[r.SSR.Quality:3]]
[2020.11.12-00.56.57:306][  0]LogConfig: Setting CVar [[r.SSR.HalfResSceneColor:0]]
[2020.11.12-00.56.57:306][  0]LogConfig: Setting CVar [[r.SceneColorFormat:4]]
[2020.11.12-00.56.57:306][  0]LogConfig: Setting CVar [[r.DetailMode:2]]
[2020.11.12-00.56.57:306][  0]LogConfig: Setting CVar [[r.TranslucencyVolumeBlur:1]]
[2020.11.12-00.56.57:306][  0]LogConfig: Setting CVar [[r.MaterialQualityLevel:1 ; High quality]]
[2020.11.12-00.56.57:306][  0]LogConfig: Setting CVar [[r.SSS.Scale:1]]
[2020.11.12-00.56.57:306][  0]LogConfig: Setting CVar [[r.SSS.SampleSet:2]]
[2020.11.12-00.56.57:306][  0]LogConfig: Setting CVar [[r.SSS.Quality:1]]
[2020.11.12-00.56.57:306][  0]LogConfig: Setting CVar [[r.SSS.HalfRes:0]]
[2020.11.12-00.56.57:306][  0]LogConfig: Setting CVar [[r.SSGI.Quality:3]]
[2020.11.12-00.56.57:306][  0]LogConfig: Setting CVar [[r.EmitterSpawnRateScale:1.0]]
[2020.11.12-00.56.57:306][  0]LogConfig: Setting CVar [[r.ParticleLightQuality:2]]
[2020.11.12-00.56.57:306][  0]LogConfig: Setting CVar [[r.SkyAtmosphere.AerialPerspectiveLUT.FastApplyOnOpaque:1 ; Always have FastSkyLUT 1 in this case to avoid wrong sky]]
[2020.11.12-00.56.57:306][  0]LogConfig: Setting CVar [[r.SkyAtmosphere.AerialPerspectiveLUT.SampleCountPerSlice:1]]
[2020.11.12-00.56.57:306][  0]LogConfig: Setting CVar [[r.SkyAtmosphere.AerialPerspectiveLUT.DepthResolution:16.0]]
[2020.11.12-00.56.57:306][  0]LogConfig: Setting CVar [[r.SkyAtmosphere.FastSkyLUT:1]]
[2020.11.12-00.56.57:306][  0]LogConfig: Setting CVar [[r.SkyAtmosphere.FastSkyLUT.SampleCountMin:4.0]]
[2020.11.12-00.56.57:306][  0]LogConfig: Setting CVar [[r.SkyAtmosphere.FastSkyLUT.SampleCountMax:32.0]]
[2020.11.12-00.56.57:306][  0]LogConfig: Setting CVar [[r.SkyAtmosphere.SampleCountMin:4.0]]
[2020.11.12-00.56.57:306][  0]LogConfig: Setting CVar [[r.SkyAtmosphere.SampleCountMax:32.0]]
[2020.11.12-00.56.57:306][  0]LogConfig: Setting CVar [[r.SkyAtmosphere.TransmittanceLUT.UseSmallFormat:0]]
[2020.11.12-00.56.57:306][  0]LogConfig: Setting CVar [[r.SkyAtmosphere.TransmittanceLUT.SampleCount:10.0]]
[2020.11.12-00.56.57:306][  0]LogConfig: Setting CVar [[r.SkyAtmosphere.MultiScatteringLUT.SampleCount:15.0]]
[2020.11.12-00.56.57:306][  0]LogConfig: Applying CVar settings from Section [FoliageQuality@3] File [C:/Users/thecy/Documents/GitHub/Escape/Escape/Saved/Config/Windows/Scalability.ini]
[2020.11.12-00.56.57:306][  0]LogConfig: Setting CVar [[foliage.DensityScale:1.0]]
[2020.11.12-00.56.57:306][  0]LogConfig: Setting CVar [[grass.DensityScale:1.0]]
[2020.11.12-00.56.57:306][  0]LogConfig: Applying CVar settings from Section [ShadingQuality@3] File [C:/Users/thecy/Documents/GitHub/Escape/Escape/Saved/Config/Windows/Scalability.ini]
[2020.11.12-00.56.57:306][  0]LogConfig: Setting CVar [[r.HairStrands.SkyLighting.SampleCount:16]]
[2020.11.12-00.56.57:306][  0]LogConfig: Setting CVar [[r.HairStrands.SkyLighting.JitterIntegration:0]]
[2020.11.12-00.56.57:306][  0]LogConfig: Setting CVar [[r.HairStrands.SkyAO.SampleCount:16]]
[2020.11.12-00.56.57:306][  0]LogConfig: Setting CVar [[r.HairStrands.DeepShadow.SuperSampling:0]]
[2020.11.12-00.56.57:306][  0]LogConfig: Setting CVar [[r.HairStrands.VisibilityPPLL:0]]
[2020.11.12-00.56.57:306][  0]LogConfig: Setting CVar [[r.HairStrands.RasterizationScale:0.5]]
[2020.11.12-00.56.57:306][  0]LogConfig: Setting CVar [[r.HairStrands.VelocityRasterizationScale:1]]
[2020.11.12-00.56.57:306][  0]LogConfig: Applying CVar settings from Section [Startup] File [../../../Engine/Config/ConsoleVariables.ini]
[2020.11.12-00.56.57:317][  0]LogConfig: Setting CVar [[net.UseAdaptiveNetUpdateFrequency:0]]
[2020.11.12-00.56.57:317][  0]LogConfig: Setting CVar [[p.chaos.AllowCreatePhysxBodies:1]]
[2020.11.12-00.56.57:317][  0]LogConfig: Setting CVar [[fx.SkipVectorVMBackendOptimizations:1]]
[2020.11.12-00.56.57:317][  0]LogConfig: Applying CVar settings from Section [ConsoleVariables] File [C:/Users/thecy/Documents/GitHub/Escape/Escape/Saved/Config/Windows/Engine.ini]
[2020.11.12-00.56.57:317][  0]LogInit: Computer: DESKTOP-7BFASC5
[2020.11.12-00.56.57:317][  0]LogInit: User: thecy
[2020.11.12-00.56.57:317][  0]LogInit: CPU Page size=4096, Cores=6
[2020.11.12-00.56.57:317][  0]LogInit: High frequency timer resolution =10.000000 MHz
[2020.11.12-00.56.57:317][  0]LogMemory: Memory total: Physical=15.8GB (16GB approx)
[2020.11.12-00.56.57:317][  0]LogMemory: Platform Memory Stats for Windows
[2020.11.12-00.56.57:317][  0]LogMemory: Process Physical Memory: 118.32 MB used, 118.33 MB peak
[2020.11.12-00.56.57:317][  0]LogMemory: Process Virtual Memory: 97.25 MB used, 97.25 MB peak
[2020.11.12-00.56.57:317][  0]LogMemory: Physical Memory: 8515.71 MB used,  7664.60 MB free, 16180.30 MB total
[2020.11.12-00.56.57:317][  0]LogMemory: Virtual Memory: 5165.46 MB used,  134212560.00 MB free, 134217728.00 MB total
[2020.11.12-00.56.57:984][  0]LogWindows: WindowsPlatformFeatures enabled
[2020.11.12-00.56.58:398][  0]LogInit: Physics initialised using underlying interface: PhysX
[2020.11.12-00.56.58:402][  0]LogInit: Using OS detected language (en-US).
[2020.11.12-00.56.58:402][  0]LogInit: Using OS detected locale (en-US).
[2020.11.12-00.56.58:427][  0]LogTextLocalizationManager: No specific localization for 'en-US' exists, so the 'en' localization will be used.
[2020.11.12-00.56.59:002][  0]LogInit: Setting process to per monitor DPI aware
[2020.11.12-00.56.59:176][  0]LogSlate: New Slate User Created.  User Index 0, Is Virtual User: 0
[2020.11.12-00.56.59:176][  0]LogSlate: Slate User Registered.  User Index 0, Is Virtual User: 0
[2020.11.12-00.57.05:031][  0]LogHMD: Failed to initialize OpenVR with code 110
[2020.11.12-00.57.05:031][  0]LogD3D11RHI: D3D11 min allowed feature level: 11_0
[2020.11.12-00.57.05:031][  0]LogD3D11RHI: D3D11 max allowed feature level: 11_0
[2020.11.12-00.57.05:031][  0]LogD3D11RHI: D3D11 adapters:
[2020.11.12-00.57.05:310][  0]LogD3D11RHI:    0. 'NVIDIA GeForce RTX 2070 with Max-Q Design' (Feature Level 11_0)
[2020.11.12-00.57.05:310][  0]LogD3D11RHI:       8031/0/8090 MB DedicatedVideo/DedicatedSystem/SharedSystem, Outputs:1, VendorId:0x10de
[2020.11.12-00.57.05:376][  0]LogD3D11RHI:    1. 'Intel(R) UHD Graphics 630' (Feature Level 11_0)
[2020.11.12-00.57.05:376][  0]LogD3D11RHI:       128/0/8090 MB DedicatedVideo/DedicatedSystem/SharedSystem, Outputs:0, VendorId:0x8086
[2020.11.12-00.57.05:384][  0]LogD3D11RHI:    2. 'Microsoft Basic Render Driver' (Feature Level 11_0)
[2020.11.12-00.57.05:385][  0]LogD3D11RHI:       0/0/8090 MB DedicatedVideo/DedicatedSystem/SharedSystem, Outputs:0, VendorId:0x1414
[2020.11.12-00.57.05:385][  0]LogD3D11RHI: Chosen D3D11 Adapter: 0
[2020.11.12-00.57.05:467][  0]LogD3D11RHI: Creating new Direct3DDevice
[2020.11.12-00.57.05:468][  0]LogD3D11RHI:     GPU DeviceId: 0x1f10 (for the marketing name, search the web for "GPU Device Id")
[2020.11.12-00.57.05:468][  0]LogWindows: EnumDisplayDevices:
[2020.11.12-00.57.05:468][  0]LogWindows:    0. 'Intel(R) UHD Graphics 630' (P:1 D:1)
[2020.11.12-00.57.05:469][  0]LogWindows:    1. 'Intel(R) UHD Graphics 630' (P:0 D:0)
[2020.11.12-00.57.05:469][  0]LogWindows:    2. 'Intel(R) UHD Graphics 630' (P:0 D:0)
[2020.11.12-00.57.05:469][  0]LogWindows:    3. 'NVIDIA GeForce RTX 2070 with Max-Q Design' (P:0 D:0)
[2020.11.12-00.57.05:470][  0]LogWindows:    4. 'NVIDIA GeForce RTX 2070 with Max-Q Design' (P:0 D:0)
[2020.11.12-00.57.05:470][  0]LogWindows:    5. 'NVIDIA GeForce RTX 2070 with Max-Q Design' (P:0 D:0)
[2020.11.12-00.57.05:471][  0]LogWindows:    6. 'NVIDIA GeForce RTX 2070 with Max-Q Design' (P:0 D:0)
[2020.11.12-00.57.05:471][  0]LogWindows: DebugString: PrimaryIsNotTheChoosenAdapter PrimaryIsNotTheChoosenAdapter PrimaryIsNotTheChoosenAdapter FoundDriverCount:4 
[2020.11.12-00.57.05:471][  0]LogD3D11RHI:     Adapter Name: NVIDIA GeForce RTX 2070 with Max-Q Design
[2020.11.12-00.57.05:471][  0]LogD3D11RHI:   Driver Version: 442.23 (internal:26.21.14.4223, unified:442.23)
[2020.11.12-00.57.05:471][  0]LogD3D11RHI:      Driver Date: 1-31-2020
[2020.11.12-00.57.05:472][  0]LogRHI: Texture pool is 5621 MB (70% of 8031 MB)
[2020.11.12-00.57.05:574][  0]LogD3D11RHI: RHI has support for 64 bit atomics
[2020.11.12-00.57.05:581][  0]LogD3D11RHI: [Aftermath] Enabled and primed
[2020.11.12-00.57.05:582][  0]LogD3D11RHI: Async texture creation enabled
[2020.11.12-00.57.05:582][  0]LogD3D11RHI: Array index from any shader is supported
[2020.11.12-00.57.05:648][  0]LogD3D11RHI: GPU Timing Frequency: 1000.000000 (Debug: 2 1)
[2020.11.12-00.57.06:822][  0]LogTargetPlatformManager: Display: Loaded TargetPlatform 'AllDesktop'
[2020.11.12-00.57.06:868][  0]LogTargetPlatformManager: Display: Loaded TargetPlatform 'Android'
[2020.11.12-00.57.06:868][  0]LogTargetPlatformManager: Display: Loaded TargetPlatform 'Android_ASTC'
[2020.11.12-00.57.06:868][  0]LogTargetPlatformManager: Display: Loaded TargetPlatform 'Android_DXT'
[2020.11.12-00.57.06:868][  0]LogTargetPlatformManager: Display: Loaded TargetPlatform 'Android_ETC2'
[2020.11.12-00.57.06:868][  0]LogTargetPlatformManager: Display: Loaded TargetPlatform 'AndroidClient'
[2020.11.12-00.57.06:868][  0]LogTargetPlatformManager: Display: Loaded TargetPlatform 'Android_ASTCClient'
[2020.11.12-00.57.06:868][  0]LogTargetPlatformManager: Display: Loaded TargetPlatform 'Android_DXTClient'
[2020.11.12-00.57.06:868][  0]LogTargetPlatformManager: Display: Loaded TargetPlatform 'Android_ETC2Client'
[2020.11.12-00.57.06:868][  0]LogTargetPlatformManager: Display: Loaded TargetPlatform 'Android_Multi'
[2020.11.12-00.57.06:868][  0]LogTargetPlatformManager: Display: Loaded TargetPlatform 'Android_MultiClient'
[2020.11.12-00.57.06:946][  0]LogTargetPlatformManager: Display: Loaded TargetPlatform 'IOSClient'
[2020.11.12-00.57.06:946][  0]LogTargetPlatformManager: Display: Loaded TargetPlatform 'IOS'
[2020.11.12-00.57.06:986][  0]LogTargetPlatformManager: Display: Loaded TargetPlatform 'Linux'
[2020.11.12-00.57.07:005][  0]LogTargetPlatformManager: Display: Loaded TargetPlatform 'LinuxNoEditor'
[2020.11.12-00.57.07:024][  0]LogTargetPlatformManager: Display: Loaded TargetPlatform 'LinuxClient'
[2020.11.12-00.57.07:044][  0]LogTargetPlatformManager: Display: Loaded TargetPlatform 'LinuxServer'
[2020.11.12-00.57.07:064][  0]LogTargetPlatformManager: Display: Loaded TargetPlatform 'LinuxAArch64NoEditor'
[2020.11.12-00.57.07:083][  0]LogTargetPlatformManager: Display: Loaded TargetPlatform 'LinuxAArch64Client'
[2020.11.12-00.57.07:104][  0]LogTargetPlatformManager: Display: Loaded TargetPlatform 'LinuxAArch64Server'
[2020.11.12-00.57.07:162][  0]LogTargetPlatformManager: Display: Loaded TargetPlatform 'Lumin'
[2020.11.12-00.57.07:162][  0]LogTargetPlatformManager: Display: Loaded TargetPlatform 'LuminClient'
[2020.11.12-00.57.07:193][  0]LogTargetPlatformManager: Display: Loaded TargetPlatform 'TVOSClient'
[2020.11.12-00.57.07:193][  0]LogTargetPlatformManager: Display: Loaded TargetPlatform 'TVOS'
[2020.11.12-00.57.07:214][  0]LogTargetPlatformManager: Display: Loaded TargetPlatform 'WindowsNoEditor'
[2020.11.12-00.57.07:236][  0]LogTargetPlatformManager: Display: Loaded TargetPlatform 'Windows'
[2020.11.12-00.57.07:255][  0]LogTargetPlatformManager: Display: Loaded TargetPlatform 'WindowsClient'
[2020.11.12-00.57.07:274][  0]LogTargetPlatformManager: Display: Loaded TargetPlatform 'WindowsServer'
[2020.11.12-00.57.07:274][  0]LogTargetPlatformManager: Display: Building Assets For Windows
[2020.11.12-00.57.07:377][  0]LogAudioDebug: Display: Lib vorbis DLL was dynamically loaded.
[2020.11.12-00.57.07:608][  0]LogShaderCompilers: Guid format shader working directory is -15 characters bigger than the processId version (../../../../../../Users/thecy/Documents/GitHub/Escape/Escape/Intermediate/Shaders/WorkingDirectory/29196/).
[2020.11.12-00.57.07:608][  0]LogShaderCompilers: Cleaned the shader compiler working directory 'C:/Users/thecy/AppData/Local/Temp/UnrealShaderWorkingDir/012FE52E4EC5A1005FD0638665591604/'.
[2020.11.12-00.57.07:611][  0]LogXGEController: Cleaning working directory: C:/Users/thecy/AppData/Local/Temp/UnrealXGEWorkingDir/
[2020.11.12-00.57.07:611][  0]LogXGEController: Cannot use XGE Controller as Incredibuild is not installed on this machine.
[2020.11.12-00.57.07:611][  0]LogShaderCompilers: Cannot use XGE Shader Compiler as Incredibuild is not installed on this machine.
[2020.11.12-00.57.07:611][  0]LogShaderCompilers: Display: Using Local Shader Compiler.
[2020.11.12-00.57.14:107][  0]LogDerivedDataCache: Display: Max Cache Size: 512 MB
[2020.11.12-00.57.14:269][  0]LogDerivedDataCache: Loaded boot cache 0.16s 75MB C:/Users/thecy/AppData/Local/UnrealEngine/4.25/DerivedDataCache/Boot.ddc.
[2020.11.12-00.57.14:269][  0]LogDerivedDataCache: Display: Loaded Boot cache: C:/Users/thecy/AppData/Local/UnrealEngine/4.25/DerivedDataCache/Boot.ddc
[2020.11.12-00.57.14:270][  0]LogDerivedDataCache: FDerivedDataBackendGraph:  Pak pak cache file ../../../../../../Users/thecy/Documents/GitHub/Escape/Escape/DerivedDataCache/DDC.ddp not found, will not use a pak cache.
[2020.11.12-00.57.14:270][  0]LogDerivedDataCache: Unable to find inner node Pak for hierarchical cache Hierarchy.
[2020.11.12-00.57.14:270][  0]LogDerivedDataCache: FDerivedDataBackendGraph:  CompressedPak pak cache file ../../../../../../Users/thecy/Documents/GitHub/Escape/Escape/DerivedDataCache/Compressed.ddp not found, will not use a pak cache.
[2020.11.12-00.57.14:270][  0]LogDerivedDataCache: Unable to find inner node CompressedPak for hierarchical cache Hierarchy.
[2020.11.12-00.57.14:306][  0]LogDerivedDataCache: Display: Pak cache opened for reading ../../../Engine/DerivedDataCache/Compressed.ddp.
[2020.11.12-00.57.14:306][  0]LogDerivedDataCache: FDerivedDataBackendGraph:  EnterprisePak pak cache file ../../../Enterprise/DerivedDataCache/Compressed.ddp not found, will not use a pak cache.
[2020.11.12-00.57.14:306][  0]LogDerivedDataCache: Unable to find inner node EnterprisePak for hierarchical cache Hierarchy.
[2020.11.12-00.57.14:307][  0]LogDerivedDataCache: Using Local data cache path C:/Users/thecy/AppData/Local/UnrealEngine/Common/DerivedDataCache: Writable
[2020.11.12-00.57.14:307][  0]LogDerivedDataCache: Shared data cache path not found in *engine.ini, will not use an Shared cache.
[2020.11.12-00.57.14:308][  0]LogDerivedDataCache: Unable to find inner node Shared for hierarchical cache Hierarchy.
[2020.11.12-00.57.14:414][  0]LogSlate: Using FreeType 2.10.0
[2020.11.12-00.57.14:451][  0]LogSlate: SlateFontServices - WITH_FREETYPE: 1, WITH_HARFBUZZ: 1
[2020.11.12-00.57.14:511][  0]LogAssetRegistry: FAssetRegistry took 0.0061 seconds to start up
[2020.11.12-00.57.15:080][  0]LogInit: Selected Device Profile: [Windows]
[2020.11.12-00.57.15:570][  0]LogMeshReduction: Using QuadricMeshReduction for automatic static mesh reduction
[2020.11.12-00.57.15:570][  0]LogMeshReduction: Using SimplygonMeshReduction for automatic skeletal mesh reduction
[2020.11.12-00.57.15:570][  0]LogMeshReduction: Using ProxyLODMeshReduction for automatic mesh merging
[2020.11.12-00.57.15:570][  0]LogMeshReduction: No distributed automatic mesh merging module available
[2020.11.12-00.57.15:571][  0]LogMeshMerging: No distributed automatic mesh merging module available
[2020.11.12-00.57.15:679][  0]LogNetVersion: Escape 1.0.0, NetCL: 13144385, EngineNetVer: 14, GameNetVer: 0 (Checksum: 3712058826)
[2020.11.12-00.57.18:153][  0]LogAISub: UAISubsystem::UAISubsystem AISubsystem (00000171019A6880), frame # 0
[2020.11.12-00.57.18:153][  0]LogAISub: UAISubsystem::UAISubsystem AIPerceptionSystem (000001710183AAC0), frame # 0
[2020.11.12-00.57.18:160][  0]LogAISub: UAISubsystem::UAISubsystem EnvQueryManager (000001710187DC00), frame # 0
[2020.11.12-00.57.18:348][  0]LogPackageLocalizationCache: Processed 19 localized package path(s) for 1 prioritized culture(s) in 0.125716 seconds
[2020.11.12-00.57.18:358][  0]LogUObjectArray: 15913 objects as part of root set at end of initial load.
[2020.11.12-00.57.18:359][  0]LogUObjectAllocator: 3964304 out of 0 bytes used by permanent object pool.
[2020.11.12-00.57.18:359][  0]LogUObjectArray: CloseDisregardForGC: 0/0 objects in disregard for GC pool
[2020.11.12-00.57.19:796][  0]LogTcpMessaging: Initializing TcpMessaging bridge
[2020.11.12-00.57.19:810][  0]LogUdpMessaging: Initializing bridge on interface 0.0.0.0:0 to multicast group 230.0.0.1:6666.
[2020.11.12-00.57.20:086][  0]SourceControl: Source control is disabled
[2020.11.12-00.57.20:088][  0]SourceControl: Source control is disabled
[2020.11.12-00.57.20:103][  0]SourceControl: Source control is disabled
[2020.11.12-00.57.20:116][  0]SourceControl: Source control is disabled
[2020.11.12-00.57.20:136][  0]SourceControl: Source control is disabled
[2020.11.12-00.57.20:165][  0]LogVSAccessor: Display: Unable to create Visual Studio setup instance: 80040154
[2020.11.12-00.57.20:167][  0]LogVSAccessor: Display: Unable to create Visual Studio setup instance: 80040154
[2020.11.12-00.57.20:858][  0]LogAndroidPermission: UAndroidPermissionCallbackProxy::GetInstance
[2020.11.12-00.57.20:910][  0]LogAudioCaptureCore: Display: No Audio Capture implementations found. Audio input will be silent.
[2020.11.12-00.57.20:910][  0]LogAudioCaptureCore: Display: No Audio Capture implementations found. Audio input will be silent.
[2020.11.12-00.57.21:091][  0]LogOcInput: OculusInput pre-init called
[2020.11.12-00.57.21:120][  0]LogWindows: Failed to load 'OVRPlugin.dll' (GetLastError=126)
[2020.11.12-00.57.21:120][  0]LogWindows: File 'OVRPlugin.dll' does not exist
[2020.11.12-00.57.21:351][  0]LogEngine: Initializing Engine...
[2020.11.12-00.57.21:358][  0]LogHMD: Failed to initialize OpenVR with code 110
[2020.11.12-00.57.21:358][  0]LogMagicLeap: Warning: VR disabled because ZI is not enabled.  To enable, in the editor, Edit -> Project Settings -> Plugins -> Magic Leap Plugin -> Enable Zero Iteration
[2020.11.12-00.57.21:362][  0]LogStats: UGameplayTagsManager::InitializeManager -  0.002 s
[2020.11.12-00.57.21:625][  0]LogInit: Initializing FReadOnlyCVARCache
[2020.11.12-00.57.21:714][  0]LogAIModule: Creating AISystem for world Untitled
[2020.11.12-00.57.21:714][  0]LogAISub: UAISubsystem::UAISubsystem EnvQueryManager (0000017107927C00), frame # 0
[2020.11.12-00.57.21:714][  0]LogAISub: UAISubsystem::UAISubsystem AIPerceptionSystem (000001710796ED40), frame # 0
[2020.11.12-00.57.21:744][  0]LogAudioMixer: Display: Audio Mixer Platform Settings:
[2020.11.12-00.57.21:744][  0]LogAudioMixer: Display: 	Sample Rate:						  48000
[2020.11.12-00.57.21:744][  0]LogAudioMixer: Display: 	Callback Buffer Frame Size Requested: 1024
[2020.11.12-00.57.21:744][  0]LogAudioMixer: Display: 	Callback Buffer Frame Size To Use:	  1024
[2020.11.12-00.57.21:744][  0]LogAudioMixer: Display: 	Number of buffers to queue:			  2
[2020.11.12-00.57.21:744][  0]LogAudioMixer: Display: 	Max Channels (voices):				  32
[2020.11.12-00.57.21:744][  0]LogAudioMixer: Display: 	Number of Async Source Workers:		  0
[2020.11.12-00.57.21:744][  0]LogAudio: Display: AudioDevice MaxSources: 32
[2020.11.12-00.57.21:747][  0]LogAudio: Display: Using built-in audio occlusion.
[2020.11.12-00.57.21:748][  0]LogAudioMixer: Display: Initializing audio mixer.
[2020.11.12-00.57.22:007][  0]LogAudioMixer: Display: 0: FrontLeft
[2020.11.12-00.57.22:007][  0]LogAudioMixer: Display: 1: FrontRight
[2020.11.12-00.57.22:007][  0]LogAudioMixer: Display: 2: FrontCenter
[2020.11.12-00.57.22:007][  0]LogAudioMixer: Display: 3: LowFrequency
[2020.11.12-00.57.22:007][  0]LogAudioMixer: Display: 4: BackLeft
[2020.11.12-00.57.22:007][  0]LogAudioMixer: Display: 5: BackRight
[2020.11.12-00.57.22:007][  0]LogAudioMixer: Display: 6: SideLeft
[2020.11.12-00.57.22:007][  0]LogAudioMixer: Display: 7: SideRight
[2020.11.12-00.57.22:728][  0]LogAudioMixer: Display: Using Audio Device Speakers/Headphones (Realtek(R) Audio)
[2020.11.12-00.57.22:736][  0]LogAudioMixer: Display: Initializing Sound Submixes...
[2020.11.12-00.57.22:741][  0]LogAudioMixer: Display: Creating Master Submix 'MasterSubmixDefault'
[2020.11.12-00.57.22:741][  0]LogAudioMixer: Display: Creating Master Submix 'MasterReverbSubmixDefault'
[2020.11.12-00.57.22:743][  0]LogAudioMixer: Display: Creating Master Submix 'MasterEQSubmixDefault'
[2020.11.12-00.57.22:746][  0]LogInit: FAudioDevice initialized.
[2020.11.12-00.57.22:747][  0]LogNetVersion: Set ProjectVersion to 1.0.0.0. Version Checksum will be recalculated on next use.
[2020.11.12-00.57.22:876][  0]LogDerivedDataCache: Saved boot cache 0.13s 75MB C:/Users/thecy/AppData/Local/UnrealEngine/4.25/DerivedDataCache/Boot.ddc.
[2020.11.12-00.57.22:882][  0]LogInit: Texture streaming: Enabled
[2020.11.12-00.57.22:945][  0]LogEngineSessionManager: EngineSessionManager initialized
[2020.11.12-00.57.22:945][  0]LogEditorSessionSummary: Verbose: Initializing EditorSessionSummaryWriter for editor session tracking
[2020.11.12-00.57.22:950][  0]LogEditorSessionSummary: EditorSessionSummaryWriter initialized
[2020.11.12-00.57.23:092][  0]LogInit: Transaction tracking system initialized
[2020.11.12-00.57.23:165][  0]BlueprintLog: New page: Editor Load
[2020.11.12-00.57.23:424][  0]LocalizationService: Localization service is disabled
[2020.11.12-00.57.23:691][  0]LogVSAccessor: Display: Unable to create Visual Studio setup instance: 80040154
[2020.11.12-00.57.23:692][  0]LogVSAccessor: Display: Unable to create Visual Studio setup instance: 80040154
[2020.11.12-00.57.23:920][  0]LogCook: Display: Max memory allowance for cook 16384mb min free memory 0mb
[2020.11.12-00.57.23:921][  0]LogCook: Display: Mobile HDR setting 1
[2020.11.12-00.57.24:301][  0]LogFileCache: Scanning file cache for directory 'C:/Users/thecy/Documents/GitHub/Escape/Escape/Content/' took 0.05s
[2020.11.12-00.57.24:738][  0]SourceControl: Source control is disabled
[2020.11.12-00.57.24:739][  0]LogUnrealEdMisc: Loading editor; pre map load, took 37.374
[2020.11.12-00.57.24:757][  0]Cmd: MAP LOAD FILE="../../../../../../Users/thecy/Documents/GitHub/Escape/Escape/Content/ThirdPersonBP/Maps/ThirdPersonExampleMap.umap" TEMPLATE=0 SHOWPROGRESS=1 FEATURELEVEL=3
[2020.11.12-00.57.24:769][  0]LightingResults: New page: Lighting Build
[2020.11.12-00.57.24:779][  0]LogWorld: UWorld::CleanupWorld for Untitled, bSessionEnded=true, bCleanupResources=true
[2020.11.12-00.57.24:781][  0]LogSlate: InvalidateAllWidgets triggered.  All widgets were invalidated
[2020.11.12-00.57.24:783][  0]MapCheck: New page: Map Check
[2020.11.12-00.57.24:783][  0]LightingResults: New page: Lighting Build
[2020.11.12-00.57.24:831][  0]LogAISub: UAISubsystem::~UAISubsystem EnvQueryManager (0000017107927C00), frame # 0
[2020.11.12-00.57.24:831][  0]LogAISub: UAISubsystem::~UAISubsystem AIPerceptionSystem (000001710796ED40), frame # 0
[2020.11.12-00.57.24:833][  0]LogUObjectHash: Compacting FUObjectHashTables data took   1.43ms
[2020.11.12-00.57.41:687][  0]LogTexture: Display: Building textures: HQ_Lightmap0_5 (AutoDXT, 1024X1024)
[2020.11.12-00.57.41:687][  0]LogTexture: Display: Building textures: T_Pipes_A_N_normals (BC5, 2048X2048)
[2020.11.12-00.57.41:687][  0]LogTexture: Display: Building textures: HQ_Lightmap0_4 (AutoDXT, 1024X1024)
[2020.11.12-00.57.41:687][  0]LogAnimationCompression: Building Anim DDC data for AnimSequence /Game/Michelle/Michelle_Jump.Michelle_Jump
[2020.11.12-00.57.41:687][  0]LogAnimationCompression: Building Anim DDC data for AnimSequence /Game/Michelle/Michelle_Fall.Michelle_Fall
[2020.11.12-00.57.41:687][  0]LogTexture: Display: Building textures: T_Trims_A_ML (AutoDXT, 4096X4096)
[2020.11.12-00.57.41:687][  0]LogTexture: Display: Building textures: T_Trims_A_normals (BC5, 4096X4096)
[2020.11.12-00.57.41:687][  0]LogTexture: Display: Building textures: T_Metal_Brushed_M (AutoDXT, 2048X2048)
[2020.11.12-00.57.41:687][  0]LogTexture: Display: Building textures: T_Pipes_A_Diff (AutoDXT, 2048X2048)
[2020.11.12-00.57.41:687][  0]LogTexture: Display: Building textures: T_Metal_Brushed_N (BC5, 2048X2048)
[2020.11.12-00.57.41:687][  0]LogTexture: Display: Building textures: T_Trims_A_M (AutoDXT, 4096X4096)
[2020.11.12-00.57.41:687][  0]LogTexture: Display: Building textures: HQ_Lightmap0_6 (AutoDXT, 1024X1024)
[2020.11.12-00.57.41:687][  0]LogTexture: Display: Building textures: T_Trims_A_diff (AutoDXT, 4096X4096)
[2020.11.12-00.57.41:687][  0]LogTexture: Display: Building textures: HQ_Lightmap0_7 (AutoDXT, 1024X1024)
[2020.11.12-00.57.41:687][  0]LogTexture: Display: Building textures: HQ_Lightmap0_8 (AutoDXT, 64X64)
[2020.11.12-00.57.41:687][  0]LogTexture: Display: Building textures: HQ_Lightmap1_1 (AutoDXT, 1024X1024)
[2020.11.12-00.57.41:687][  0]LogTexture: Display: Building textures: HQ_Lightmap1_2 (AutoDXT, 1024X1024)
[2020.11.12-00.57.41:687][  0]LogTexture: Display: Building textures: HQ_Lightmap1_3 (AutoDXT, 1024X1024)
[2020.11.12-00.57.41:687][  0]LogTexture: Display: Building textures: LQ_Lightmap_0_4 (DXT1, 1024X1024)
[2020.11.12-00.57.41:687][  0]LogTexture: Display: Building textures: LQ_Lightmap_0_5 (DXT1, 1024X1024)
[2020.11.12-00.57.41:688][  0]LogTexture: Display: Building textures: LQ_Lightmap_0_6 (DXT1, 1024X1024)
[2020.11.12-00.57.41:688][  0]LogTexture: Display: Building textures: LQ_Lightmap_0_7 (DXT1, 1024X1024)
[2020.11.12-00.57.41:688][  0]LogTexture: Display: Building textures: LQ_Lightmap_0_8 (DXT1, 64X64)
[2020.11.12-00.57.41:688][  0]LogTexture: Display: Building textures: LQ_Lightmap_1_1 (DXT1, 1024X1024)
[2020.11.12-00.57.41:688][  0]LogTexture: Display: Building textures: LQ_Lightmap_1_2 (DXT1, 1024X1024)
[2020.11.12-00.57.41:688][  0]LogTexture: Display: Building textures: LQ_Lightmap_1_3 (DXT1, 1024X1024)
[2020.11.12-00.57.41:688][  0]LogTexture: Display: Building textures: SkyOcclusion0_4 (AutoDXT, 1024X512)
[2020.11.12-00.57.41:688][  0]LogTexture: Display: Building textures: SkyOcclusion0_5 (AutoDXT, 1024X512)
[2020.11.12-00.57.41:688][  0]LogTexture: Display: Building textures: SkyOcclusion0_6 (AutoDXT, 1024X512)
[2020.11.12-00.57.41:688][  0]LogTexture: Display: Building textures: SkyOcclusion0_7 (AutoDXT, 1024X512)
[2020.11.12-00.57.41:688][  0]LogTexture: Display: Building textures: SkyOcclusion0_8 (AutoDXT, 64X32)
[2020.11.12-00.57.41:688][  0]LogTexture: Display: Building textures: SkyOcclusion1_2 (AutoDXT, 1024X512)
[2020.11.12-00.57.41:688][  0]LogTexture: Display: Building textures: SkyOcclusion1_1 (AutoDXT, 1024X512)
[2020.11.12-00.57.41:688][  0]LogTexture: Display: Building textures: SkyOcclusion1_3 (AutoDXT, 1024X512)
[2020.11.12-00.57.41:688][  0]LogTexture: Display: Building textures: ShadowMapTexture2D_2 (BGRA8, 1024X1024)
[2020.11.12-00.57.41:688][  0]LogTexture: Display: Building textures: ShadowMapTexture2D_3 (BGRA8, 1024X1024)
[2020.11.12-00.57.41:688][  0]LogTexture: Display: Building textures: ShadowMapTexture2D_4 (BGRA8, 1024X1024)
[2020.11.12-00.57.41:688][  0]LogTexture: Display: Building textures: ShadowMapTexture2D_5 (BGRA8, 1024X512)
[2020.11.12-00.57.41:688][  0]LogTexture: Display: Building textures: ShadowMapTexture2D_6 (G8, 32X32)
[2020.11.12-00.57.41:688][  0]LogTexture: Display: Building textures: Ch03_1001_Specular (AutoDXT, 4096X4096)
[2020.11.12-00.57.41:688][  0]LogTexture: Display: Building textures: Ch03_1001_Glossiness (AutoDXT, 4096X4096)
[2020.11.12-00.57.41:688][  0]LogTexture: Display: Building textures: T_Trims_B_normals (BC5, 4096X4096)
[2020.11.12-00.57.41:688][  0]LogTexture: Display: Building textures: T_Trims_B_ML (AutoDXT, 4096X4096)
[2020.11.12-00.57.41:689][  0]LogTexture: Display: Building textures: Ch03_1001_Diffuse (AutoDXT, 4096X4096)
[2020.11.12-00.57.41:689][  0]LogTexture: Display: Building textures: Ch03_1001_Normal (BC5, 4096X4096)
[2020.11.12-00.57.41:689][  0]LogTexture: Display: Building textures: T_Trims_B_Diff (AutoDXT, 4096X4096)
[2020.11.12-00.57.41:689][  0]LogMaterial: Display: Missing cached shader map for material M_Base_3C, compiling. 
[2020.11.12-00.57.42:142][  0]LogShaderCompilers: Display: Worker (1/9): shaders left to compile 24
[2020.11.12-00.57.42:142][  0]LogShaderCompilers: Display: Worker (2/9): shaders left to compile 21
[2020.11.12-00.57.42:142][  0]LogShaderCompilers: Display: Worker (3/9): shaders left to compile 18
[2020.11.12-00.57.42:142][  0]LogShaderCompilers: Display: Worker (4/9): shaders left to compile 15
[2020.11.12-00.57.42:142][  0]LogShaderCompilers: Display: Worker (5/9): shaders left to compile 12
[2020.11.12-00.57.42:142][  0]LogShaderCompilers: Display: Worker (6/9): shaders left to compile 9
[2020.11.12-00.57.42:142][  0]LogShaderCompilers: Display: Worker (7/9): shaders left to compile 6
[2020.11.12-00.57.42:142][  0]LogShaderCompilers: Display: Worker (8/9): shaders left to compile 3
[2020.11.12-00.57.42:143][  0]LogMaterial: Display: Missing cached shader map for material M_Base_Pipes, compiling. 
[2020.11.12-00.57.42:466][  0]LogShaderCompilers: Display: Worker (9/9): shaders left to compile 48
[2020.11.12-00.57.42:482][  0]LogMaterial: Display: Missing cached shader map for material Ch03_Body, compiling. 
[2020.11.12-00.57.42:572][  0]LogSkeletalMesh: Building Skeletal Mesh Michelle...
[2020.11.12-00.57.44:702][  0]LogSkeletalMesh: Section 0: 16278 vertices, 52 active bones
[2020.11.12-00.57.44:709][  0]LogSkeletalMesh: Section 0: Material=0, 28106 triangles
[2020.11.12-00.57.44:877][  0]LogSkeletalMesh: Built Skeletal Mesh [2.31s] /Game/Michelle/Michelle.Michelle
[2020.11.12-00.57.45:282][  0]LogAnimationCompression: Building Anim DDC data for AnimSequence /Game/Michelle/Michelle_Run_Anim_mixamo_com.Michelle_Run_Anim_mixamo_com
[2020.11.12-00.57.45:282][  0]LogAIModule: Creating AISystem for world ThirdPersonExampleMap
[2020.11.12-00.57.45:283][  0]LogAISub: UAISubsystem::UAISubsystem EnvQueryManager (000001711AEFE600), frame # 0
[2020.11.12-00.57.45:283][  0]LogAISub: UAISubsystem::UAISubsystem AIPerceptionSystem (000001711B245D00), frame # 0
[2020.11.12-00.57.45:643][  0]LogEditorServer: Finished looking for orphan Actors (0.000 secs)
[2020.11.12-00.57.45:692][  0]LogUObjectHash: Compacting FUObjectHashTables data took   2.52ms
[2020.11.12-00.57.45:712][  0]Cmd: MAP CHECKDEP NOCLEARLOG
[2020.11.12-00.57.45:713][  0]MapCheck: Map check complete: 0 Error(s), 0 Warning(s), took 0.904ms to complete.
[2020.11.12-00.57.45:714][  0]LogFileHelpers: Loading map 'ThirdPersonExampleMap' took 20.975
[2020.11.12-00.57.45:767][  0]LogUnrealEdMisc: Total Editor Startup Time, took 58.403
[2020.11.12-00.57.46:711][  0]LogSlate: Updating window title bar state: overlay mode, drag disabled, window buttons hidden, title bar hidden
[2020.11.12-00.57.46:798][  0]LogSlate: Updating window title bar state: overlay mode, drag disabled, window buttons hidden, title bar hidden
[2020.11.12-00.57.46:819][  0]LogSlate: Updating window title bar state: overlay mode, drag disabled, window buttons hidden, title bar hidden
[2020.11.12-00.57.46:841][  0]LogSlate: Updating window title bar state: overlay mode, drag disabled, window buttons hidden, title bar hidden
[2020.11.12-00.57.46:890][  0]LogCollectionManager: Loaded 0 collections in 0.004888 seconds
[2020.11.12-00.57.46:962][  0]LogFileCache: Scanning file cache for directory 'C:/Users/thecy/Documents/GitHub/Escape/Escape/Saved/Collections/' took 0.00s
[2020.11.12-00.57.46:962][  0]LogFileCache: Scanning file cache for directory 'C:/Users/thecy/Documents/GitHub/Escape/Escape/Content/Developers/thecy/Collections/' took 0.00s
[2020.11.12-00.57.46:962][  0]LogFileCache: Scanning file cache for directory 'C:/Users/thecy/Documents/GitHub/Escape/Escape/Content/Collections/' took 0.00s
[2020.11.12-00.57.46:962][  0]LogContentBrowser: Native class hierarchy populated in 0.0294 seconds. Added 3427 classes and 821 folders.
[2020.11.12-00.57.46:980][  0]LogContentBrowser: Native class hierarchy updated for 'WidgetCarousel' in 0.0006 seconds. Added 0 classes and 0 folders.
[2020.11.12-00.57.48:535][  0]LogShaderCompilers: Display: Worker (7/9): shaders left to compile 81
[2020.11.12-00.57.48:535][  0]LogContentBrowser: Native class hierarchy updated for 'AddContentDialog' in 0.0012 seconds. Added 0 classes and 0 folders.
[2020.11.12-00.57.48:544][  0]LogContentBrowser: Native class hierarchy updated for 'SceneOutliner' in 0.0008 seconds. Added 2 classes and 0 folders.
[2020.11.12-00.57.48:751][  0]LogShaderCompilers: Display: Worker (8/9): shaders left to compile 71
[2020.11.12-00.57.48:751][  0]LogSlate: Took 0.019956 seconds to synchronously load lazily loaded font '../../../Engine/Content/Slate/Fonts/Roboto-Regular.ttf' (155K)
[2020.11.12-00.57.48:776][  0]LogSlate: Took 0.019741 seconds to synchronously load lazily loaded font '../../../Engine/Content/Slate/Fonts/Roboto-Bold.ttf' (160K)
[2020.11.12-00.57.48:832][  0]LogSlate: Took 0.021887 seconds to synchronously load lazily loaded font '../../../Engine/Content/Editor/Slate/Fonts/FontAwesome.ttf' (139K)
[2020.11.12-00.57.49:364][  0]LogShaderCompilers: Display: Worker (6/9): shaders left to compile 63
[2020.11.12-00.57.49:364][  0]LogRenderer: Reallocating scene render targets to support 964x432 Format 10 NumSamples 1 (Frame:1).
[2020.11.12-00.57.50:410][  0]LogShaderCompilers: Display: Worker (1/9): shaders left to compile 55
[2020.11.12-00.57.50:410][  0]LogShaderCompilers: Display: Worker (4/9): shaders left to compile 48
[2020.11.12-00.57.50:411][  0]LogShaderCompilers: Display: Worker (2/9): shaders left to compile 42
[2020.11.12-00.57.50:411][  0]LogShaderCompilers: Display: Worker (5/9): shaders left to compile 37
[2020.11.12-00.57.50:475][  0]LogContentBrowser: Native class hierarchy updated for 'HierarchicalLODOutliner' in 0.0006 seconds. Added 0 classes and 0 folders.
[2020.11.12-00.57.50:475][  0]LogLoad: (Engine Initialization) Total time: 63.11 seconds
[2020.11.12-00.57.50:475][  0]LogLoad: (Engine Initialization) Total Blueprint compile time: 0.00 seconds
[2020.11.12-00.57.50:597][  0]LogAnimationCompression: Building Anim DDC data for AnimSequence /Game/Michelle/Michelle_Idle.Michelle_Idle
[2020.11.12-00.57.50:597][  0]LogContentStreaming: Texture pool size now 1000 MB
[2020.11.12-00.57.51:867][ 40]LogShaderCompilers: Display: Worker (3/9): shaders left to compile 32
[2020.11.12-00.57.57:846][280]LogShaderCompilers: Display: Worker (5/9): shaders left to compile 27
[2020.11.12-00.57.59:011][328]LogShaderCompilers: Display: Worker (2/9): shaders left to compile 23
[2020.11.12-00.57.59:472][349]LogShaderCompilers: Display: Worker (3/9): shaders left to compile 20
[2020.11.12-00.57.59:573][353]LogShaderCompilers: Display: Worker (4/9): shaders left to compile 17
[2020.11.12-00.57.59:803][357]LogSlate: Took 0.018317 seconds to synchronously load lazily loaded font '../../../Engine/Content/Slate/Fonts/Roboto-Light.ttf' (167K)
[2020.11.12-00.58.01:530][441]LogShaderCompilers: Display: Worker (8/9): shaders left to compile 14
[2020.11.12-00.58.03:315][534]LogShaderCompilers: Display: Worker (4/9): shaders left to compile 12
[2020.11.12-00.58.03:378][535]LogShaderCompilers: Display: Worker (7/9): shaders left to compile 10
[2020.11.12-00.58.03:483][537]LogShaderCompilers: Display: Worker (2/9): shaders left to compile 8
[2020.11.12-00.58.03:636][540]LogShaderCompilers: Display: Worker (1/9): shaders left to compile 6
[2020.11.12-00.58.03:858][546]LogShaderCompilers: Display: Worker (5/9): shaders left to compile 5
[2020.11.12-00.58.03:959][552]LogShaderCompilers: Display: Worker (3/9): shaders left to compile 4
[2020.11.12-00.58.04:247][569]LogShaderCompilers: Display: Worker (8/9): shaders left to compile 3
[2020.11.12-00.58.04:811][602]LogShaderCompilers: Display: Worker (8/9): shaders left to compile 2
[2020.11.12-00.58.05:059][607]LogShaderCompilers: Display: Worker (6/9): shaders left to compile 1
[2020.11.12-00.58.29:607][ 19]LogAssetRegistry: Asset discovery search completed in 75.0980 seconds
[2020.11.12-00.58.29:614][ 19]LogCollectionManager: Fixed up redirectors for 0 collections in 0.000005 seconds (updated 0 objects)
[2020.11.12-00.58.35:724][371]LogSlate: Took 0.000193 seconds to synchronously load lazily loaded font '../../../Engine/Content/Slate/Fonts/Roboto-Light.ttf' (167K)
[2020.11.12-00.58.35:755][371]LogAssetEditorSubsystem: Opening Asset editor for Blueprint /Game/ThirdPersonBP/Platforms/Platforms_BP.Platforms_BP
[2020.11.12-00.58.36:091][371]LogContentBrowser: Native class hierarchy updated for 'BlueprintGraph' in 0.0008 seconds. Added 125 classes and 0 folders.
[2020.11.12-00.58.37:859][371]LogSlate: Took 0.012386 seconds to synchronously load lazily loaded font '../../../Engine/Content/Slate/Fonts/Roboto-BoldCondensed.ttf' (158K)
[2020.11.12-00.58.38:072][372]LogSlate: Took 0.011524 seconds to synchronously load lazily loaded font '../../../Engine/Content/Slate/Fonts/Roboto-Italic.ttf' (157K)
[2020.11.12-00.59.05:379][941]LogRenderer: Reallocating scene render targets to support 964x680 Format 10 NumSamples 1 (Frame:1).
[2020.11.12-00.59.48:382][425]LogWorld: UWorld::CleanupWorld for World_0, bSessionEnded=true, bCleanupResources=true
[2020.11.12-00.59.48:382][425]LogSlate: InvalidateAllWidgets triggered.  All widgets were invalidated
[2020.11.12-01.00.13:197][552]LogTexture: Display: Building textures: T_DefaultLight_S (AutoDXT, 64X64)
[2020.11.12-01.00.13:197][552]LogTexture: Display: Building textures: T_norm (BC5, 2048X2048)
[2020.11.12-01.00.13:197][552]LogTexture: Display: Building textures: T_FloorPanel_C_M (AutoDXT, 2048X2048)
[2020.11.12-01.00.13:197][552]LogTexture: Display: Building textures: T_Hall_Door_L_M (AutoDXT, 2048X2048)
[2020.11.12-01.00.13:197][552]LogTexture: Display: Building textures: T_Lights_Square (AutoDXT, 1024X1024)
[2020.11.12-01.00.13:197][552]LogTexture: Display: Building textures: T_FloorPanel_C_Diff (AutoDXT, 2048X2048)
[2020.11.12-01.00.13:197][552]LogTexture: Display: Building textures: T_Metal_Scratches_M (AutoDXT, 2048X2048)
[2020.11.12-01.00.13:197][552]LogTexture: Display: Building textures: T_Hall_Door_L_N_normals (BC5, 4096X4096)
[2020.11.12-01.00.13:197][552]LogTexture: Display: Building textures: T_Hall_Door_Diff (AutoDXT, 4096X4096)
[2020.11.12-01.00.13:197][552]LogMaterial: Display: Missing cached shader map for material M_Light_Base, compiling. 
[2020.11.12-01.00.13:236][552]LogShaderCompilers: Display: Worker (1/9): shaders left to compile 24
[2020.11.12-01.00.13:237][552]LogShaderCompilers: Display: Worker (2/9): shaders left to compile 20
[2020.11.12-01.00.13:237][552]LogShaderCompilers: Display: Worker (3/9): shaders left to compile 16
[2020.11.12-01.00.13:237][552]LogShaderCompilers: Display: Worker (4/9): shaders left to compile 12
[2020.11.12-01.00.13:237][552]LogShaderCompilers: Display: Worker (5/9): shaders left to compile 8
[2020.11.12-01.00.13:237][552]LogShaderCompilers: Display: Worker (6/9): shaders left to compile 4
[2020.11.12-01.00.13:261][552]LogMaterial: Display: Missing cached shader map for material M_Base_2C, compiling. 
[2020.11.12-01.00.13:354][552]LogAssetEditorSubsystem: Opening Asset editor for World /Game/ThirdPersonBP/Maps/Escape.Escape
[2020.11.12-01.00.13:415][552]LogShaderCompilers: Display: Worker (7/9): shaders left to compile 24
[2020.11.12-01.00.13:416][552]LogShaderCompilers: Display: Worker (8/9): shaders left to compile 20
[2020.11.12-01.00.13:487][552]LogUObjectHash: Compacting FUObjectHashTables data took   5.61ms
[2020.11.12-01.00.13:516][552]Cmd: MAP LOAD FILE="../../../../../../Users/thecy/Documents/GitHub/Escape/Escape/Content/ThirdPersonBP/Maps/Escape.umap" TEMPLATE=0 SHOWPROGRESS=1 FEATURELEVEL=3
[2020.11.12-01.00.13:519][552]LightingResults: New page: Lighting Build
[2020.11.12-01.00.13:519][552]LoadErrors: New page: Loading map: Escape.umap
[2020.11.12-01.00.13:559][552]LogWorld: UWorld::CleanupWorld for ThirdPersonExampleMap, bSessionEnded=true, bCleanupResources=true
[2020.11.12-01.00.13:570][552]LogSlate: InvalidateAllWidgets triggered.  All widgets were invalidated
[2020.11.12-01.00.13:570][552]MapCheck: New page: Map Check
[2020.11.12-01.00.13:570][552]LightingResults: New page: Lighting Build
[2020.11.12-01.00.13:760][552]LogAISub: UAISubsystem::~UAISubsystem EnvQueryManager (000001711AEFE600), frame # 7552
[2020.11.12-01.00.13:760][552]LogAISub: UAISubsystem::~UAISubsystem AIPerceptionSystem (000001711B245D00), frame # 7552
[2020.11.12-01.00.13:765][552]LogUObjectHash: Compacting FUObjectHashTables data took   4.79ms
[2020.11.12-01.00.13:891][552]LogEditorServer: Finished looking for orphan Actors (0.000 secs)
[2020.11.12-01.00.13:891][552]LogAIModule: Creating AISystem for world Escape
[2020.11.12-01.00.13:891][552]LogAISub: UAISubsystem::UAISubsystem EnvQueryManager (0000017110E13A00), frame # 7552
[2020.11.12-01.00.13:902][552]LogAISub: UAISubsystem::UAISubsystem AIPerceptionSystem (000001718E555080), frame # 7552
[2020.11.12-01.00.13:951][552]LogUObjectHash: Compacting FUObjectHashTables data took   4.40ms
[2020.11.12-01.00.14:045][552]Cmd: MAP CHECKDEP NOCLEARLOG
[2020.11.12-01.00.14:047][552]MapCheck: Map check complete: 0 Error(s), 0 Warning(s), took 2.284ms to complete.
[2020.11.12-01.00.14:048][552]LogFileHelpers: Loading map 'Escape' took 0.532
[2020.11.12-01.00.17:588][627]LogShaderCompilers: Display: Worker (5/9): shaders left to compile 16
[2020.11.12-01.00.17:926][638]LogTemp: Repeating last play command: Selected Viewport
[2020.11.12-01.00.17:980][638]LogPlayLevel: PlayLevel: No blueprints needed recompiling
[2020.11.12-01.00.17:981][638]PIE: New page: PIE session: Escape (Nov 11, 2020, 3:00:17 PM)
[2020.11.12-01.00.17:987][638]LogOnline: OSS: Creating online subsystem instance for: NULL
[2020.11.12-01.00.17:991][638]LogOnline: OSS: TryLoadSubsystemAndSetDefault: Loaded subsystem for module [NULL]
[2020.11.12-01.00.17:992][638]LogPlayLevel: Creating play world package: /Game/ThirdPersonBP/Maps/UEDPIE_0_Escape
[2020.11.12-01.00.18:051][638]LogShaderCompilers: Display: Worker (6/9): shaders left to compile 13
[2020.11.12-01.00.18:058][638]LogPlayLevel: PIE: StaticDuplicateObject took: (0.065556s)
[2020.11.12-01.00.18:062][638]LogAIModule: Creating AISystem for world Escape
[2020.11.12-01.00.18:062][638]LogAISub: UAISubsystem::UAISubsystem EnvQueryManager (0000017111FCBE00), frame # 7638
[2020.11.12-01.00.18:063][638]LogAISub: UAISubsystem::UAISubsystem AIPerceptionSystem (000001718D91E840), frame # 7638
[2020.11.12-01.00.18:064][638]LogPlayLevel: PIE: World Init took: (0.006224s)
[2020.11.12-01.00.18:064][638]LogPlayLevel: PIE: Created PIE world by copying editor world from /Game/ThirdPersonBP/Maps/Escape.Escape to /Game/ThirdPersonBP/Maps/UEDPIE_0_Escape.Escape (0.072628s)
[2020.11.12-01.00.18:101][638]LogUObjectHash: Compacting FUObjectHashTables data took   4.47ms
[2020.11.12-01.00.18:111][638]LogAudioMixer: Display: Audio Mixer Platform Settings:
[2020.11.12-01.00.18:111][638]LogAudioMixer: Display: 	Sample Rate:						  48000
[2020.11.12-01.00.18:111][638]LogAudioMixer: Display: 	Callback Buffer Frame Size Requested: 1024
[2020.11.12-01.00.18:111][638]LogAudioMixer: Display: 	Callback Buffer Frame Size To Use:	  1024
[2020.11.12-01.00.18:111][638]LogAudioMixer: Display: 	Number of buffers to queue:			  2
[2020.11.12-01.00.18:111][638]LogAudioMixer: Display: 	Max Channels (voices):				  32
[2020.11.12-01.00.18:111][638]LogAudioMixer: Display: 	Number of Async Source Workers:		  0
[2020.11.12-01.00.18:111][638]LogAudio: Display: AudioDevice MaxSources: 32
[2020.11.12-01.00.18:113][638]LogAudio: Display: Using built-in audio occlusion.
[2020.11.12-01.00.18:113][638]LogAudioMixer: Display: Initializing audio mixer.
[2020.11.12-01.00.18:121][638]LogAudioMixer: Display: 0: FrontLeft
[2020.11.12-01.00.18:121][638]LogAudioMixer: Display: 1: FrontRight
[2020.11.12-01.00.18:121][638]LogAudioMixer: Display: 2: FrontCenter
[2020.11.12-01.00.18:121][638]LogAudioMixer: Display: 3: LowFrequency
[2020.11.12-01.00.18:121][638]LogAudioMixer: Display: 4: BackLeft
[2020.11.12-01.00.18:121][638]LogAudioMixer: Display: 5: BackRight
[2020.11.12-01.00.18:121][638]LogAudioMixer: Display: 6: SideLeft
[2020.11.12-01.00.18:121][638]LogAudioMixer: Display: 7: SideRight
[2020.11.12-01.00.18:261][638]LogAudioMixer: Display: Using Audio Device Speakers/Headphones (Realtek(R) Audio)
[2020.11.12-01.00.18:261][638]LogAudioMixer: Display: Initializing Sound Submixes...
[2020.11.12-01.00.18:261][638]LogAudioMixer: Display: Creating Master Submix 'MasterSubmixDefault'
[2020.11.12-01.00.18:261][638]LogAudioMixer: Display: Creating Master Submix 'MasterReverbSubmixDefault'
[2020.11.12-01.00.18:262][638]LogAudioMixer: Display: Creating Master Submix 'MasterEQSubmixDefault'
[2020.11.12-01.00.18:307][638]LogInit: FAudioDevice initialized.
[2020.11.12-01.00.18:335][638]LogLoad: Game class is 'ThirdPersonGameMode_C'
[2020.11.12-01.00.18:353][638]LogWorld: Bringing World /Game/ThirdPersonBP/Maps/UEDPIE_0_Escape.Escape up for play (max tick rate 60) at 2020.11.11-20.00.18
[2020.11.12-01.00.18:365][638]LogWorld: Bringing up level for play took: 0.025184
[2020.11.12-01.00.18:366][638]LogOnline: OSS: Creating online subsystem instance for: :Context_5
[2020.11.12-01.00.18:387][638]LogContentBrowser: Native class hierarchy updated for 'MovieSceneCapture' in 0.0005 seconds. Added 20 classes and 0 folders.
[2020.11.12-01.00.18:391][638]PIE: Server logged in
[2020.11.12-01.00.18:396][638]PIE: Play in editor total start time 0.42 seconds.
[2020.11.12-01.00.19:525][640]LogShaderCompilers: Display: Worker (2/9): shaders left to compile 11
[2020.11.12-01.00.19:525][640]LogShaderCompilers: Display: Worker (3/9): shaders left to compile 9
[2020.11.12-01.00.19:525][640]LogShaderCompilers: Display: Worker (1/9): shaders left to compile 7
[2020.11.12-01.00.19:525][640]LogShaderCompilers: Display: Worker (4/9): shaders left to compile 6
[2020.11.12-01.00.19:659][643]LogShaderCompilers: Display: Worker (7/9): shaders left to compile 5
[2020.11.12-01.00.19:905][657]LogShaderCompilers: Display: Worker (8/9): shaders left to compile 4
[2020.11.12-01.00.20:165][671]LogShaderCompilers: Display: Worker (7/9): shaders left to compile 3
[2020.11.12-01.00.20:715][702]LogShaderCompilers: Display: Worker (1/9): shaders left to compile 2
[2020.11.12-01.00.21:305][732]LogShaderCompilers: Display: Worker (8/9): shaders left to compile 1
[2020.11.12-01.00.31:744][338]LogSlate: Updating window title bar state: overlay mode, drag disabled, window buttons hidden, title bar hidden
[2020.11.12-01.00.31:744][338]LogWorld: BeginTearingDown for /Game/ThirdPersonBP/Maps/UEDPIE_0_Escape
[2020.11.12-01.00.31:745][338]LogWorld: UWorld::CleanupWorld for Escape, bSessionEnded=true, bCleanupResources=true
[2020.11.12-01.00.31:747][338]LogSlate: InvalidateAllWidgets triggered.  All widgets were invalidated
[2020.11.12-01.00.31:760][338]LogPlayLevel: Display: Shutting down PIE online subsystems
[2020.11.12-01.00.31:768][338]LogSlate: InvalidateAllWidgets triggered.  All widgets were invalidated
[2020.11.12-01.00.31:808][338]LogSlate: Updating window title bar state: overlay mode, drag disabled, window buttons hidden, title bar hidden
[2020.11.12-01.00.31:880][338]LogAISub: UAISubsystem::~UAISubsystem EnvQueryManager (0000017111FCBE00), frame # 8338
[2020.11.12-01.00.31:902][338]LogAISub: UAISubsystem::~UAISubsystem AIPerceptionSystem (000001718D91E840), frame # 8338
[2020.11.12-01.00.31:920][338]LogUObjectHash: Compacting FUObjectHashTables data took   5.00ms
[2020.11.12-01.00.31:971][339]LogPlayLevel: Display: Destroying online subsystem :Context_5
[2020.11.12-01.00.40:959][727]LogTemp: Repeating last play command: Selected Viewport
[2020.11.12-01.00.40:989][727]LogPlayLevel: PlayLevel: No blueprints needed recompiling
[2020.11.12-01.00.40:989][727]PIE: New page: PIE session: Escape (Nov 11, 2020, 3:00:40 PM)
[2020.11.12-01.00.40:989][727]LogPlayLevel: Creating play world package: /Game/ThirdPersonBP/Maps/UEDPIE_0_Escape
[2020.11.12-01.00.41:020][727]LogPlayLevel: PIE: StaticDuplicateObject took: (0.031169s)
[2020.11.12-01.00.41:022][727]LogAIModule: Creating AISystem for world Escape
[2020.11.12-01.00.41:022][727]LogAISub: UAISubsystem::UAISubsystem EnvQueryManager (00000171BE03FE00), frame # 8727
[2020.11.12-01.00.41:022][727]LogAISub: UAISubsystem::UAISubsystem AIPerceptionSystem (00000171BE1D2200), frame # 8727
[2020.11.12-01.00.41:023][727]LogPlayLevel: PIE: World Init took: (0.002922s)
[2020.11.12-01.00.41:023][727]LogPlayLevel: PIE: Created PIE world by copying editor world from /Game/ThirdPersonBP/Maps/Escape.Escape to /Game/ThirdPersonBP/Maps/UEDPIE_0_Escape.Escape (0.034470s)
[2020.11.12-01.00.41:105][727]LogUObjectHash: Compacting FUObjectHashTables data took   4.23ms
[2020.11.12-01.00.41:108][727]LogAudioMixer: Display: Audio Mixer Platform Settings:
[2020.11.12-01.00.41:108][727]LogAudioMixer: Display: 	Sample Rate:						  48000
[2020.11.12-01.00.41:108][727]LogAudioMixer: Display: 	Callback Buffer Frame Size Requested: 1024
[2020.11.12-01.00.41:108][727]LogAudioMixer: Display: 	Callback Buffer Frame Size To Use:	  1024
[2020.11.12-01.00.41:108][727]LogAudioMixer: Display: 	Number of buffers to queue:			  2
[2020.11.12-01.00.41:108][727]LogAudioMixer: Display: 	Max Channels (voices):				  32
[2020.11.12-01.00.41:108][727]LogAudioMixer: Display: 	Number of Async Source Workers:		  0
[2020.11.12-01.00.41:108][727]LogAudio: Display: AudioDevice MaxSources: 32
[2020.11.12-01.00.41:109][727]LogAudio: Display: Using built-in audio occlusion.
[2020.11.12-01.00.41:109][727]LogAudioMixer: Display: Initializing audio mixer.
[2020.11.12-01.00.41:114][727]LogAudioMixer: Display: 0: FrontLeft
[2020.11.12-01.00.41:114][727]LogAudioMixer: Display: 1: FrontRight
[2020.11.12-01.00.41:114][727]LogAudioMixer: Display: 2: FrontCenter
[2020.11.12-01.00.41:114][727]LogAudioMixer: Display: 3: LowFrequency
[2020.11.12-01.00.41:114][727]LogAudioMixer: Display: 4: BackLeft
[2020.11.12-01.00.41:114][727]LogAudioMixer: Display: 5: BackRight
[2020.11.12-01.00.41:114][727]LogAudioMixer: Display: 6: SideLeft
[2020.11.12-01.00.41:114][727]LogAudioMixer: Display: 7: SideRight
[2020.11.12-01.00.41:198][727]LogAudioMixer: Display: Using Audio Device Speakers/Headphones (Realtek(R) Audio)
[2020.11.12-01.00.41:198][727]LogAudioMixer: Display: Initializing Sound Submixes...
[2020.11.12-01.00.41:198][727]LogAudioMixer: Display: Creating Master Submix 'MasterSubmixDefault'
[2020.11.12-01.00.41:198][727]LogAudioMixer: Display: Creating Master Submix 'MasterReverbSubmixDefault'
[2020.11.12-01.00.41:198][727]LogAudioMixer: Display: Creating Master Submix 'MasterEQSubmixDefault'
[2020.11.12-01.00.41:227][727]LogInit: FAudioDevice initialized.
[2020.11.12-01.00.41:241][727]LogLoad: Game class is 'ThirdPersonGameMode_C'
[2020.11.12-01.00.41:247][727]LogWorld: Bringing World /Game/ThirdPersonBP/Maps/UEDPIE_0_Escape.Escape up for play (max tick rate 60) at 2020.11.11-20.00.41
[2020.11.12-01.00.41:254][727]LogWorld: Bringing up level for play took: 0.011768
[2020.11.12-01.00.41:255][727]LogOnline: OSS: Creating online subsystem instance for: :Context_6
[2020.11.12-01.00.41:258][727]PIE: Server logged in
[2020.11.12-01.00.41:259][727]PIE: Play in editor total start time 0.271 seconds.
[2020.11.12-01.08.32:392][496]PIE: Warning: Mobility of /Game/ThirdPersonBP/Maps/UEDPIE_0_Escape.Escape:PersistentLevel.Platforms_BP_2 : Platform has to be 'Movable' if you'd like to move. 
[2020.11.12-01.08.32:447][497]PIE: Warning: Mobility of /Game/ThirdPersonBP/Maps/UEDPIE_0_Escape.Escape:PersistentLevel.Platforms_BP_2 : Platform has to be 'Movable' if you'd like to move. 
[2020.11.12-01.08.32:499][498]PIE: Warning: Mobility of /Game/ThirdPersonBP/Maps/UEDPIE_0_Escape.Escape:PersistentLevel.Platforms_BP_2 : Platform has to be 'Movable' if you'd like to move. 
[2020.11.12-01.08.32:558][499]PIE: Warning: Mobility of /Game/ThirdPersonBP/Maps/UEDPIE_0_Escape.Escape:PersistentLevel.Platforms_BP_2 : Platform has to be 'Movable' if you'd like to move. 
[2020.11.12-01.08.32:621][500]PIE: Warning: Mobility of /Game/ThirdPersonBP/Maps/UEDPIE_0_Escape.Escape:PersistentLevel.Platforms_BP_2 : Platform has to be 'Movable' if you'd like to move. 
[2020.11.12-01.08.32:676][501]PIE: Warning: Mobility of /Game/ThirdPersonBP/Maps/UEDPIE_0_Escape.Escape:PersistentLevel.Platforms_BP_2 : Platform has to be 'Movable' if you'd like to move. 
[2020.11.12-01.08.32:737][502]PIE: Warning: Mobility of /Game/ThirdPersonBP/Maps/UEDPIE_0_Escape.Escape:PersistentLevel.Platforms_BP_2 : Platform has to be 'Movable' if you'd like to move. 
[2020.11.12-01.08.32:796][503]PIE: Warning: Mobility of /Game/ThirdPersonBP/Maps/UEDPIE_0_Escape.Escape:PersistentLevel.Platforms_BP_2 : Platform has to be 'Movable' if you'd like to move. 
[2020.11.12-01.08.32:858][504]PIE: Warning: Mobility of /Game/ThirdPersonBP/Maps/UEDPIE_0_Escape.Escape:PersistentLevel.Platforms_BP_2 : Platform has to be 'Movable' if you'd like to move. 
[2020.11.12-01.08.32:918][505]PIE: Warning: Mobility of /Game/ThirdPersonBP/Maps/UEDPIE_0_Escape.Escape:PersistentLevel.Platforms_BP_2 : Platform has to be 'Movable' if you'd like to move. 
[2020.11.12-01.08.32:977][506]PIE: Warning: Mobility of /Game/ThirdPersonBP/Maps/UEDPIE_0_Escape.Escape:PersistentLevel.Platforms_BP_2 : Platform has to be 'Movable' if you'd like to move. 
[2020.11.12-01.08.33:039][507]PIE: Warning: Mobility of /Game/ThirdPersonBP/Maps/UEDPIE_0_Escape.Escape:PersistentLevel.Platforms_BP_2 : Platform has to be 'Movable' if you'd like to move. 
[2020.11.12-01.08.33:100][508]PIE: Warning: Mobility of /Game/ThirdPersonBP/Maps/UEDPIE_0_Escape.Escape:PersistentLevel.Platforms_BP_2 : Platform has to be 'Movable' if you'd like to move. 
[2020.11.12-01.08.33:160][509]PIE: Warning: Mobility of /Game/ThirdPersonBP/Maps/UEDPIE_0_Escape.Escape:PersistentLevel.Platforms_BP_2 : Platform has to be 'Movable' if you'd like to move. 
[2020.11.12-01.08.33:219][510]PIE: Warning: Mobility of /Game/ThirdPersonBP/Maps/UEDPIE_0_Escape.Escape:PersistentLevel.Platforms_BP_2 : Platform has to be 'Movable' if you'd like to move. 
[2020.11.12-01.08.33:279][511]PIE: Warning: Mobility of /Game/ThirdPersonBP/Maps/UEDPIE_0_Escape.Escape:PersistentLevel.Platforms_BP_2 : Platform has to be 'Movable' if you'd like to move. 
[2020.11.12-01.08.33:339][512]PIE: Warning: Mobility of /Game/ThirdPersonBP/Maps/UEDPIE_0_Escape.Escape:PersistentLevel.Platforms_BP_2 : Platform has to be 'Movable' if you'd like to move. 
[2020.11.12-01.08.35:046][541]PIE: Warning: Mobility of /Game/ThirdPersonBP/Maps/UEDPIE_0_Escape.Escape:PersistentLevel.Platforms_BP_2 : Platform has to be 'Movable' if you'd like to move. 
[2020.11.12-01.08.35:106][542]PIE: Warning: Mobility of /Game/ThirdPersonBP/Maps/UEDPIE_0_Escape.Escape:PersistentLevel.Platforms_BP_2 : Platform has to be 'Movable' if you'd like to move. 
[2020.11.12-01.08.35:166][543]PIE: Warning: Mobility of /Game/ThirdPersonBP/Maps/UEDPIE_0_Escape.Escape:PersistentLevel.Platforms_BP_2 : Platform has to be 'Movable' if you'd like to move. 
[2020.11.12-01.08.35:227][544]PIE: Warning: Mobility of /Game/ThirdPersonBP/Maps/UEDPIE_0_Escape.Escape:PersistentLevel.Platforms_BP_2 : Platform has to be 'Movable' if you'd like to move. 
[2020.11.12-01.08.35:286][545]PIE: Warning: Mobility of /Game/ThirdPersonBP/Maps/UEDPIE_0_Escape.Escape:PersistentLevel.Platforms_BP_2 : Platform has to be 'Movable' if you'd like to move. 
[2020.11.12-01.08.35:345][546]PIE: Warning: Mobility of /Game/ThirdPersonBP/Maps/UEDPIE_0_Escape.Escape:PersistentLevel.Platforms_BP_2 : Platform has to be 'Movable' if you'd like to move. 
[2020.11.12-01.08.35:401][547]PIE: Warning: Mobility of /Game/ThirdPersonBP/Maps/UEDPIE_0_Escape.Escape:PersistentLevel.Platforms_BP_2 : Platform has to be 'Movable' if you'd like to move. 
[2020.11.12-01.08.35:461][548]PIE: Warning: Mobility of /Game/ThirdPersonBP/Maps/UEDPIE_0_Escape.Escape:PersistentLevel.Platforms_BP_2 : Platform has to be 'Movable' if you'd like to move. 
[2020.11.12-01.08.35:519][549]PIE: Warning: Mobility of /Game/ThirdPersonBP/Maps/UEDPIE_0_Escape.Escape:PersistentLevel.Platforms_BP_2 : Platform has to be 'Movable' if you'd like to move. 
[2020.11.12-01.08.35:581][550]PIE: Warning: Mobility of /Game/ThirdPersonBP/Maps/UEDPIE_0_Escape.Escape:PersistentLevel.Platforms_BP_2 : Platform has to be 'Movable' if you'd like to move. 
[2020.11.12-01.08.35:645][551]PIE: Warning: Mobility of /Game/ThirdPersonBP/Maps/UEDPIE_0_Escape.Escape:PersistentLevel.Platforms_BP_2 : Platform has to be 'Movable' if you'd like to move. 
[2020.11.12-01.08.35:705][552]PIE: Warning: Mobility of /Game/ThirdPersonBP/Maps/UEDPIE_0_Escape.Escape:PersistentLevel.Platforms_BP_2 : Platform has to be 'Movable' if you'd like to move. 
[2020.11.12-01.08.35:763][553]PIE: Warning: Mobility of /Game/ThirdPersonBP/Maps/UEDPIE_0_Escape.Escape:PersistentLevel.Platforms_BP_2 : Platform has to be 'Movable' if you'd like to move. 
[2020.11.12-01.08.35:825][554]PIE: Warning: Mobility of /Game/ThirdPersonBP/Maps/UEDPIE_0_Escape.Escape:PersistentLevel.Platforms_BP_2 : Platform has to be 'Movable' if you'd like to move. 
[2020.11.12-01.08.35:888][555]PIE: Warning: Mobility of /Game/ThirdPersonBP/Maps/UEDPIE_0_Escape.Escape:PersistentLevel.Platforms_BP_2 : Platform has to be 'Movable' if you'd like to move. 
[2020.11.12-01.08.35:949][556]PIE: Warning: Mobility of /Game/ThirdPersonBP/Maps/UEDPIE_0_Escape.Escape:PersistentLevel.Platforms_BP_2 : Platform has to be 'Movable' if you'd like to move. 
[2020.11.12-01.08.36:011][557]PIE: Warning: Mobility of /Game/ThirdPersonBP/Maps/UEDPIE_0_Escape.Escape:PersistentLevel.Platforms_BP_2 : Platform has to be 'Movable' if you'd like to move. 
[2020.11.12-01.11.11:115][468]PIE: Warning: Mobility of /Game/ThirdPersonBP/Maps/UEDPIE_0_Escape.Escape:PersistentLevel.Platforms_BP_2 : Platform has to be 'Movable' if you'd like to move. 
[2020.11.12-01.11.11:173][469]PIE: Warning: Mobility of /Game/ThirdPersonBP/Maps/UEDPIE_0_Escape.Escape:PersistentLevel.Platforms_BP_2 : Platform has to be 'Movable' if you'd like to move. 
[2020.11.12-01.11.11:232][470]PIE: Warning: Mobility of /Game/ThirdPersonBP/Maps/UEDPIE_0_Escape.Escape:PersistentLevel.Platforms_BP_2 : Platform has to be 'Movable' if you'd like to move. 
[2020.11.12-01.11.11:293][471]PIE: Warning: Mobility of /Game/ThirdPersonBP/Maps/UEDPIE_0_Escape.Escape:PersistentLevel.Platforms_BP_2 : Platform has to be 'Movable' if you'd like to move. 
[2020.11.12-01.11.11:352][472]PIE: Warning: Mobility of /Game/ThirdPersonBP/Maps/UEDPIE_0_Escape.Escape:PersistentLevel.Platforms_BP_2 : Platform has to be 'Movable' if you'd like to move. 
[2020.11.12-01.11.11:409][473]PIE: Warning: Mobility of /Game/ThirdPersonBP/Maps/UEDPIE_0_Escape.Escape:PersistentLevel.Platforms_BP_2 : Platform has to be 'Movable' if you'd like to move. 
[2020.11.12-01.11.11:468][474]PIE: Warning: Mobility of /Game/ThirdPersonBP/Maps/UEDPIE_0_Escape.Escape:PersistentLevel.Platforms_BP_2 : Platform has to be 'Movable' if you'd like to move. 
[2020.11.12-01.11.11:526][475]PIE: Warning: Mobility of /Game/ThirdPersonBP/Maps/UEDPIE_0_Escape.Escape:PersistentLevel.Platforms_BP_2 : Platform has to be 'Movable' if you'd like to move. 
[2020.11.12-01.11.11:582][476]PIE: Warning: Mobility of /Game/ThirdPersonBP/Maps/UEDPIE_0_Escape.Escape:PersistentLevel.Platforms_BP_2 : Platform has to be 'Movable' if you'd like to move. 
[2020.11.12-01.11.11:640][477]PIE: Warning: Mobility of /Game/ThirdPersonBP/Maps/UEDPIE_0_Escape.Escape:PersistentLevel.Platforms_BP_2 : Platform has to be 'Movable' if you'd like to move. 
[2020.11.12-01.11.11:700][478]PIE: Warning: Mobility of /Game/ThirdPersonBP/Maps/UEDPIE_0_Escape.Escape:PersistentLevel.Platforms_BP_2 : Platform has to be 'Movable' if you'd like to move. 
[2020.11.12-01.11.11:762][479]PIE: Warning: Mobility of /Game/ThirdPersonBP/Maps/UEDPIE_0_Escape.Escape:PersistentLevel.Platforms_BP_2 : Platform has to be 'Movable' if you'd like to move. 
[2020.11.12-01.11.11:821][480]PIE: Warning: Mobility of /Game/ThirdPersonBP/Maps/UEDPIE_0_Escape.Escape:PersistentLevel.Platforms_BP_2 : Platform has to be 'Movable' if you'd like to move. 
[2020.11.12-01.11.39:384][232]LogSlate: Updating window title bar state: overlay mode, drag disabled, window buttons hidden, title bar hidden
[2020.11.12-01.11.39:384][232]LogWorld: BeginTearingDown for /Game/ThirdPersonBP/Maps/UEDPIE_0_Escape
[2020.11.12-01.11.39:385][232]LogWorld: UWorld::CleanupWorld for Escape, bSessionEnded=true, bCleanupResources=true
[2020.11.12-01.11.39:386][232]LogSlate: InvalidateAllWidgets triggered.  All widgets were invalidated
[2020.11.12-01.11.39:441][232]LogPlayLevel: Display: Shutting down PIE online subsystems
[2020.11.12-01.11.39:447][232]LogSlate: InvalidateAllWidgets triggered.  All widgets were invalidated
[2020.11.12-01.11.39:535][232]LogSlate: Updating window title bar state: overlay mode, drag disabled, window buttons hidden, title bar hidden
[2020.11.12-01.11.39:537][232]LogAISub: UAISubsystem::~UAISubsystem AIPerceptionSystem (00000171BE1D2200), frame # 24232
[2020.11.12-01.11.39:537][232]LogAISub: UAISubsystem::~UAISubsystem EnvQueryManager (00000171BE03FE00), frame # 24232
[2020.11.12-01.11.39:540][232]LogUObjectHash: Compacting FUObjectHashTables data took   2.93ms
[2020.11.12-01.11.39:738][232]LogSlate: Took 0.013629 seconds to synchronously load lazily loaded font '../../../Engine/Content/Slate/Fonts/DroidSansMono.ttf' (77K)
[2020.11.12-01.11.39:777][233]LogPlayLevel: Display: Destroying online subsystem :Context_6
[2020.11.12-01.11.46:344][420]LogSlate: Window 'Message Log' being destroyed
[2020.11.12-01.11.46:391][420]LogSlate: Window 'Message Log' being destroyed
