Log file open, 11/08/20 17:03:02
LogWindows: Failed to load 'aqProf.dll' (GetLastError=126)
LogWindows: File 'aqProf.dll' does not exist
LogWindows: Failed to load 'VtuneApi.dll' (GetLastError=126)
LogWindows: File 'VtuneApi.dll' does not exist
LogWindows: Failed to load 'VtuneApi32e.dll' (GetLastError=126)
LogWindows: File 'VtuneApi32e.dll' does not exist
LogConsoleResponse: Display: Failed to find resolution value strings in scalability ini. Falling back to default.
LogInit: Display: Running engine for game: Escape
LogPakFile: Registered encryption key '00000000000000000000000000000000': 0 pak files mounted, 0 remain pending
LogPlatformFile: Not using cached read wrapper
LogTaskGraph: Started task graph with 5 named threads and 23 total threads with 3 sets of task threads.
LogStats: Stats thread started at 0.265227
LogD3D11RHI: Loaded GFSDK_Aftermath_Lib.x64.dll
LogICUInternationalization: ICU TimeZone Detection - Raw Offset: -5:00, Platform Override: ''
LogPluginManager: Mounting plugin Paper2D
LogPluginManager: Mounting plugin AISupport
LogPluginManager: Mounting plugin LightPropagationVolume
LogPluginManager: Mounting plugin ActorLayerUtilities
LogPluginManager: Mounting plugin AnimationSharing
LogPluginManager: Mounting plugin CLionSourceCodeAccess
LogPluginManager: Mounting plugin CodeLiteSourceCodeAccess
LogPluginManager: Mounting plugin GitSourceControl
LogPluginManager: Mounting plugin KDevelopSourceCodeAccess
LogPluginManager: Mounting plugin NullSourceCodeAccess
LogPluginManager: Mounting plugin PerforceSourceControl
LogPluginManager: Mounting plugin SubversionSourceControl
LogPluginManager: Mounting plugin UObjectPlugin
LogPluginManager: Mounting plugin VisualStudioCodeSourceCodeAccess
LogPluginManager: Mounting plugin VisualStudioSourceCodeAccess
LogPluginManager: Mounting plugin XCodeSourceCodeAccess
LogPluginManager: Mounting plugin AssetManagerEditor
LogPluginManager: Mounting plugin CryptoKeys
LogPluginManager: Mounting plugin DataValidation
LogPluginManager: Mounting plugin FacialAnimation
LogPluginManager: Mounting plugin GameplayTagsEditor
LogPluginManager: Mounting plugin MacGraphicsSwitching
LogPluginManager: Mounting plugin MaterialAnalyzer
LogPluginManager: Mounting plugin MobileLauncherProfileWizard
LogPluginManager: Mounting plugin PluginBrowser
LogPluginManager: Mounting plugin SpeedTreeImporter
LogPluginManager: Mounting plugin DatasmithContent
LogPluginManager: Mounting plugin VariantManagerContent
LogPluginManager: Mounting plugin AlembicImporter
LogPluginManager: Mounting plugin AppleImageUtils
LogPluginManager: Mounting plugin AppleVision
LogPluginManager: Mounting plugin BackChannel
LogPluginManager: Mounting plugin CharacterAI
LogPluginManager: Mounting plugin GeometryCache
LogPluginManager: Mounting plugin HTML5Networking
LogPluginManager: Mounting plugin ProxyLODPlugin
LogPluginManager: Mounting plugin SkeletalReduction
LogPluginManager: Mounting plugin MagicLeap
LogPluginManager: Mounting plugin MagicLeapMedia
LogPluginManager: Mounting plugin AndroidMedia
LogPluginManager: Mounting plugin AvfMedia
LogPluginManager: Mounting plugin ImgMedia
LogPluginManager: Mounting plugin LinearTimecode
LogPluginManager: Mounting plugin MediaCompositing
LogPluginManager: Mounting plugin MediaPlayerEditor
LogPluginManager: Mounting plugin WebMMedia
LogPluginManager: Mounting plugin WmfMedia
LogPluginManager: Mounting plugin TcpMessaging
LogPluginManager: Mounting plugin UdpMessaging
LogPluginManager: Mounting plugin ActorSequence
LogPluginManager: Mounting plugin LevelSequenceEditor
LogPluginManager: Mounting plugin MatineeToLevelSequence
LogPluginManager: Mounting plugin NetcodeUnitTest
LogPluginManager: Mounting plugin NUTUnrealEngine4
LogPluginManager: Mounting plugin OnlineSubsystemGooglePlay
LogPluginManager: Mounting plugin OnlineSubsystemIOS
LogPluginManager: Mounting plugin OnlineSubsystem
LogPluginManager: Mounting plugin OnlineSubsystemNull
LogPluginManager: Mounting plugin OnlineSubsystemUtils
LogPluginManager: Mounting plugin LauncherChunkInstaller
LogPluginManager: Mounting plugin AndroidDeviceProfileSelector
LogPluginManager: Mounting plugin AndroidMoviePlayer
LogPluginManager: Mounting plugin AndroidPermission
LogPluginManager: Mounting plugin AppleMoviePlayer
LogPluginManager: Mounting plugin ArchVisCharacter
LogPluginManager: Mounting plugin AudioCapture
LogPluginManager: Mounting plugin CableComponent
LogPluginManager: Mounting plugin CustomMeshComponent
LogPluginManager: Mounting plugin EditableMesh
LogPluginManager: Mounting plugin ExampleDeviceProfileSelector
LogPluginManager: Mounting plugin Firebase
LogPluginManager: Mounting plugin GoogleCloudMessaging
LogPluginManager: Mounting plugin IOSDeviceProfileSelector
LogPluginManager: Mounting plugin LinuxDeviceProfileSelector
LogPluginManager: Mounting plugin LocationServicesBPLibrary
LogPluginManager: Mounting plugin MobilePatchingUtils
LogPluginManager: Mounting plugin OculusVR
LogPluginManager: Mounting plugin PhysXVehicles
LogPluginManager: Mounting plugin ProceduralMeshComponent
LogPluginManager: Mounting plugin RuntimePhysXCooking
LogPluginManager: Mounting plugin SignificanceManager
LogPluginManager: Mounting plugin SteamVR
LogPluginManager: Mounting plugin WebMMoviePlayer
LogPluginManager: Mounting plugin WindowsMoviePlayer
LogInit: Using libcurl 7.55.1-DEV
LogInit:  - built for x86_64-pc-win32
LogInit:  - supports SSL with OpenSSL/1.1.1
LogInit:  - supports HTTP deflate (compression) using libz 1.2.8
LogInit:  - other features:
LogInit:      CURL_VERSION_SSL
LogInit:      CURL_VERSION_LIBZ
LogInit:      CURL_VERSION_IPV6
LogInit:      CURL_VERSION_ASYNCHDNS
LogInit:      CURL_VERSION_LARGEFILE
LogInit:      CURL_VERSION_IDN
LogInit:  CurlRequestOptions (configurable via config and command line):
LogInit:  - bVerifyPeer = true  - Libcurl will verify peer certificate
LogInit:  - bUseHttpProxy = false  - Libcurl will NOT use HTTP proxy
LogInit:  - bDontReuseConnections = false  - Libcurl will reuse connections
LogInit:  - MaxHostConnections = 16  - Libcurl will limit the number of connections to a host
LogInit:  - LocalHostAddr = Default
LogInit:  - BufferSize = 65536
LogInit: WinSock: version 1.1 (2.2), MaxSocks=32767, MaxUdp=65467
LogInit: Build: ++UE4+Release-4.22-CL-7053642
LogInit: Engine Version: 4.22.3-7053642+++UE4+Release-4.22
LogInit: Compatible Engine Version: 4.22.0-5660361+++UE4+Release-4.22
LogInit: Net CL: 5660361
LogInit: OS: Windows 10 (Release 1909) (), CPU: Intel(R) Core(TM) i7-7700 CPU @ 3.60GHz, GPU: NVIDIA GeForce GTX 1070
LogInit: Compiled (64-bit): Jun 18 2019 03:09:11
LogInit: Compiled with Visual C++: 19.16.27025.01
LogInit: Build Configuration: Development
LogInit: Branch Name: ++UE4+Release-4.22
LogInit: Command Line: 
LogInit: Base Directory: C:/Program Files/Epic Games/UE_4.22/Engine/Binaries/Win64/
LogInit: Installed Engine Build: 1
LogDevObjectVersion: Number of dev versions registered: 23
LogDevObjectVersion:   Dev-Blueprints (B0D832E4-1F89-4F0D-ACCF-7EB736FD4AA2): 10
LogDevObjectVersion:   Dev-Build (E1C64328-A22C-4D53-A36C-8E866417BD8C): 0
LogDevObjectVersion:   Dev-Core (375EC13C-06E4-48FB-B500-84F0262A717E): 3
LogDevObjectVersion:   Dev-Editor (E4B068ED-F494-42E9-A231-DA0B2E46BB41): 30
LogDevObjectVersion:   Dev-Framework (CFFC743F-43B0-4480-9391-14DF171D2073): 35
LogDevObjectVersion:   Dev-Mobile (B02B49B5-BB20-44E9-A304-32B752E40360): 2
LogDevObjectVersion:   Dev-Networking (A4E4105C-59A1-49B5-A7C5-40C4547EDFEE): 0
LogDevObjectVersion:   Dev-Online (39C831C9-5AE6-47DC-9A44-9C173E1C8E7C): 0
LogDevObjectVersion:   Dev-Physics (78F01B33-EBEA-4F98-B9B4-84EACCB95AA2): 0
LogDevObjectVersion:   Dev-Platform (6631380F-2D4D-43E0-8009-CF276956A95A): 0
LogDevObjectVersion:   Dev-Rendering (12F88B9F-8875-4AFC-A67C-D90C383ABD29): 28
LogDevObjectVersion:   Dev-Sequencer (7B5AE74C-D270-4C10-A958-57980B212A5A): 11
LogDevObjectVersion:   Dev-VR (D7296918-1DD6-4BDD-9DE2-64A83CC13884): 2
LogDevObjectVersion:   Dev-LoadTimes (C2A15278-BFE7-4AFE-6C17-90FF531DF755): 1
LogDevObjectVersion:   Private-Geometry (6EACA3D4-40EC-4CC1-B786-8BED09428FC5): 3
LogDevObjectVersion:   Dev-AnimPhys (29E575DD-E0A3-4627-9D10-D276232CDCEA): 17
LogDevObjectVersion:   Dev-Anim (AF43A65D-7FD3-4947-9873-3E8ED9C1BB05): 2
LogDevObjectVersion:   Dev-ReflectionCapture (6B266CEC-1EC7-4B8F-A30B-E4D90942FC07): 1
LogDevObjectVersion:   Dev-Automation (0DF73D61-A23F-47EA-B727-89E90C41499A): 1
LogDevObjectVersion:   FortniteMain (601D1886-AC64-4F84-AA16-D3DE0DEAC7D6): 25
LogDevObjectVersion:   Dev-Enterprise (9DFFBCD6-494F-0158-E221-12823C92A888): 6
LogDevObjectVersion:   Dev-Niagara (F2AED0AC-9AFE-416F-8664-AA7FFA26D6FC): 1
LogDevObjectVersion:   Dev-Destruction (174F1F0B-B4C6-45A5-B13F-2EE8D0FB917D): 2
LogInit: Presizing for max 16777216 objects, including 0 objects not considered by GC, pre-allocating 0 bytes for permanent pool.
LogInit: Object subsystem initialized
LogConfig: Setting CVar [[con.DebugEarlyDefault:1]]
LogConfig: Setting CVar [[r.setres:1280x720]]
[2020.11.08-22.03.02:560][  0]LogConfig: Setting CVar [[r.VSync:0]]
[2020.11.08-22.03.02:560][  0]LogConfig: Setting CVar [[r.RHICmdBypass:0]]
[2020.11.08-22.03.02:560][  0]LogConfig: Applying CVar settings from Section [/Script/Engine.RendererSettings] File [C:/Users/joliver1/Documents/GitHub/Escape/Saved/Config/Windows/Engine.ini]
[2020.11.08-22.03.02:560][  0]LogConfig: Setting CVar [[r.GPUCrashDebugging:0]]
[2020.11.08-22.03.02:560][  0]LogConfig: Applying CVar settings from Section [/Script/Engine.RendererOverrideSettings] File [C:/Users/joliver1/Documents/GitHub/Escape/Saved/Config/Windows/Engine.ini]
[2020.11.08-22.03.02:560][  0]LogConfig: Applying CVar settings from Section [/Script/Engine.StreamingSettings] File [C:/Users/joliver1/Documents/GitHub/Escape/Saved/Config/Windows/Engine.ini]
[2020.11.08-22.03.02:560][  0]LogConfig: Setting CVar [[s.MinBulkDataSizeForAsyncLoading:131072]]
[2020.11.08-22.03.02:560][  0]LogConfig: Setting CVar [[s.AsyncLoadingThreadEnabled:0]]
[2020.11.08-22.03.02:560][  0]LogConfig: Setting CVar [[s.EventDrivenLoaderEnabled:1]]
[2020.11.08-22.03.02:560][  0]LogConfig: Setting CVar [[s.WarnIfTimeLimitExceeded:0]]
[2020.11.08-22.03.02:560][  0]LogConfig: Setting CVar [[s.TimeLimitExceededMultiplier:1.5]]
[2020.11.08-22.03.02:560][  0]LogConfig: Setting CVar [[s.TimeLimitExceededMinTime:0.005]]
[2020.11.08-22.03.02:560][  0]LogConfig: Setting CVar [[s.UseBackgroundLevelStreaming:1]]
[2020.11.08-22.03.02:560][  0]LogConfig: Setting CVar [[s.PriorityAsyncLoadingExtraTime:15.0]]
[2020.11.08-22.03.02:560][  0]LogConfig: Setting CVar [[s.LevelStreamingActorsUpdateTimeLimit:5.0]]
[2020.11.08-22.03.02:560][  0]LogConfig: Setting CVar [[s.PriorityLevelStreamingActorsUpdateExtraTime:5.0]]
[2020.11.08-22.03.02:560][  0]LogConfig: Setting CVar [[s.LevelStreamingComponentsRegistrationGranularity:10]]
[2020.11.08-22.03.02:560][  0]LogConfig: Setting CVar [[s.UnregisterComponentsTimeLimit:1.0]]
[2020.11.08-22.03.02:560][  0]LogConfig: Setting CVar [[s.LevelStreamingComponentsUnregistrationGranularity:5]]
[2020.11.08-22.03.02:560][  0]LogConfig: Applying CVar settings from Section [/Script/Engine.GarbageCollectionSettings] File [C:/Users/joliver1/Documents/GitHub/Escape/Saved/Config/Windows/Engine.ini]
[2020.11.08-22.03.02:560][  0]LogConfig: Setting CVar [[gc.MaxObjectsNotConsideredByGC:1]]
[2020.11.08-22.03.02:560][  0]LogConfig: Setting CVar [[gc.SizeOfPermanentObjectPool:0]]
[2020.11.08-22.03.02:560][  0]LogConfig: Setting CVar [[gc.FlushStreamingOnGC:0]]
[2020.11.08-22.03.02:560][  0]LogConfig: Setting CVar [[gc.NumRetriesBeforeForcingGC:10]]
[2020.11.08-22.03.02:560][  0]LogConfig: Setting CVar [[gc.AllowParallelGC:1]]
[2020.11.08-22.03.02:560][  0]LogConfig: Setting CVar [[gc.TimeBetweenPurgingPendingKillObjects:61.1]]
[2020.11.08-22.03.02:560][  0]LogConfig: Setting CVar [[gc.MaxObjectsInEditor:16777216]]
[2020.11.08-22.03.02:560][  0]LogConfig: Setting CVar [[gc.IncrementalBeginDestroyEnabled:1]]
[2020.11.08-22.03.02:560][  0]LogConfig: Setting CVar [[gc.CreateGCClusters:1]]
[2020.11.08-22.03.02:560][  0]LogConfig: Setting CVar [[gc.MinGCClusterSize:5]]
[2020.11.08-22.03.02:560][  0]LogConfig: Setting CVar [[gc.ActorClusteringEnabled:0]]
[2020.11.08-22.03.02:560][  0]LogConfig: Setting CVar [[gc.BlueprintClusteringEnabled:0]]
[2020.11.08-22.03.02:560][  0]LogConfig: Setting CVar [[gc.UseDisregardForGCOnDedicatedServers:0]]
[2020.11.08-22.03.02:560][  0]LogConfig: Applying CVar settings from Section [/Script/Engine.NetworkSettings] File [C:/Users/joliver1/Documents/GitHub/Escape/Saved/Config/Windows/Engine.ini]
[2020.11.08-22.03.02:560][  0]LogConfig: Applying CVar settings from Section [/Script/UnrealEd.CookerSettings] File [C:/Users/joliver1/Documents/GitHub/Escape/Saved/Config/Windows/Engine.ini]
[2020.11.08-22.03.02:563][  0]LogConfig: Applying CVar settings from Section [ViewDistanceQuality@3] File [C:/Users/joliver1/Documents/GitHub/Escape/Saved/Config/Windows/Scalability.ini]
[2020.11.08-22.03.02:563][  0]LogConfig: Setting CVar [[r.SkeletalMeshLODBias:0]]
[2020.11.08-22.03.02:563][  0]LogConfig: Setting CVar [[r.ViewDistanceScale:1.0]]
[2020.11.08-22.03.02:563][  0]LogConfig: Applying CVar settings from Section [AntiAliasingQuality@3] File [C:/Users/joliver1/Documents/GitHub/Escape/Saved/Config/Windows/Scalability.ini]
[2020.11.08-22.03.02:563][  0]LogConfig: Setting CVar [[r.PostProcessAAQuality:4]]
[2020.11.08-22.03.02:563][  0]LogConfig: Applying CVar settings from Section [ShadowQuality@3] File [C:/Users/joliver1/Documents/GitHub/Escape/Saved/Config/Windows/Scalability.ini]
[2020.11.08-22.03.02:563][  0]LogConfig: Setting CVar [[r.LightFunctionQuality:1]]
[2020.11.08-22.03.02:563][  0]LogConfig: Setting CVar [[r.ShadowQuality:5]]
[2020.11.08-22.03.02:563][  0]LogConfig: Setting CVar [[r.Shadow.CSM.MaxCascades:10]]
[2020.11.08-22.03.02:563][  0]LogConfig: Setting CVar [[r.Shadow.MaxResolution:2048]]
[2020.11.08-22.03.02:563][  0]LogConfig: Setting CVar [[r.Shadow.MaxCSMResolution:2048]]
[2020.11.08-22.03.02:563][  0]LogConfig: Setting CVar [[r.Shadow.RadiusThreshold:0.01]]
[2020.11.08-22.03.02:563][  0]LogConfig: Setting CVar [[r.Shadow.DistanceScale:1.0]]
[2020.11.08-22.03.02:563][  0]LogConfig: Setting CVar [[r.Shadow.CSM.TransitionScale:1.0]]
[2020.11.08-22.03.02:563][  0]LogConfig: Setting CVar [[r.Shadow.PreShadowResolutionFactor:1.0]]
[2020.11.08-22.03.02:563][  0]LogConfig: Setting CVar [[r.DistanceFieldShadowing:1]]
[2020.11.08-22.03.02:563][  0]LogConfig: Setting CVar [[r.DistanceFieldAO:1]]
[2020.11.08-22.03.02:563][  0]LogConfig: Setting CVar [[r.AOQuality:2]]
[2020.11.08-22.03.02:563][  0]LogConfig: Setting CVar [[r.VolumetricFog:1]]
[2020.11.08-22.03.02:563][  0]LogConfig: Setting CVar [[r.VolumetricFog.GridPixelSize:8]]
[2020.11.08-22.03.02:563][  0]LogConfig: Setting CVar [[r.VolumetricFog.GridSizeZ:128]]
[2020.11.08-22.03.02:563][  0]LogConfig: Setting CVar [[r.VolumetricFog.HistoryMissSupersampleCount:4]]
[2020.11.08-22.03.02:563][  0]LogConfig: Setting CVar [[r.LightMaxDrawDistanceScale:1]]
[2020.11.08-22.03.02:563][  0]LogConfig: Setting CVar [[r.CapsuleShadows:1]]
[2020.11.08-22.03.02:563][  0]LogConfig: Applying CVar settings from Section [PostProcessQuality@3] File [C:/Users/joliver1/Documents/GitHub/Escape/Saved/Config/Windows/Scalability.ini]
[2020.11.08-22.03.02:563][  0]LogConfig: Setting CVar [[r.MotionBlurQuality:4]]
[2020.11.08-22.03.02:563][  0]LogConfig: Setting CVar [[r.AmbientOcclusionMipLevelFactor:0.4]]
[2020.11.08-22.03.02:563][  0]LogConfig: Setting CVar [[r.AmbientOcclusionMaxQuality:100]]
[2020.11.08-22.03.02:563][  0]LogConfig: Setting CVar [[r.AmbientOcclusionLevels:-1]]
[2020.11.08-22.03.02:563][  0]LogConfig: Setting CVar [[r.AmbientOcclusionRadiusScale:1.0]]
[2020.11.08-22.03.02:563][  0]LogConfig: Setting CVar [[r.DepthOfFieldQuality:2]]
[2020.11.08-22.03.02:563][  0]LogConfig: Setting CVar [[r.RenderTargetPoolMin:400]]
[2020.11.08-22.03.02:563][  0]LogConfig: Setting CVar [[r.LensFlareQuality:2]]
[2020.11.08-22.03.02:563][  0]LogConfig: Setting CVar [[r.SceneColorFringeQuality:1]]
[2020.11.08-22.03.02:563][  0]LogConfig: Setting CVar [[r.EyeAdaptationQuality:2]]
[2020.11.08-22.03.02:563][  0]LogConfig: Setting CVar [[r.BloomQuality:5]]
[2020.11.08-22.03.02:563][  0]LogConfig: Setting CVar [[r.FastBlurThreshold:100]]
[2020.11.08-22.03.02:563][  0]LogConfig: Setting CVar [[r.Upscale.Quality:3]]
[2020.11.08-22.03.02:563][  0]LogConfig: Setting CVar [[r.Tonemapper.GrainQuantization:1]]
[2020.11.08-22.03.02:563][  0]LogConfig: Setting CVar [[r.LightShaftQuality:1]]
[2020.11.08-22.03.02:563][  0]LogConfig: Setting CVar [[r.Filter.SizeScale:1]]
[2020.11.08-22.03.02:563][  0]LogConfig: Setting CVar [[r.Tonemapper.Quality:5]]
[2020.11.08-22.03.02:563][  0]LogConfig: Setting CVar [[r.DOF.Gather.AccumulatorQuality:1        ; higher gathering accumulator quality]]
[2020.11.08-22.03.02:563][  0]LogConfig: Setting CVar [[r.DOF.Gather.PostfilterMethod:1          ; Median3x3 postfilering method]]
[2020.11.08-22.03.02:563][  0]LogConfig: Setting CVar [[r.DOF.Gather.EnableBokehSettings:0       ; no bokeh simulation when gathering]]
[2020.11.08-22.03.02:563][  0]LogConfig: Setting CVar [[r.DOF.Gather.RingCount:4                 ; medium number of samples when gathering]]
[2020.11.08-22.03.02:563][  0]LogConfig: Setting CVar [[r.DOF.Scatter.ForegroundCompositing:1    ; additive foreground scattering]]
[2020.11.08-22.03.02:563][  0]LogConfig: Setting CVar [[r.DOF.Scatter.BackgroundCompositing:2    ; additive background scattering]]
[2020.11.08-22.03.02:563][  0]LogConfig: Setting CVar [[r.DOF.Scatter.EnableBokehSettings:1      ; bokeh simulation when scattering]]
[2020.11.08-22.03.02:563][  0]LogConfig: Setting CVar [[r.DOF.Scatter.MaxSpriteRatio:0.1         ; only a maximum of 10% of scattered bokeh]]
[2020.11.08-22.03.02:563][  0]LogConfig: Setting CVar [[r.DOF.Recombine.Quality:1                ; cheap slight out of focus]]
[2020.11.08-22.03.02:563][  0]LogConfig: Setting CVar [[r.DOF.Recombine.EnableBokehSettings:0    ; no bokeh simulation on slight out of focus]]
[2020.11.08-22.03.02:563][  0]LogConfig: Setting CVar [[r.DOF.TemporalAAQuality:1                ; more stable temporal accumulation]]
[2020.11.08-22.03.02:563][  0]LogConfig: Setting CVar [[r.DOF.Kernel.MaxForegroundRadius:0.025]]
[2020.11.08-22.03.02:563][  0]LogConfig: Setting CVar [[r.DOF.Kernel.MaxBackgroundRadius:0.025]]
[2020.11.08-22.03.02:563][  0]LogConfig: Applying CVar settings from Section [TextureQuality@3] File [C:/Users/joliver1/Documents/GitHub/Escape/Saved/Config/Windows/Scalability.ini]
[2020.11.08-22.03.02:563][  0]LogConfig: Setting CVar [[r.Streaming.MipBias:0]]
[2020.11.08-22.03.02:563][  0]LogConfig: Setting CVar [[r.Streaming.AmortizeCPUToGPUCopy:0]]
[2020.11.08-22.03.02:563][  0]LogConfig: Setting CVar [[r.Streaming.MaxNumTexturesToStreamPerFrame:0]]
[2020.11.08-22.03.02:563][  0]LogConfig: Setting CVar [[r.Streaming.Boost:1]]
[2020.11.08-22.03.02:563][  0]LogConfig: Setting CVar [[r.MaxAnisotropy:8]]
[2020.11.08-22.03.02:563][  0]LogConfig: Setting CVar [[r.Streaming.LimitPoolSizeToVRAM:0]]
[2020.11.08-22.03.02:563][  0]LogConfig: Setting CVar [[r.Streaming.PoolSize:1000]]
[2020.11.08-22.03.02:563][  0]LogConfig: Setting CVar [[r.Streaming.MaxEffectiveScreenSize:0]]
[2020.11.08-22.03.02:563][  0]LogConfig: Applying CVar settings from Section [EffectsQuality@3] File [C:/Users/joliver1/Documents/GitHub/Escape/Saved/Config/Windows/Scalability.ini]
[2020.11.08-22.03.02:564][  0]LogConfig: Setting CVar [[r.TranslucencyLightingVolumeDim:64]]
[2020.11.08-22.03.02:564][  0]LogConfig: Setting CVar [[r.RefractionQuality:2]]
[2020.11.08-22.03.02:564][  0]LogConfig: Setting CVar [[r.SSR.Quality:3]]
[2020.11.08-22.03.02:564][  0]LogConfig: Setting CVar [[r.SceneColorFormat:4]]
[2020.11.08-22.03.02:564][  0]LogConfig: Setting CVar [[r.DetailMode:2]]
[2020.11.08-22.03.02:564][  0]LogConfig: Setting CVar [[r.TranslucencyVolumeBlur:1]]
[2020.11.08-22.03.02:564][  0]LogConfig: Setting CVar [[r.MaterialQualityLevel:1 ; High quality]]
[2020.11.08-22.03.02:564][  0]LogConfig: Setting CVar [[r.SSS.Scale:1]]
[2020.11.08-22.03.02:564][  0]LogConfig: Setting CVar [[r.SSS.SampleSet:2]]
[2020.11.08-22.03.02:564][  0]LogConfig: Setting CVar [[r.SSS.Quality:1]]
[2020.11.08-22.03.02:564][  0]LogConfig: Setting CVar [[r.SSS.HalfRes:1]]
[2020.11.08-22.03.02:564][  0]LogConfig: Setting CVar [[r.EmitterSpawnRateScale:1.0]]
[2020.11.08-22.03.02:564][  0]LogConfig: Setting CVar [[r.ParticleLightQuality:2]]
[2020.11.08-22.03.02:564][  0]LogConfig: Applying CVar settings from Section [FoliageQuality@3] File [C:/Users/joliver1/Documents/GitHub/Escape/Saved/Config/Windows/Scalability.ini]
[2020.11.08-22.03.02:564][  0]LogConfig: Setting CVar [[foliage.DensityScale:1.0]]
[2020.11.08-22.03.02:564][  0]LogConfig: Setting CVar [[grass.DensityScale:1.0]]
[2020.11.08-22.03.02:564][  0]LogInit: Selected Device Profile: [Windows]
[2020.11.08-22.03.02:564][  0]LogInit: Applying CVar settings loaded from the selected device profile: [Windows]
[2020.11.08-22.03.02:578][  0]LogHAL: Display: Platform has ~ 32 GB [34301571072 / 34359738368 / 32], which maps to Largest [LargestMinGB=32, LargerMinGB=12, DefaultMinGB=8, SmallerMinGB=6, SmallestMinGB=0)
[2020.11.08-22.03.02:578][  0]LogConfig: Setting CVar [[r.Vulkan.UseRealUBs:0		; Required until we fix HLR fall-out]]
[2020.11.08-22.03.02:578][  0]LogInit: Going up to parent DeviceProfile []
[2020.11.08-22.03.02:578][  0]LogConfig: Applying CVar settings from Section [ViewDistanceQuality@3] File [C:/Users/joliver1/Documents/GitHub/Escape/Saved/Config/Windows/Scalability.ini]
[2020.11.08-22.03.02:578][  0]LogConfig: Setting CVar [[r.SkeletalMeshLODBias:0]]
[2020.11.08-22.03.02:578][  0]LogConfig: Setting CVar [[r.ViewDistanceScale:1.0]]
[2020.11.08-22.03.02:578][  0]LogConfig: Applying CVar settings from Section [AntiAliasingQuality@3] File [C:/Users/joliver1/Documents/GitHub/Escape/Saved/Config/Windows/Scalability.ini]
[2020.11.08-22.03.02:578][  0]LogConfig: Setting CVar [[r.PostProcessAAQuality:4]]
[2020.11.08-22.03.02:578][  0]LogConfig: Applying CVar settings from Section [ShadowQuality@3] File [C:/Users/joliver1/Documents/GitHub/Escape/Saved/Config/Windows/Scalability.ini]
[2020.11.08-22.03.02:578][  0]LogConfig: Setting CVar [[r.LightFunctionQuality:1]]
[2020.11.08-22.03.02:578][  0]LogConfig: Setting CVar [[r.ShadowQuality:5]]
[2020.11.08-22.03.02:578][  0]LogConfig: Setting CVar [[r.Shadow.CSM.MaxCascades:10]]
[2020.11.08-22.03.02:578][  0]LogConfig: Setting CVar [[r.Shadow.MaxResolution:2048]]
[2020.11.08-22.03.02:578][  0]LogConfig: Setting CVar [[r.Shadow.MaxCSMResolution:2048]]
[2020.11.08-22.03.02:578][  0]LogConfig: Setting CVar [[r.Shadow.RadiusThreshold:0.01]]
[2020.11.08-22.03.02:578][  0]LogConfig: Setting CVar [[r.Shadow.DistanceScale:1.0]]
[2020.11.08-22.03.02:578][  0]LogConfig: Setting CVar [[r.Shadow.CSM.TransitionScale:1.0]]
[2020.11.08-22.03.02:578][  0]LogConfig: Setting CVar [[r.Shadow.PreShadowResolutionFactor:1.0]]
[2020.11.08-22.03.02:578][  0]LogConfig: Setting CVar [[r.DistanceFieldShadowing:1]]
[2020.11.08-22.03.02:578][  0]LogConfig: Setting CVar [[r.DistanceFieldAO:1]]
[2020.11.08-22.03.02:578][  0]LogConfig: Setting CVar [[r.AOQuality:2]]
[2020.11.08-22.03.02:578][  0]LogConfig: Setting CVar [[r.VolumetricFog:1]]
[2020.11.08-22.03.02:578][  0]LogConfig: Setting CVar [[r.VolumetricFog.GridPixelSize:8]]
[2020.11.08-22.03.02:578][  0]LogConfig: Setting CVar [[r.VolumetricFog.GridSizeZ:128]]
[2020.11.08-22.03.02:578][  0]LogConfig: Setting CVar [[r.VolumetricFog.HistoryMissSupersampleCount:4]]
[2020.11.08-22.03.02:578][  0]LogConfig: Setting CVar [[r.LightMaxDrawDistanceScale:1]]
[2020.11.08-22.03.02:578][  0]LogConfig: Setting CVar [[r.CapsuleShadows:1]]
[2020.11.08-22.03.02:578][  0]LogConfig: Applying CVar settings from Section [PostProcessQuality@3] File [C:/Users/joliver1/Documents/GitHub/Escape/Saved/Config/Windows/Scalability.ini]
[2020.11.08-22.03.02:578][  0]LogConfig: Setting CVar [[r.MotionBlurQuality:4]]
[2020.11.08-22.03.02:578][  0]LogConfig: Setting CVar [[r.AmbientOcclusionMipLevelFactor:0.4]]
[2020.11.08-22.03.02:578][  0]LogConfig: Setting CVar [[r.AmbientOcclusionMaxQuality:100]]
[2020.11.08-22.03.02:578][  0]LogConfig: Setting CVar [[r.AmbientOcclusionLevels:-1]]
[2020.11.08-22.03.02:578][  0]LogConfig: Setting CVar [[r.AmbientOcclusionRadiusScale:1.0]]
[2020.11.08-22.03.02:578][  0]LogConfig: Setting CVar [[r.DepthOfFieldQuality:2]]
[2020.11.08-22.03.02:578][  0]LogConfig: Setting CVar [[r.RenderTargetPoolMin:400]]
[2020.11.08-22.03.02:578][  0]LogConfig: Setting CVar [[r.LensFlareQuality:2]]
[2020.11.08-22.03.02:578][  0]LogConfig: Setting CVar [[r.SceneColorFringeQuality:1]]
[2020.11.08-22.03.02:578][  0]LogConfig: Setting CVar [[r.EyeAdaptationQuality:2]]
[2020.11.08-22.03.02:578][  0]LogConfig: Setting CVar [[r.BloomQuality:5]]
[2020.11.08-22.03.02:578][  0]LogConfig: Setting CVar [[r.FastBlurThreshold:100]]
[2020.11.08-22.03.02:578][  0]LogConfig: Setting CVar [[r.Upscale.Quality:3]]
[2020.11.08-22.03.02:578][  0]LogConfig: Setting CVar [[r.Tonemapper.GrainQuantization:1]]
[2020.11.08-22.03.02:578][  0]LogConfig: Setting CVar [[r.LightShaftQuality:1]]
[2020.11.08-22.03.02:578][  0]LogConfig: Setting CVar [[r.Filter.SizeScale:1]]
[2020.11.08-22.03.02:578][  0]LogConfig: Setting CVar [[r.Tonemapper.Quality:5]]
[2020.11.08-22.03.02:578][  0]LogConfig: Setting CVar [[r.DOF.Gather.AccumulatorQuality:1        ; higher gathering accumulator quality]]
[2020.11.08-22.03.02:578][  0]LogConfig: Setting CVar [[r.DOF.Gather.PostfilterMethod:1          ; Median3x3 postfilering method]]
[2020.11.08-22.03.02:578][  0]LogConfig: Setting CVar [[r.DOF.Gather.EnableBokehSettings:0       ; no bokeh simulation when gathering]]
[2020.11.08-22.03.02:578][  0]LogConfig: Setting CVar [[r.DOF.Gather.RingCount:4                 ; medium number of samples when gathering]]
[2020.11.08-22.03.02:578][  0]LogConfig: Setting CVar [[r.DOF.Scatter.ForegroundCompositing:1    ; additive foreground scattering]]
[2020.11.08-22.03.02:578][  0]LogConfig: Setting CVar [[r.DOF.Scatter.BackgroundCompositing:2    ; additive background scattering]]
[2020.11.08-22.03.02:578][  0]LogConfig: Setting CVar [[r.DOF.Scatter.EnableBokehSettings:1      ; bokeh simulation when scattering]]
[2020.11.08-22.03.02:578][  0]LogConfig: Setting CVar [[r.DOF.Scatter.MaxSpriteRatio:0.1         ; only a maximum of 10% of scattered bokeh]]
[2020.11.08-22.03.02:578][  0]LogConfig: Setting CVar [[r.DOF.Recombine.Quality:1                ; cheap slight out of focus]]
[2020.11.08-22.03.02:578][  0]LogConfig: Setting CVar [[r.DOF.Recombine.EnableBokehSettings:0    ; no bokeh simulation on slight out of focus]]
[2020.11.08-22.03.02:578][  0]LogConfig: Setting CVar [[r.DOF.TemporalAAQuality:1                ; more stable temporal accumulation]]
[2020.11.08-22.03.02:578][  0]LogConfig: Setting CVar [[r.DOF.Kernel.MaxForegroundRadius:0.025]]
[2020.11.08-22.03.02:578][  0]LogConfig: Setting CVar [[r.DOF.Kernel.MaxBackgroundRadius:0.025]]
[2020.11.08-22.03.02:578][  0]LogConfig: Applying CVar settings from Section [TextureQuality@3] File [C:/Users/joliver1/Documents/GitHub/Escape/Saved/Config/Windows/Scalability.ini]
[2020.11.08-22.03.02:579][  0]LogConfig: Setting CVar [[r.Streaming.MipBias:0]]
[2020.11.08-22.03.02:579][  0]LogConfig: Setting CVar [[r.Streaming.AmortizeCPUToGPUCopy:0]]
[2020.11.08-22.03.02:579][  0]LogConfig: Setting CVar [[r.Streaming.MaxNumTexturesToStreamPerFrame:0]]
[2020.11.08-22.03.02:579][  0]LogConfig: Setting CVar [[r.Streaming.Boost:1]]
[2020.11.08-22.03.02:579][  0]LogConfig: Setting CVar [[r.MaxAnisotropy:8]]
[2020.11.08-22.03.02:579][  0]LogConfig: Setting CVar [[r.Streaming.LimitPoolSizeToVRAM:0]]
[2020.11.08-22.03.02:579][  0]LogConfig: Setting CVar [[r.Streaming.PoolSize:1000]]
[2020.11.08-22.03.02:579][  0]LogConfig: Setting CVar [[r.Streaming.MaxEffectiveScreenSize:0]]
[2020.11.08-22.03.02:579][  0]LogConfig: Applying CVar settings from Section [EffectsQuality@3] File [C:/Users/joliver1/Documents/GitHub/Escape/Saved/Config/Windows/Scalability.ini]
[2020.11.08-22.03.02:579][  0]LogConfig: Setting CVar [[r.TranslucencyLightingVolumeDim:64]]
[2020.11.08-22.03.02:579][  0]LogConfig: Setting CVar [[r.RefractionQuality:2]]
[2020.11.08-22.03.02:579][  0]LogConfig: Setting CVar [[r.SSR.Quality:3]]
[2020.11.08-22.03.02:579][  0]LogConfig: Setting CVar [[r.SceneColorFormat:4]]
[2020.11.08-22.03.02:579][  0]LogConfig: Setting CVar [[r.DetailMode:2]]
[2020.11.08-22.03.02:579][  0]LogConfig: Setting CVar [[r.TranslucencyVolumeBlur:1]]
[2020.11.08-22.03.02:579][  0]LogConfig: Setting CVar [[r.MaterialQualityLevel:1 ; High quality]]
[2020.11.08-22.03.02:579][  0]LogConfig: Setting CVar [[r.SSS.Scale:1]]
[2020.11.08-22.03.02:579][  0]LogConfig: Setting CVar [[r.SSS.SampleSet:2]]
[2020.11.08-22.03.02:579][  0]LogConfig: Setting CVar [[r.SSS.Quality:1]]
[2020.11.08-22.03.02:579][  0]LogConfig: Setting CVar [[r.SSS.HalfRes:1]]
[2020.11.08-22.03.02:579][  0]LogConfig: Setting CVar [[r.EmitterSpawnRateScale:1.0]]
[2020.11.08-22.03.02:579][  0]LogConfig: Setting CVar [[r.ParticleLightQuality:2]]
[2020.11.08-22.03.02:579][  0]LogConfig: Applying CVar settings from Section [FoliageQuality@3] File [C:/Users/joliver1/Documents/GitHub/Escape/Saved/Config/Windows/Scalability.ini]
[2020.11.08-22.03.02:579][  0]LogConfig: Setting CVar [[foliage.DensityScale:1.0]]
[2020.11.08-22.03.02:579][  0]LogConfig: Setting CVar [[grass.DensityScale:1.0]]
[2020.11.08-22.03.02:579][  0]LogConfig: Applying CVar settings from Section [Startup] File [../../../Engine/Config/ConsoleVariables.ini]
[2020.11.08-22.03.02:579][  0]LogConfig: Setting CVar [[net.UseAdaptiveNetUpdateFrequency:0]]
[2020.11.08-22.03.02:579][  0]LogConfig: Setting CVar [[p.chaos.AllowCreatePhysxBodies:1]]
[2020.11.08-22.03.02:579][  0]LogConfig: Applying CVar settings from Section [ConsoleVariables] File [C:/Users/joliver1/Documents/GitHub/Escape/Saved/Config/Windows/Engine.ini]
[2020.11.08-22.03.02:579][  0]LogInit: Computer: NQSCGL-MSI-05
[2020.11.08-22.03.02:579][  0]LogInit: User: joliver1
[2020.11.08-22.03.02:579][  0]LogInit: CPU Page size=4096, Cores=4
[2020.11.08-22.03.02:579][  0]LogInit: High frequency timer resolution =10.000000 MHz
[2020.11.08-22.03.02:579][  0]LogMemory: Memory total: Physical=31.9GB (32GB approx)
[2020.11.08-22.03.02:579][  0]LogMemory: Platform Memory Stats for Windows
[2020.11.08-22.03.02:579][  0]LogMemory: Process Physical Memory: 96.23 MB used, 96.23 MB peak
[2020.11.08-22.03.02:579][  0]LogMemory: Process Virtual Memory: 90.39 MB used, 90.39 MB peak
[2020.11.08-22.03.02:579][  0]LogMemory: Physical Memory: 8590.84 MB used,  24121.69 MB free, 32712.53 MB total
[2020.11.08-22.03.02:579][  0]LogMemory: Virtual Memory: 4643.82 MB used,  134213088.00 MB free, 134217728.00 MB total
[2020.11.08-22.03.02:603][  0]LogInit: Using OS detected language (en-US).
[2020.11.08-22.03.02:603][  0]LogInit: Using OS detected locale (en-US).
[2020.11.08-22.03.02:604][  0]LogTextLocalizationManager: No specific localization for 'en-US' exists, so the 'en' localization will be used.
[2020.11.08-22.03.02:768][  0]LogInit: Setting process to per monitor DPI aware
[2020.11.08-22.03.02:794][  0]LogSlate: New Slate User Created.  User Index 0, Is Virtual User: 0
[2020.11.08-22.03.02:794][  0]LogSlate: Slate User Registered.  User Index 0, Is Virtual User: 0
[2020.11.08-22.03.02:942][  0]LogHMD: Failed to initialize OpenVR with code 110
[2020.11.08-22.03.02:942][  0]LogD3D11RHI: D3D11 adapters:
[2020.11.08-22.03.02:992][  0]LogD3D11RHI:    0. 'NVIDIA GeForce GTX 1070' (Feature Level 11_0)
[2020.11.08-22.03.02:992][  0]LogD3D11RHI:       8088/0/16356 MB DedicatedVideo/DedicatedSystem/SharedSystem, Outputs:1, VendorId:0x10de
[2020.11.08-22.03.02:994][  0]LogD3D11RHI:    1. 'Microsoft Basic Render Driver' (Feature Level 11_0)
[2020.11.08-22.03.02:994][  0]LogD3D11RHI:       0/0/16356 MB DedicatedVideo/DedicatedSystem/SharedSystem, Outputs:0, VendorId:0x1414
[2020.11.08-22.03.02:994][  0]LogD3D11RHI: Chosen D3D11 Adapter: 0
[2020.11.08-22.03.03:001][  0]LogD3D11RHI: Creating new Direct3DDevice
[2020.11.08-22.03.03:001][  0]LogD3D11RHI:     GPU DeviceId: 0x1b81 (for the marketing name, search the web for "GPU Device Id")
[2020.11.08-22.03.03:001][  0]LogWindows: EnumDisplayDevices:
[2020.11.08-22.03.03:001][  0]LogWindows:    0. 'NVIDIA GeForce GTX 1070' (P:1 D:1)
[2020.11.08-22.03.03:001][  0]LogWindows:    1. 'NVIDIA GeForce GTX 1070' (P:0 D:0)
[2020.11.08-22.03.03:001][  0]LogWindows:    2. 'NVIDIA GeForce GTX 1070' (P:0 D:0)
[2020.11.08-22.03.03:001][  0]LogWindows:    3. 'NVIDIA GeForce GTX 1070' (P:0 D:0)
[2020.11.08-22.03.03:002][  0]LogWindows: DebugString: FoundDriverCount:4 
[2020.11.08-22.03.03:002][  0]LogD3D11RHI:     Adapter Name: NVIDIA GeForce GTX 1070
[2020.11.08-22.03.03:002][  0]LogD3D11RHI:   Driver Version: 451.67 (internal:27.21.14.5167, unified:451.67)
[2020.11.08-22.03.03:002][  0]LogD3D11RHI:      Driver Date: 7-5-2020
[2020.11.08-22.03.03:002][  0]LogRHI: Texture pool is 5661 MB (70% of 8088 MB)
[2020.11.08-22.03.03:037][  0]LogD3D11RHI: Async texture creation enabled
[2020.11.08-22.03.03:040][  0]LogRendererCore: FGlobalReadBuffer::InitRHI
[2020.11.08-22.03.03:040][  0]LogRendererCore: FGlobalReadBuffer::InitRHI
[2020.11.08-22.03.03:040][  0]LogRendererCore: FGlobalReadBuffer::InitRHI
[2020.11.08-22.03.03:048][  0]LogD3D11RHI: GPU Timing Frequency: 1000.000000 (Debug: 2 1)
[2020.11.08-22.03.03:335][  0]LogTemp: Display: Module 'AllDesktopTargetPlatform' loaded TargetPlatform 'AllDesktop'
[2020.11.08-22.03.03:347][  0]LogTemp: Display: Module 'MacClientTargetPlatform' loaded TargetPlatform 'MacClient'
[2020.11.08-22.03.03:358][  0]LogTemp: Display: Module 'MacNoEditorTargetPlatform' loaded TargetPlatform 'MacNoEditor'
[2020.11.08-22.03.03:370][  0]LogTemp: Display: Module 'MacServerTargetPlatform' loaded TargetPlatform 'MacServer'
[2020.11.08-22.03.03:381][  0]LogTemp: Display: Module 'MacTargetPlatform' loaded TargetPlatform 'Mac'
[2020.11.08-22.03.03:393][  0]LogTemp: Display: Module 'WindowsClientTargetPlatform' loaded TargetPlatform 'WindowsClient'
[2020.11.08-22.03.03:404][  0]LogTemp: Display: Module 'WindowsNoEditorTargetPlatform' loaded TargetPlatform 'WindowsNoEditor'
[2020.11.08-22.03.03:416][  0]LogTemp: Display: Module 'WindowsServerTargetPlatform' loaded TargetPlatform 'WindowsServer'
[2020.11.08-22.03.03:422][  0]LogTemp: Display: Module 'WindowsTargetPlatform' loaded TargetPlatform 'Windows'
[2020.11.08-22.03.03:491][  0]LogTemp: Display: Module 'AndroidTargetPlatform' loaded TargetPlatform 'Android'
[2020.11.08-22.03.03:491][  0]LogTemp: Display: Module 'AndroidTargetPlatform' loaded TargetPlatform 'Android_ASTC'
[2020.11.08-22.03.03:491][  0]LogTemp: Display: Module 'AndroidTargetPlatform' loaded TargetPlatform 'Android_ATC'
[2020.11.08-22.03.03:491][  0]LogTemp: Display: Module 'AndroidTargetPlatform' loaded TargetPlatform 'Android_DXT'
[2020.11.08-22.03.03:491][  0]LogTemp: Display: Module 'AndroidTargetPlatform' loaded TargetPlatform 'Android_ETC1'
[2020.11.08-22.03.03:491][  0]LogTemp: Display: Module 'AndroidTargetPlatform' loaded TargetPlatform 'Android_ETC1a'
[2020.11.08-22.03.03:491][  0]LogTemp: Display: Module 'AndroidTargetPlatform' loaded TargetPlatform 'Android_ETC2'
[2020.11.08-22.03.03:491][  0]LogTemp: Display: Module 'AndroidTargetPlatform' loaded TargetPlatform 'Android_PVRTC'
[2020.11.08-22.03.03:491][  0]LogTemp: Display: Module 'AndroidTargetPlatform' loaded TargetPlatform 'AndroidClient'
[2020.11.08-22.03.03:491][  0]LogTemp: Display: Module 'AndroidTargetPlatform' loaded TargetPlatform 'Android_ASTCClient'
[2020.11.08-22.03.03:491][  0]LogTemp: Display: Module 'AndroidTargetPlatform' loaded TargetPlatform 'Android_ATCClient'
[2020.11.08-22.03.03:491][  0]LogTemp: Display: Module 'AndroidTargetPlatform' loaded TargetPlatform 'Android_DXTClient'
[2020.11.08-22.03.03:491][  0]LogTemp: Display: Module 'AndroidTargetPlatform' loaded TargetPlatform 'Android_ETC1Client'
[2020.11.08-22.03.03:491][  0]LogTemp: Display: Module 'AndroidTargetPlatform' loaded TargetPlatform 'Android_ETC1aClient'
[2020.11.08-22.03.03:491][  0]LogTemp: Display: Module 'AndroidTargetPlatform' loaded TargetPlatform 'Android_ETC2Client'
[2020.11.08-22.03.03:491][  0]LogTemp: Display: Module 'AndroidTargetPlatform' loaded TargetPlatform 'Android_PVRTCClient'
[2020.11.08-22.03.03:491][  0]LogTemp: Display: Module 'AndroidTargetPlatform' loaded TargetPlatform 'Android_Multi'
[2020.11.08-22.03.03:491][  0]LogTemp: Display: Module 'AndroidTargetPlatform' loaded TargetPlatform 'Android_MultiClient'
[2020.11.08-22.03.03:492][  0]LogTemp: Display: Module 'HTML5TargetPlatform' loaded TargetPlatform 'HTML5'
[2020.11.08-22.03.03:537][  0]LogTemp: Display: Module 'IOSTargetPlatform' loaded TargetPlatform 'IOSClient'
[2020.11.08-22.03.03:537][  0]LogTemp: Display: Module 'IOSTargetPlatform' loaded TargetPlatform 'IOS'
[2020.11.08-22.03.03:557][  0]LogTemp: Display: Module 'TVOSTargetPlatform' loaded TargetPlatform 'TVOSClient'
[2020.11.08-22.03.03:557][  0]LogTemp: Display: Module 'TVOSTargetPlatform' loaded TargetPlatform 'TVOS'
[2020.11.08-22.03.03:568][  0]LogTemp: Display: Module 'LinuxClientTargetPlatform' loaded TargetPlatform 'LinuxClient'
[2020.11.08-22.03.03:579][  0]LogTemp: Display: Module 'LinuxNoEditorTargetPlatform' loaded TargetPlatform 'LinuxNoEditor'
[2020.11.08-22.03.03:590][  0]LogTemp: Display: Module 'LinuxServerTargetPlatform' loaded TargetPlatform 'LinuxServer'
[2020.11.08-22.03.03:601][  0]LogTemp: Display: Module 'LinuxTargetPlatform' loaded TargetPlatform 'Linux'
[2020.11.08-22.03.03:642][  0]LogTemp: Display: Module 'LuminTargetPlatform' loaded TargetPlatform 'Lumin'
[2020.11.08-22.03.03:642][  0]LogTemp: Display: Module 'LuminTargetPlatform' loaded TargetPlatform 'LuminClient'
[2020.11.08-22.03.03:642][  0]LogTargetPlatformManager: Display: Building Assets For Windows
[2020.11.08-22.03.03:651][  0]LogAudioDebug: Display: Lib vorbis DLL was dynamically loaded.
[2020.11.08-22.03.03:695][  0]LogShaderCompilers: Guid format shader working directory is -8 characters bigger than the processId version (../../../../../../Users/joliver1/Documents/GitHub/Escape/Intermediate/Shaders/WorkingDirectory/10116/).
[2020.11.08-22.03.03:695][  0]LogShaderCompilers: Cleaned the shader compiler working directory 'C:/Users/joliver1/AppData/Local/Temp/UnrealShaderWorkingDir/2E7B8B0744ADCD2CB6BEF2B5F3B2B181/'.
[2020.11.08-22.03.03:697][  0]LogXGEController: Cannot use XGE Controller as Incredibuild is not installed on this machine.
[2020.11.08-22.03.03:697][  0]LogShaderCompilers: Cannot use XGE Shader Compiler as Incredibuild is not installed on this machine.
[2020.11.08-22.03.03:698][  0]LogShaderCompilers: Display: Using Local Shader Compiler.
[2020.11.08-22.03.04:178][  0]LogDerivedDataCache: Display: Max Cache Size: 512 MB
[2020.11.08-22.03.04:232][  0]LogDerivedDataCache: Loaded boot cache 0.05s 73MB C:/Users/joliver1/AppData/Local/UnrealEngine/4.22/DerivedDataCache/Boot.ddc.
[2020.11.08-22.03.04:232][  0]LogDerivedDataCache: Display: Loaded Boot cache: C:/Users/joliver1/AppData/Local/UnrealEngine/4.22/DerivedDataCache/Boot.ddc
[2020.11.08-22.03.04:232][  0]LogDerivedDataCache: FDerivedDataBackendGraph:  Pak pak cache file ../../../../../../Users/joliver1/Documents/GitHub/Escape/DerivedDataCache/DDC.ddp not found, will not use a pak cache.
[2020.11.08-22.03.04:232][  0]LogDerivedDataCache: Unable to find inner node Pak for hierarchical cache Hierarchy.
[2020.11.08-22.03.04:232][  0]LogDerivedDataCache: FDerivedDataBackendGraph:  CompressedPak pak cache file ../../../../../../Users/joliver1/Documents/GitHub/Escape/DerivedDataCache/Compressed.ddp not found, will not use a pak cache.
[2020.11.08-22.03.04:232][  0]LogDerivedDataCache: Unable to find inner node CompressedPak for hierarchical cache Hierarchy.
[2020.11.08-22.03.04:242][  0]LogDerivedDataCache: Display: Pak cache opened for reading ../../../Engine/DerivedDataCache/Compressed.ddp.
[2020.11.08-22.03.04:242][  0]LogDerivedDataCache: FDerivedDataBackendGraph:  EnterprisePak pak cache file ../../../Enterprise/DerivedDataCache/Compressed.ddp not found, will not use a pak cache.
[2020.11.08-22.03.04:242][  0]LogDerivedDataCache: Unable to find inner node EnterprisePak for hierarchical cache Hierarchy.
[2020.11.08-22.03.04:255][  0]LogDerivedDataCache: Using Local data cache path C:/Users/joliver1/AppData/Local/UnrealEngine/Common/DerivedDataCache: Writable
[2020.11.08-22.03.04:255][  0]LogDerivedDataCache: Shared data cache path not found in *engine.ini, will not use an Shared cache.
[2020.11.08-22.03.04:255][  0]LogDerivedDataCache: Unable to find inner node Shared for hierarchical cache Hierarchy.
[2020.11.08-22.03.04:276][  0]LogMaterial: Verifying Global Shaders for PCD3D_SM5
[2020.11.08-22.03.04:276][  0]LogSlate: Using FreeType 2.6.0
[2020.11.08-22.03.04:277][  0]LogSlate: SlateFontServices - WITH_FREETYPE: 1, WITH_HARFBUZZ: 1
[2020.11.08-22.03.04:351][  0]LogAssetRegistry: FAssetRegistry took 0.0313 seconds to start up
[2020.11.08-22.03.04:635][  0]LogInit: Selected Device Profile: [Windows]
[2020.11.08-22.03.04:748][  0]LogMeshReduction: Using QuadricMeshReduction for automatic static mesh reduction
[2020.11.08-22.03.04:748][  0]LogMeshReduction: Using SimplygonMeshReduction for automatic skeletal mesh reduction
[2020.11.08-22.03.04:748][  0]LogMeshReduction: Using ProxyLODMeshReduction for automatic mesh merging
[2020.11.08-22.03.04:748][  0]LogMeshReduction: No distributed automatic mesh merging module available
[2020.11.08-22.03.04:748][  0]LogMeshMerging: No distributed automatic mesh merging module available
[2020.11.08-22.03.04:757][  0]LogNetVersion: Escape 1.0.0, NetCL: 5660361, EngineNetVer: 10, GameNetVer: 0 (Checksum: 1356091847)
[2020.11.08-22.03.05:147][  0]LogPackageLocalizationCache: Processed 10 localized package path(s) for 1 prioritized culture(s) in 0.067494 seconds
[2020.11.08-22.03.05:152][  0]LogUObjectArray: 42205 objects as part of root set at end of initial load.
[2020.11.08-22.03.05:152][  0]LogUObjectAllocator: 7325032 out of 0 bytes used by permanent object pool.
[2020.11.08-22.03.05:152][  0]LogUObjectArray: CloseDisregardForGC: 0/0 objects in disregard for GC pool
[2020.11.08-22.03.07:975][  0]LogTcpMessaging: Initializing TcpMessaging bridge
[2020.11.08-22.03.07:989][  0]LogUdpMessaging: Initializing bridge on interface 0.0.0.0:0 to multicast group 230.0.0.1:6666.
[2020.11.08-22.03.08:695][  0]SourceControl: Source control is disabled
[2020.11.08-22.03.08:695][  0]SourceControl: Source control is disabled
[2020.11.08-22.03.08:696][  0]SourceControl: Source control is disabled
[2020.11.08-22.03.08:697][  0]SourceControl: Source control is disabled
[2020.11.08-22.03.08:705][  0]LogVSAccessor: Display: Unable to create Visual Studio setup instance: 80040154
[2020.11.08-22.03.08:706][  0]LogVSAccessor: Display: Unable to create Visual Studio setup instance: 80040154
[2020.11.08-22.03.08:799][  0]LogAndroidPermission: UAndroidPermissionCallbackProxy::GetInstance
[2020.11.08-22.03.08:966][  0]LogOcInput: OculusInput pre-init called
[2020.11.08-22.03.09:976][  0]LogEngine: Initializing Engine...
[2020.11.08-22.03.09:977][  0]LogHMD: Failed to initialize OpenVR with code 110
[2020.11.08-22.03.09:978][  0]LogStats: UGameplayTagsManager::InitializeManager -  0.000 s
[2020.11.08-22.03.13:249][  0]LogInit: Initializing FReadOnlyCVARCache
[2020.11.08-22.03.13:268][  0]LogAIModule: Creating AISystem for world Untitled
[2020.11.08-22.03.13:341][  0]LogInit: XAudio2 using 'Realtek Digital Output (Realtek High Definition Audio)' : 2 channels at 48 kHz using 16 bits per sample (channel mask 0x3)
[2020.11.08-22.03.13:449][  0]LogInit: FAudioDevice initialized.
[2020.11.08-22.03.13:449][  0]LogNetVersion: Set ProjectVersion to 1.0.0.0. Version Checksum will be recalculated on next use.
[2020.11.08-22.03.13:731][  0]LogDerivedDataCache: Error: Could not save memory cache C:/Users/joliver1/AppData/Local/UnrealEngine/4.22/DerivedDataCache/Boot.ddc.
[2020.11.08-22.03.13:732][  0]LogInit: Texture streaming: Enabled
[2020.11.08-22.03.13:751][  0]LogEngineSessionManager: EngineSessionManager initialized
[2020.11.08-22.03.13:774][  0]LogInit: Transaction tracking system initialized
[2020.11.08-22.03.13:800][  0]BlueprintLog: New page: Editor Load
[2020.11.08-22.03.13:892][  0]LocalizationService: Localization service is disabled
[2020.11.08-22.03.14:013][  0]LogVSAccessor: Display: Unable to create Visual Studio setup instance: 80040154
[2020.11.08-22.03.14:013][  0]LogVSAccessor: Display: Unable to create Visual Studio setup instance: 80040154
[2020.11.08-22.03.18:078][  0]LogFileCache: Scanning file cache for directory 'C:/Users/joliver1/Documents/GitHub/Escape/Content/' took 0.02s
[2020.11.08-22.03.18:078][  0]LogCook: Display: Max memory allowance for cook 16384mb min free memory 0mb
[2020.11.08-22.03.18:078][  0]LogCook: Display: Mobile HDR setting 1
[2020.11.08-22.03.19:300][  0]SourceControl: Source control is disabled
[2020.11.08-22.03.19:300][  0]Cmd: MAP LOAD FILE="../../../../../../Users/joliver1/Documents/GitHub/Escape/Content/ThirdPersonBP/Maps/ThirdPersonExampleMap.umap" TEMPLATE=0 SHOWPROGRESS=1 FEATURELEVEL=3
[2020.11.08-22.03.19:305][  0]LightingResults: New page: Lighting Build
[2020.11.08-22.03.19:308][  0]MapCheck: New page: Map Check
[2020.11.08-22.03.19:308][  0]LightingResults: New page: Lighting Build
[2020.11.08-22.03.19:335][  0]LogUObjectHash: Compacting FUObjectHashTables data took   1.43ms
[2020.11.08-22.03.21:475][  0]LogAIModule: Creating AISystem for world ThirdPersonExampleMap
[2020.11.08-22.03.21:628][  0]LogEditorServer: Finished looking for orphan Actors (0.000 secs)
[2020.11.08-22.03.21:656][  0]LogUObjectHash: Compacting FUObjectHashTables data took   3.49ms
[2020.11.08-22.03.21:656][  0]Cmd: MAP CHECKDEP NOCLEARLOG
[2020.11.08-22.03.21:657][  0]MapCheck: Map check complete: 0 Error(s), 0 Warning(s), took 0.229ms to complete.
[2020.11.08-22.03.21:657][  0]LogFileHelpers: Loading map 'ThirdPersonExampleMap' took 2.356
[2020.11.08-22.03.21:781][  0]LogSlate: Updating window title bar state: overlay mode, drag disabled, window buttons hidden, title bar hidden
[2020.11.08-22.03.21:787][  0]LogSlate: Updating window title bar state: overlay mode, drag disabled, window buttons hidden, title bar hidden
[2020.11.08-22.03.21:794][  0]LogSlate: Updating window title bar state: overlay mode, drag disabled, window buttons hidden, title bar hidden
[2020.11.08-22.03.21:800][  0]LogSlate: Updating window title bar state: overlay mode, drag disabled, window buttons hidden, title bar hidden
[2020.11.08-22.03.21:810][  0]LogCollectionManager: Loaded 0 collections in 0.001768 seconds
[2020.11.08-22.03.21:825][  0]LogFileCache: Scanning file cache for directory 'C:/Users/joliver1/Documents/GitHub/Escape/Saved/Collections/' took 0.01s
[2020.11.08-22.03.21:825][  0]LogFileCache: Scanning file cache for directory 'C:/Users/joliver1/Documents/GitHub/Escape/Content/Developers/joliver1/Collections/' took 0.00s
[2020.11.08-22.03.21:825][  0]LogFileCache: Scanning file cache for directory 'C:/Users/joliver1/Documents/GitHub/Escape/Content/Collections/' took 0.00s
[2020.11.08-22.03.21:825][  0]LogCollectionManager: Rebuilt the GUID cache for 0 collections in 0.000000 seconds
[2020.11.08-22.03.21:833][  0]LogContentBrowser: Native class hierarchy populated in 0.0074 seconds. Added 2732 classes and 659 folders.
[2020.11.08-22.03.21:839][  0]LogContentBrowser: Native class hierarchy updated for 'WidgetCarousel' in 0.0002 seconds. Added 0 classes and 0 folders.
[2020.11.08-22.03.21:844][  0]LogPakFile: Registered encryption key '00000000000000000000000000000000': 0 pak files mounted, 0 remain pending
[2020.11.08-22.03.21:853][  0]LogPakFile: Registered encryption key '00000000000000000000000000000000': 0 pak files mounted, 0 remain pending
[2020.11.08-22.03.21:865][  0]LogPakFile: Registered encryption key '00000000000000000000000000000000': 0 pak files mounted, 0 remain pending
[2020.11.08-22.03.21:870][  0]LogPakFile: Registered encryption key '00000000000000000000000000000000': 0 pak files mounted, 0 remain pending
[2020.11.08-22.03.21:875][  0]LogPakFile: Registered encryption key '00000000000000000000000000000000': 0 pak files mounted, 0 remain pending
[2020.11.08-22.03.21:880][  0]LogPakFile: Registered encryption key '00000000000000000000000000000000': 0 pak files mounted, 0 remain pending
[2020.11.08-22.03.21:885][  0]LogPakFile: Registered encryption key '00000000000000000000000000000000': 0 pak files mounted, 0 remain pending
[2020.11.08-22.03.21:889][  0]LogPakFile: Registered encryption key '00000000000000000000000000000000': 0 pak files mounted, 0 remain pending
[2020.11.08-22.03.21:894][  0]LogPakFile: Registered encryption key '00000000000000000000000000000000': 0 pak files mounted, 0 remain pending
[2020.11.08-22.03.21:899][  0]LogPakFile: Registered encryption key '00000000000000000000000000000000': 0 pak files mounted, 0 remain pending
[2020.11.08-22.03.21:904][  0]LogPakFile: Registered encryption key '00000000000000000000000000000000': 0 pak files mounted, 0 remain pending
[2020.11.08-22.03.21:910][  0]LogPakFile: Registered encryption key '00000000000000000000000000000000': 0 pak files mounted, 0 remain pending
[2020.11.08-22.03.21:916][  0]LogPakFile: Registered encryption key '00000000000000000000000000000000': 0 pak files mounted, 0 remain pending
[2020.11.08-22.03.21:921][  0]LogPakFile: Registered encryption key '00000000000000000000000000000000': 0 pak files mounted, 0 remain pending
[2020.11.08-22.03.21:926][  0]LogPakFile: Registered encryption key '00000000000000000000000000000000': 0 pak files mounted, 0 remain pending
[2020.11.08-22.03.21:930][  0]LogPakFile: Registered encryption key '00000000000000000000000000000000': 0 pak files mounted, 0 remain pending
[2020.11.08-22.03.21:955][  0]LogPakFile: Registered encryption key '00000000000000000000000000000000': 0 pak files mounted, 0 remain pending
[2020.11.08-22.03.21:960][  0]LogPakFile: Registered encryption key '00000000000000000000000000000000': 0 pak files mounted, 0 remain pending
[2020.11.08-22.03.21:965][  0]LogPakFile: Registered encryption key '00000000000000000000000000000000': 0 pak files mounted, 0 remain pending
[2020.11.08-22.03.21:970][  0]LogPakFile: Registered encryption key '00000000000000000000000000000000': 0 pak files mounted, 0 remain pending
[2020.11.08-22.03.21:975][  0]LogPakFile: Registered encryption key '00000000000000000000000000000000': 0 pak files mounted, 0 remain pending
[2020.11.08-22.03.21:980][  0]LogPakFile: Registered encryption key '00000000000000000000000000000000': 0 pak files mounted, 0 remain pending
[2020.11.08-22.03.21:985][  0]LogPakFile: Registered encryption key '00000000000000000000000000000000': 0 pak files mounted, 0 remain pending
[2020.11.08-22.03.21:990][  0]LogPakFile: Registered encryption key '00000000000000000000000000000000': 0 pak files mounted, 0 remain pending
[2020.11.08-22.03.21:995][  0]LogPakFile: Registered encryption key '00000000000000000000000000000000': 0 pak files mounted, 0 remain pending
[2020.11.08-22.03.22:001][  0]LogPakFile: Registered encryption key '00000000000000000000000000000000': 0 pak files mounted, 0 remain pending
[2020.11.08-22.03.22:104][  0]LogContentBrowser: Native class hierarchy updated for 'AddContentDialog' in 0.0002 seconds. Added 0 classes and 0 folders.
[2020.11.08-22.03.22:111][  0]LogContentBrowser: Native class hierarchy updated for 'SceneOutliner' in 0.0002 seconds. Added 1 classes and 2 folders.
[2020.11.08-22.03.22:136][  0]LogSlate: Took 0.006912 seconds to synchronously load lazily loaded font '../../../Engine/Content/Slate/Fonts/Roboto-Regular.ttf' (155K)
[2020.11.08-22.03.22:143][  0]LogSlate: Took 0.005406 seconds to synchronously load lazily loaded font '../../../Engine/Content/Slate/Fonts/Roboto-Bold.ttf' (160K)
[2020.11.08-22.03.22:152][  0]LogSlate: Took 0.005836 seconds to synchronously load lazily loaded font '../../../Engine/Content/Editor/Slate/Fonts/FontAwesome.ttf' (139K)
[2020.11.08-22.03.23:147][  0]LogRenderer: Reallocating scene render targets to support 1056x556 Format 10 NumSamples 1 (Frame:1).
[2020.11.08-22.03.23:504][  0]LogSlate: FSceneViewport::OnFocusLost() reason 2
[2020.11.08-22.03.23:545][  0]LogSlate: Window 'Tutorials' being destroyed
[2020.11.08-22.03.23:575][  0]LogContentBrowser: Native class hierarchy updated for 'HierarchicalLODOutliner' in 0.0002 seconds. Added 0 classes and 0 folders.
[2020.11.08-22.03.23:575][  0]LogLoad: (Engine Initialization) Total time: 22.76 seconds
[2020.11.08-22.03.23:575][  0]LogLoad: (Engine Initialization) Total Blueprint compile time: 0.00 seconds
[2020.11.08-22.03.23:630][  0]LogEditorViewport: Clicking on Actor (LMB): StaticMeshActor (Wall10)
[2020.11.08-22.03.23:692][  0]LogEditorViewport: Clicking on Actor (LMB): StaticMeshActor (Wall10)
[2020.11.08-22.03.23:728][  0]LogAssetRegistry: Asset discovery search completed in 19.3996 seconds
[2020.11.08-22.03.23:730][  0]LogCollectionManager: Rebuilt the object cache for 0 collections in 0.000000 seconds (found 0 objects)
[2020.11.08-22.03.23:730][  0]LogCollectionManager: Fixed up redirectors for 0 collections in 0.000053 seconds (updated 0 objects)
[2020.11.08-22.03.23:731][  0]LogContentStreaming: Texture pool size now 1000 MB
[2020.11.08-22.03.23:756][  0]LogSlate: Took 0.000100 seconds to synchronously load lazily loaded font '../../../Engine/Content/Slate/Fonts/Roboto-Light.ttf' (167K)
[2020.11.08-22.03.36:047][446]LogSlate: FSceneViewport::OnFocusLost() reason 0
[2020.11.08-22.03.46:176][573]LogUObjectHash: Compacting FUObjectHashTables data took   1.74ms
[2020.11.08-22.03.47:512][706]LogSlate: Took 0.000164 seconds to synchronously load lazily loaded font '../../../Engine/Content/Slate/Fonts/Roboto-Light.ttf' (167K)
[2020.11.08-22.03.47:518][706]LogAssetEditorManager: Opening Asset editor for Blueprint /Game/ThirdPersonBP/Launchpad/LaunchpadBP2.LaunchpadBP2
[2020.11.08-22.03.47:815][706]LogContentBrowser: Native class hierarchy updated for 'BlueprintGraph' in 0.0005 seconds. Added 121 classes and 0 folders.
[2020.11.08-22.03.48:695][706]LogSlate: Took 0.004409 seconds to synchronously load lazily loaded font '../../../Engine/Content/Slate/Fonts/Roboto-BoldCondensed.ttf' (158K)
[2020.11.08-22.03.48:758][707]LogSlate: Took 0.004727 seconds to synchronously load lazily loaded font '../../../Engine/Content/Slate/Fonts/Roboto-Italic.ttf' (157K)
[2020.11.08-22.04.07:993][548]BlueprintLog: New page: Compile LaunchpadBP2
[2020.11.08-22.04.08:144][548]LogUObjectHash: Compacting FUObjectHashTables data took   2.51ms
[2020.11.08-22.04.08:531][582]Cmd: OBJ SAVEPACKAGE PACKAGE="/Game/ThirdPersonBP/Launchpad/LaunchpadBP2" FILE="../../../../../../Users/joliver1/Documents/GitHub/Escape/Content/ThirdPersonBP/Launchpad/LaunchpadBP2.uasset" SILENT=true
[2020.11.08-22.04.08:555][582]LogSavePackage: Moving '../../../../../../Users/joliver1/Documents/GitHub/Escape/Saved/LaunchpadBP20BA355E044E78A0C8B99389619A131E8.tmp' to '../../../../../../Users/joliver1/Documents/GitHub/Escape/Content/ThirdPersonBP/Launchpad/LaunchpadBP2.uasset'
[2020.11.08-22.04.11:374][868]LogSlate: Window 'LaunchpadBP2' being destroyed
[2020.11.08-22.04.15:134][311]LogSlate: FSceneViewport::OnFocusLost() reason 0
[2020.11.08-22.04.25:174][444]LogSlate: FSceneViewport::OnFocusLost() reason 0
[2020.11.08-22.04.25:249][453]LogTemp: Repeating last play command: Selected Viewport
[2020.11.08-22.04.25:260][453]LogBlueprintUserMessages: Early PlayInEditor Detection: Level '/Game/ThirdPersonBP/Maps/ThirdPersonExampleMap.ThirdPersonExampleMap:PersistentLevel' has LevelScriptBlueprint '/Game/ThirdPersonBP/Maps/ThirdPersonExampleMap.ThirdPersonExampleMap:PersistentLevel.ThirdPersonExampleMap' with GeneratedClass '/Game/ThirdPersonBP/Maps/ThirdPersonExampleMap.ThirdPersonExampleMap_C' with ClassGeneratedBy '/Game/ThirdPersonBP/Maps/ThirdPersonExampleMap.ThirdPersonExampleMap:PersistentLevel.ThirdPersonExampleMap'
[2020.11.08-22.04.25:260][453]LogPlayLevel: PlayLevel: No blueprints needed recompiling
[2020.11.08-22.04.25:261][453]PIE: New page: PIE session: ThirdPersonExampleMap (Nov 8, 2020, 12:04:25 PM)
[2020.11.08-22.04.25:273][453]LogPlayLevel: Creating play world package: /Game/ThirdPersonBP/Maps/UEDPIE_0_ThirdPersonExampleMap
[2020.11.08-22.04.25:284][453]LogPlayLevel: PIE: StaticDuplicateObject took: (0.010823s)
[2020.11.08-22.04.25:284][453]LogAIModule: Creating AISystem for world ThirdPersonExampleMap
[2020.11.08-22.04.25:285][453]LogPlayLevel: PIE: World Init took: (0.000804s)
[2020.11.08-22.04.25:285][453]LogPlayLevel: PIE: Created PIE world by copying editor world from /Game/ThirdPersonBP/Maps/ThirdPersonExampleMap.ThirdPersonExampleMap to /Game/ThirdPersonBP/Maps/UEDPIE_0_ThirdPersonExampleMap.ThirdPersonExampleMap (0.011917s)
[2020.11.08-22.04.25:313][453]LogUObjectHash: Compacting FUObjectHashTables data took   2.48ms
[2020.11.08-22.04.25:340][453]LogInit: XAudio2 using 'Realtek Digital Output (Realtek High Definition Audio)' : 2 channels at 48 kHz using 16 bits per sample (channel mask 0x3)
[2020.11.08-22.04.25:380][453]LogInit: FAudioDevice initialized.
[2020.11.08-22.04.25:425][453]LogLoad: Game class is 'ThirdPersonGameMode_C'
[2020.11.08-22.04.25:428][453]LogWorld: Bringing World /Game/ThirdPersonBP/Maps/UEDPIE_0_ThirdPersonExampleMap.ThirdPersonExampleMap up for play (max tick rate 0) at 2020.11.08-17.04.25
[2020.11.08-22.04.25:432][453]LogWorld: Bringing up level for play took: 0.005414
[2020.11.08-22.04.25:449][453]LogBlueprintActionDatabase: Requesting refresh due to module change: Voice (loaded)
[2020.11.08-22.04.25:453][453]LogBlueprintActionDatabase: Requesting refresh due to module change: MovieSceneCapture (loaded)
[2020.11.08-22.04.25:454][453]LogContentBrowser: Native class hierarchy updated for 'MovieSceneCapture' in 0.0003 seconds. Added 20 classes and 0 folders.
[2020.11.08-22.04.25:454][453]PIE: Play in editor start time for /Game/ThirdPersonBP/Maps/UEDPIE_0_ThirdPersonExampleMap 0.279
[2020.11.08-22.04.25:454][453]LogBlueprintUserMessages: Late PlayInEditor Detection: Level '/Game/ThirdPersonBP/Maps/ThirdPersonExampleMap.ThirdPersonExampleMap:PersistentLevel' has LevelScriptBlueprint '/Game/ThirdPersonBP/Maps/ThirdPersonExampleMap.ThirdPersonExampleMap:PersistentLevel.ThirdPersonExampleMap' with GeneratedClass '/Game/ThirdPersonBP/Maps/ThirdPersonExampleMap.ThirdPersonExampleMap_C' with ClassGeneratedBy '/Game/ThirdPersonBP/Maps/ThirdPersonExampleMap.ThirdPersonExampleMap:PersistentLevel.ThirdPersonExampleMap'
[2020.11.08-22.05.06:678][367]LogBlueprintUserMessages: Early EndPlayMap Detection: Level '/Game/ThirdPersonBP/Maps/ThirdPersonExampleMap.ThirdPersonExampleMap:PersistentLevel' has LevelScriptBlueprint '/Game/ThirdPersonBP/Maps/ThirdPersonExampleMap.ThirdPersonExampleMap:PersistentLevel.ThirdPersonExampleMap' with GeneratedClass '/Game/ThirdPersonBP/Maps/ThirdPersonExampleMap.ThirdPersonExampleMap_C' with ClassGeneratedBy '/Game/ThirdPersonBP/Maps/ThirdPersonExampleMap.ThirdPersonExampleMap:PersistentLevel.ThirdPersonExampleMap'
[2020.11.08-22.05.06:679][367]LogSlate: Updating window title bar state: overlay mode, drag disabled, window buttons hidden, title bar hidden
[2020.11.08-22.05.06:713][367]LogPlayLevel: Display: Shutting down PIE online subsystems
[2020.11.08-22.05.06:714][367]LogBlueprintUserMessages: Late EndPlayMap Detection: Level '/Game/ThirdPersonBP/Maps/ThirdPersonExampleMap.ThirdPersonExampleMap:PersistentLevel' has LevelScriptBlueprint '/Game/ThirdPersonBP/Maps/ThirdPersonExampleMap.ThirdPersonExampleMap:PersistentLevel.ThirdPersonExampleMap' with GeneratedClass '/Game/ThirdPersonBP/Maps/ThirdPersonExampleMap.ThirdPersonExampleMap_C' with ClassGeneratedBy '/Game/ThirdPersonBP/Maps/ThirdPersonExampleMap.ThirdPersonExampleMap:PersistentLevel.ThirdPersonExampleMap'
[2020.11.08-22.05.06:756][367]LogSlate: Updating window title bar state: overlay mode, drag disabled, window buttons hidden, title bar hidden
[2020.11.08-22.05.06:775][367]LogUObjectHash: Compacting FUObjectHashTables data took   4.51ms
[2020.11.08-22.05.06:795][368]LogPlayLevel: Display: Destroying online subsystem :Context_6
[2020.11.08-22.05.07:467][447]LogEditorViewport: Clicking on Actor (LMB): StaticMeshActor (Cube)
[2020.11.08-22.05.13:285][138]LogSlate: FSceneViewport::OnFocusLost() reason 0
[2020.11.08-22.05.13:351][146]LogTemp: Repeating last play command: Selected Viewport
[2020.11.08-22.05.13:362][146]LogBlueprintUserMessages: Early PlayInEditor Detection: Level '/Game/ThirdPersonBP/Maps/ThirdPersonExampleMap.ThirdPersonExampleMap:PersistentLevel' has LevelScriptBlueprint '/Game/ThirdPersonBP/Maps/ThirdPersonExampleMap.ThirdPersonExampleMap:PersistentLevel.ThirdPersonExampleMap' with GeneratedClass '/Game/ThirdPersonBP/Maps/ThirdPersonExampleMap.ThirdPersonExampleMap_C' with ClassGeneratedBy '/Game/ThirdPersonBP/Maps/ThirdPersonExampleMap.ThirdPersonExampleMap:PersistentLevel.ThirdPersonExampleMap'
[2020.11.08-22.05.13:362][146]LogPlayLevel: PlayLevel: No blueprints needed recompiling
[2020.11.08-22.05.13:362][146]PIE: New page: PIE session: ThirdPersonExampleMap (Nov 8, 2020, 12:05:13 PM)
[2020.11.08-22.05.13:363][146]LogPlayLevel: Creating play world package: /Game/ThirdPersonBP/Maps/UEDPIE_0_ThirdPersonExampleMap
[2020.11.08-22.05.13:375][146]LogPlayLevel: PIE: StaticDuplicateObject took: (0.011617s)
[2020.11.08-22.05.13:376][146]LogAIModule: Creating AISystem for world ThirdPersonExampleMap
[2020.11.08-22.05.13:376][146]LogPlayLevel: PIE: World Init took: (0.000748s)
[2020.11.08-22.05.13:376][146]LogPlayLevel: PIE: Created PIE world by copying editor world from /Game/ThirdPersonBP/Maps/ThirdPersonExampleMap.ThirdPersonExampleMap to /Game/ThirdPersonBP/Maps/UEDPIE_0_ThirdPersonExampleMap.ThirdPersonExampleMap (0.012994s)
[2020.11.08-22.05.13:408][146]LogUObjectHash: Compacting FUObjectHashTables data took   2.12ms
[2020.11.08-22.05.13:434][146]LogInit: XAudio2 using 'Realtek Digital Output (Realtek High Definition Audio)' : 2 channels at 48 kHz using 16 bits per sample (channel mask 0x3)
[2020.11.08-22.05.13:473][146]LogInit: FAudioDevice initialized.
[2020.11.08-22.05.13:500][146]LogLoad: Game class is 'ThirdPersonGameMode_C'
[2020.11.08-22.05.13:502][146]LogWorld: Bringing World /Game/ThirdPersonBP/Maps/UEDPIE_0_ThirdPersonExampleMap.ThirdPersonExampleMap up for play (max tick rate 0) at 2020.11.08-17.05.13
[2020.11.08-22.05.13:502][146]LogWorld: Bringing up level for play took: 0.001550
[2020.11.08-22.05.13:514][146]PIE: Play in editor start time for /Game/ThirdPersonBP/Maps/UEDPIE_0_ThirdPersonExampleMap 0.341
[2020.11.08-22.05.13:515][146]LogBlueprintUserMessages: Late PlayInEditor Detection: Level '/Game/ThirdPersonBP/Maps/ThirdPersonExampleMap.ThirdPersonExampleMap:PersistentLevel' has LevelScriptBlueprint '/Game/ThirdPersonBP/Maps/ThirdPersonExampleMap.ThirdPersonExampleMap:PersistentLevel.ThirdPersonExampleMap' with GeneratedClass '/Game/ThirdPersonBP/Maps/ThirdPersonExampleMap.ThirdPersonExampleMap_C' with ClassGeneratedBy '/Game/ThirdPersonBP/Maps/ThirdPersonExampleMap.ThirdPersonExampleMap:PersistentLevel.ThirdPersonExampleMap'
[2020.11.08-22.06.15:565][584]LogBlueprintUserMessages: Early EndPlayMap Detection: Level '/Game/ThirdPersonBP/Maps/ThirdPersonExampleMap.ThirdPersonExampleMap:PersistentLevel' has LevelScriptBlueprint '/Game/ThirdPersonBP/Maps/ThirdPersonExampleMap.ThirdPersonExampleMap:PersistentLevel.ThirdPersonExampleMap' with GeneratedClass '/Game/ThirdPersonBP/Maps/ThirdPersonExampleMap.ThirdPersonExampleMap_C' with ClassGeneratedBy '/Game/ThirdPersonBP/Maps/ThirdPersonExampleMap.ThirdPersonExampleMap:PersistentLevel.ThirdPersonExampleMap'
[2020.11.08-22.06.15:565][584]LogSlate: Updating window title bar state: overlay mode, drag disabled, window buttons hidden, title bar hidden
[2020.11.08-22.06.15:597][584]LogPlayLevel: Display: Shutting down PIE online subsystems
[2020.11.08-22.06.15:597][584]LogBlueprintUserMessages: Late EndPlayMap Detection: Level '/Game/ThirdPersonBP/Maps/ThirdPersonExampleMap.ThirdPersonExampleMap:PersistentLevel' has LevelScriptBlueprint '/Game/ThirdPersonBP/Maps/ThirdPersonExampleMap.ThirdPersonExampleMap:PersistentLevel.ThirdPersonExampleMap' with GeneratedClass '/Game/ThirdPersonBP/Maps/ThirdPersonExampleMap.ThirdPersonExampleMap_C' with ClassGeneratedBy '/Game/ThirdPersonBP/Maps/ThirdPersonExampleMap.ThirdPersonExampleMap:PersistentLevel.ThirdPersonExampleMap'
[2020.11.08-22.06.15:634][584]LogSlate: Updating window title bar state: overlay mode, drag disabled, window buttons hidden, title bar hidden
[2020.11.08-22.06.15:638][584]LogUObjectHash: Compacting FUObjectHashTables data took   1.95ms
[2020.11.08-22.06.15:677][586]LogPlayLevel: Display: Destroying online subsystem :Context_7
[2020.11.08-22.06.19:485][ 24]LogEditorViewport: Clicking on Actor (LMB): StaticMeshActor (Floor2)
[2020.11.08-22.06.20:365][123]Cmd: EDIT COPY
[2020.11.08-22.06.20:570][147]Cmd: EDIT PASTE
[2020.11.08-22.06.35:802][944]LogEditorViewport: Clicking on Actor (LMB): LaunchpadBP2_C (LaunchpadBP2)
[2020.11.08-22.06.36:717][ 49]Cmd: EDIT COPY
[2020.11.08-22.06.36:977][ 79]Cmd: EDIT PASTE
[2020.11.08-22.06.53:920][ 54]LogEditorViewport: Clicking on Actor (LMB): BP_Sky_Sphere_C (SkySphereBlueprint)
[2020.11.08-22.06.58:887][622]LogEditorViewport: Clicking on Actor (LMB): BP_Sky_Sphere_C (SkySphereBlueprint)
[2020.11.08-22.06.59:316][667]LogEditorViewport: Clicking on Actor (LMB): BP_Sky_Sphere_C (SkySphereBlueprint)
[2020.11.08-22.06.59:394][673]LogEditorViewport: Clicking on Component (LMB): StaticMeshComponent (SkySphereMesh)
[2020.11.08-22.06.59:906][724]LogEditorViewport: Clicking on Actor (LMB): StaticMeshActor (Wall9)
[2020.11.08-22.07.00:537][795]LogEditorViewport: Clicking on Actor (LMB): BP_Sky_Sphere_C (SkySphereBlueprint)
[2020.11.08-22.07.00:984][845]LogEditorViewport: Clicking on Actor (LMB): BP_Sky_Sphere_C (SkySphereBlueprint)
[2020.11.08-22.07.01:078][854]LogEditorViewport: Clicking on Component (LMB): StaticMeshComponent (SkySphereMesh)
[2020.11.08-22.07.02:784][ 41]LogEditorViewport: Clicking on Actor (LMB): StaticMeshActor (Floor2)
[2020.11.08-22.07.03:303][ 81]LogEditorViewport: Clicking on Actor (LMB): BP_Sky_Sphere_C (SkySphereBlueprint)
[2020.11.08-22.07.03:803][133]LogEditorViewport: Clicking on Actor (LMB): StaticMeshActor (Floor2)
[2020.11.08-22.07.04:292][187]LogEditorViewport: Clicking on Actor (LMB): BP_Sky_Sphere_C (SkySphereBlueprint)
[2020.11.08-22.07.04:366][192]LogEditorViewport: Clicking on Component (LMB): StaticMeshComponent (SkySphereMesh)
[2020.11.08-22.07.04:599][217]LogEditorViewport: Clicking on Component (LMB): StaticMeshComponent (SkySphereMesh)
[2020.11.08-22.07.05:131][279]LogEditorViewport: Clicking on Actor (LMB): StaticMeshActor (Floor3)
[2020.11.08-22.07.13:730][297]LogSlate: FSceneViewport::OnFocusLost() reason 0
[2020.11.08-22.07.24:287][494]LogUObjectHash: Compacting FUObjectHashTables data took   1.74ms
[2020.11.08-22.07.24:474][494]LogSavePackage: Moving '../../../../../../Users/joliver1/Documents/GitHub/Escape/Saved/ThirdPersonExampleMapA4609E354024D19F17C2CAAB73139023.tmp' to '../../../../../../Users/joliver1/Documents/GitHub/Escape/Content/ThirdPersonBP/Maps/ThirdPersonExampleMap.umap'
[2020.11.08-22.07.24:649][494]LogSavePackage: Moving '../../../../../../Users/joliver1/Documents/GitHub/Escape/Saved/ThirdPersonExampleMap_BuiltData973423CA4F61B0867FBC0E9AE780CA28.tmp' to '../../../../../../Users/joliver1/Documents/GitHub/Escape/Content/ThirdPersonBP/Maps/ThirdPersonExampleMap_BuiltData.uasset'
[2020.11.08-22.07.32:123][911]LogUObjectHash: Compacting FUObjectHashTables data took   2.53ms
[2020.11.08-22.07.32:290][911]LogSavePackage: Moving '../../../../../../Users/joliver1/Documents/GitHub/Escape/Saved/ThirdPersonExampleMap4C40F2FD493E8790D60D93A4F9C6EFB5.tmp' to '../../../../../../Users/joliver1/Documents/GitHub/Escape/Content/ThirdPersonBP/Maps/ThirdPersonExampleMap.umap'
[2020.11.08-22.07.32:419][911]LogSavePackage: Moving '../../../../../../Users/joliver1/Documents/GitHub/Escape/Saved/ThirdPersonExampleMap_BuiltData91AAA09A4A828151AF4ECB8F9C124B82.tmp' to '../../../../../../Users/joliver1/Documents/GitHub/Escape/Content/ThirdPersonBP/Maps/ThirdPersonExampleMap_BuiltData.uasset'
