Log file open, 12/09/20 01:51:52
LogInit: Display: Running engine for game: Escape
LogPlatformFile: Not using cached read wrapper
LogTaskGraph: Started task graph with 5 named threads and 35 total threads with 3 sets of task threads.
LogStats: Stats thread started at 0.288264
LogD3D11RHI: Loaded GFSDK_Aftermath_Lib.x64.dll
LogICUInternationalization: ICU TimeZone Detection - Raw Offset: -5:00, Platform Override: ''
LogPluginManager: Mounting plugin Paper2D
LogPluginManager: Mounting plugin AISupport
LogPluginManager: Mounting plugin LightPropagationVolume
LogPluginManager: Mounting plugin CameraShakePreviewer
LogPluginManager: Mounting plugin ActorLayerUtilities
LogPluginManager: Mounting plugin AnimationSharing
LogPluginManager: Mounting plugin CLionSourceCodeAccess
LogPluginManager: Mounting plugin CodeLiteSourceCodeAccess
LogPluginManager: Mounting plugin GitSourceControl
LogPluginManager: Mounting plugin KDevelopSourceCodeAccess
LogPluginManager: Mounting plugin NullSourceCodeAccess
LogPluginManager: Mounting plugin PerforceSourceControl
LogPluginManager: Mounting plugin PlasticSourceControl
LogPluginManager: Mounting plugin RiderSourceCodeAccess
LogPluginManager: Mounting plugin SubversionSourceControl
LogPluginManager: Mounting plugin UObjectPlugin
LogPluginManager: Mounting plugin VisualStudioCodeSourceCodeAccess
LogPluginManager: Mounting plugin VisualStudioSourceCodeAccess
LogPluginManager: Mounting plugin XCodeSourceCodeAccess
LogPluginManager: Mounting plugin AssetManagerEditor
LogPluginManager: Mounting plugin CryptoKeys
LogPluginManager: Mounting plugin CurveEditorTools
LogPluginManager: Mounting plugin DataValidation
LogPluginManager: Mounting plugin EditorScriptingUtilities
LogPluginManager: Mounting plugin FacialAnimation
LogPluginManager: Mounting plugin GameplayTagsEditor
LogPluginManager: Mounting plugin GeometryMode
LogPluginManager: Mounting plugin MacGraphicsSwitching
LogPluginManager: Mounting plugin MaterialAnalyzer
LogPluginManager: Mounting plugin MobileLauncherProfileWizard
LogPluginManager: Mounting plugin PluginBrowser
LogPluginManager: Mounting plugin SpeedTreeImporter
LogPluginManager: Mounting plugin DatasmithContent
LogPluginManager: Mounting plugin VariantManagerContent
LogPluginManager: Mounting plugin AlembicImporter
LogPluginManager: Mounting plugin AutomationUtils
LogPluginManager: Mounting plugin BackChannel
LogPluginManager: Mounting plugin ChaosCloth
LogPluginManager: Mounting plugin ChaosClothEditor
LogPluginManager: Mounting plugin ChaosEditor
LogPluginManager: Mounting plugin ChaosNiagara
LogPluginManager: Mounting plugin ChaosSolverPlugin
LogPluginManager: Mounting plugin CharacterAI
LogPluginManager: Mounting plugin GeometryCache
LogPluginManager: Mounting plugin GeometryCollectionPlugin
LogPluginManager: Mounting plugin GeometryProcessing
LogPluginManager: Mounting plugin PlanarCut
LogPluginManager: Mounting plugin PlatformCrypto
LogPluginManager: Mounting plugin ProxyLODPlugin
LogPluginManager: Mounting plugin SkeletalReduction
LogPluginManager: Mounting plugin Niagara
LogPluginManager: Mounting plugin MagicLeap
LogPluginManager: Mounting plugin MagicLeapLightEstimation
LogPluginManager: Mounting plugin MagicLeapMedia
LogPluginManager: Mounting plugin MagicLeapPassableWorld
LogPluginManager: Mounting plugin MLSDK
LogPluginManager: Mounting plugin AndroidMedia
LogPluginManager: Mounting plugin AvfMedia
LogPluginManager: Mounting plugin ImgMedia
LogPluginManager: Mounting plugin MediaCompositing
LogPluginManager: Mounting plugin MediaPlayerEditor
LogPluginManager: Mounting plugin WebMMedia
LogPluginManager: Mounting plugin WmfMedia
LogPluginManager: Mounting plugin MeshPainting
LogPluginManager: Mounting plugin TcpMessaging
LogPluginManager: Mounting plugin UdpMessaging
LogPluginManager: Mounting plugin ActorSequence
LogPluginManager: Mounting plugin LevelSequenceEditor
LogPluginManager: Mounting plugin MatineeToLevelSequence
LogPluginManager: Mounting plugin MovieRenderPipeline
LogPluginManager: Mounting plugin TemplateSequence
LogPluginManager: Mounting plugin NetcodeUnitTest
LogPluginManager: Mounting plugin NUTUnrealEngine4
LogPluginManager: Mounting plugin OnlineSubsystemGooglePlay
LogPluginManager: Mounting plugin OnlineSubsystemIOS
LogPluginManager: Mounting plugin OnlineSubsystem
LogPluginManager: Mounting plugin OnlineSubsystemNull
LogPluginManager: Mounting plugin OnlineSubsystemUtils
LogPluginManager: Mounting plugin LauncherChunkInstaller
LogPluginManager: Mounting plugin AndroidDeviceProfileSelector
LogPluginManager: Mounting plugin AndroidMoviePlayer
LogPluginManager: Mounting plugin AndroidPermission
LogPluginManager: Mounting plugin AppleImageUtils
LogPluginManager: Mounting plugin AppleMoviePlayer
LogPluginManager: Mounting plugin ArchVisCharacter
LogPluginManager: Mounting plugin AssetTags
LogPluginManager: Mounting plugin AudioCapture
LogPluginManager: Mounting plugin CableComponent
LogPluginManager: Mounting plugin CustomMeshComponent
LogPluginManager: Mounting plugin EditableMesh
LogPluginManager: Mounting plugin ExampleDeviceProfileSelector
LogPluginManager: Mounting plugin GoogleCloudMessaging
LogPluginManager: Mounting plugin GooglePAD
LogPluginManager: Mounting plugin IOSDeviceProfileSelector
LogPluginManager: Mounting plugin LinuxDeviceProfileSelector
LogPluginManager: Mounting plugin LocationServicesBPLibrary
LogPluginManager: Mounting plugin MobilePatchingUtils
LogPluginManager: Mounting plugin OculusVR
LogPluginManager: Mounting plugin PhysXVehicles
LogPluginManager: Mounting plugin PostSplashScreen
LogPluginManager: Mounting plugin ProceduralMeshComponent
LogPluginManager: Mounting plugin RuntimePhysXCooking
LogPluginManager: Mounting plugin SignificanceManager
LogPluginManager: Mounting plugin SoundFields
LogPluginManager: Mounting plugin SteamVR
LogPluginManager: Mounting plugin Synthesis
LogPluginManager: Mounting plugin WebMMoviePlayer
LogPluginManager: Mounting plugin WindowsMoviePlayer
LogPluginManager: Mounting plugin ScreenshotTools
LogInit: Using libcurl 7.55.1-DEV
LogInit:  - built for x86_64-pc-win32
LogInit:  - supports SSL with OpenSSL/1.1.1
LogInit:  - supports HTTP deflate (compression) using libz 1.2.8
LogInit:  - other features:
LogInit:      CURL_VERSION_SSL
LogInit:      CURL_VERSION_LIBZ
LogInit:      CURL_VERSION_IPV6
LogInit:      CURL_VERSION_ASYNCHDNS
LogInit:      CURL_VERSION_LARGEFILE
LogInit:      CURL_VERSION_IDN
LogInit:  CurlRequestOptions (configurable via config and command line):
LogInit:  - bVerifyPeer = true  - Libcurl will verify peer certificate
LogInit:  - bUseHttpProxy = false  - Libcurl will NOT use HTTP proxy
LogInit:  - bDontReuseConnections = false  - Libcurl will reuse connections
LogInit:  - MaxHostConnections = 16  - Libcurl will limit the number of connections to a host
LogInit:  - LocalHostAddr = Default
LogInit:  - BufferSize = 65536
LogOnline: OSS: Creating online subsystem instance for: NULL
LogInit: WinSock: version 1.1 (2.2), MaxSocks=32767, MaxUdp=65467
LogOnline: OSS: TryLoadSubsystemAndSetDefault: Loaded subsystem for module [NULL]
LogInit: Build: ++UE4+Release-4.25-CL-13942748
LogInit: Engine Version: 4.25.3-13942748+++UE4+Release-4.25
LogInit: Compatible Engine Version: 4.25.0-13144385+++UE4+Release-4.25
LogInit: Net CL: 13144385
LogInit: OS: Windows 10 (Release 1909) (), CPU: Intel(R) Core(TM) i7-8750H CPU @ 2.20GHz, GPU: Intel(R) UHD Graphics 630
LogInit: Compiled (64-bit): Jul 25 2020 02:07:48
LogInit: Compiled with Visual C++: 19.24.28315.00
LogInit: Build Configuration: Development
LogInit: Branch Name: ++UE4+Release-4.25
LogInit: Command Line: 
LogInit: Base Directory: C:/Program Files/Epic Games/UE_4.25/Engine/Binaries/Win64/
LogInit: Allocator: TBB
LogInit: Installed Engine Build: 1
LogDevObjectVersion: Number of dev versions registered: 26
LogDevObjectVersion:   Dev-Blueprints (B0D832E4-1F89-4F0D-ACCF-7EB736FD4AA2): 10
LogDevObjectVersion:   Dev-Build (E1C64328-A22C-4D53-A36C-8E866417BD8C): 0
LogDevObjectVersion:   Dev-Core (375EC13C-06E4-48FB-B500-84F0262A717E): 4
LogDevObjectVersion:   Dev-Editor (E4B068ED-F494-42E9-A231-DA0B2E46BB41): 38
LogDevObjectVersion:   Dev-Framework (CFFC743F-43B0-4480-9391-14DF171D2073): 37
LogDevObjectVersion:   Dev-Mobile (B02B49B5-BB20-44E9-A304-32B752E40360): 2
LogDevObjectVersion:   Dev-Networking (A4E4105C-59A1-49B5-A7C5-40C4547EDFEE): 0
LogDevObjectVersion:   Dev-Online (39C831C9-5AE6-47DC-9A44-9C173E1C8E7C): 0
LogDevObjectVersion:   Dev-Physics (78F01B33-EBEA-4F98-B9B4-84EACCB95AA2): 4
LogDevObjectVersion:   Dev-Platform (6631380F-2D4D-43E0-8009-CF276956A95A): 0
LogDevObjectVersion:   Dev-Rendering (12F88B9F-8875-4AFC-A67C-D90C383ABD29): 43
LogDevObjectVersion:   Dev-Sequencer (7B5AE74C-D270-4C10-A958-57980B212A5A): 12
LogDevObjectVersion:   Dev-VR (D7296918-1DD6-4BDD-9DE2-64A83CC13884): 3
LogDevObjectVersion:   Dev-LoadTimes (C2A15278-BFE7-4AFE-6C17-90FF531DF755): 1
LogDevObjectVersion:   Private-Geometry (6EACA3D4-40EC-4CC1-B786-8BED09428FC5): 3
LogDevObjectVersion:   Dev-AnimPhys (29E575DD-E0A3-4627-9D10-D276232CDCEA): 17
LogDevObjectVersion:   Dev-Anim (AF43A65D-7FD3-4947-9873-3E8ED9C1BB05): 7
LogDevObjectVersion:   Dev-ReflectionCapture (6B266CEC-1EC7-4B8F-A30B-E4D90942FC07): 1
LogDevObjectVersion:   Dev-Automation (0DF73D61-A23F-47EA-B727-89E90C41499A): 1
LogDevObjectVersion:   FortniteMain (601D1886-AC64-4F84-AA16-D3DE0DEAC7D6): 31
LogDevObjectVersion:   Dev-Enterprise (9DFFBCD6-494F-0158-E221-12823C92A888): 10
LogDevObjectVersion:   Dev-Niagara (F2AED0AC-9AFE-416F-8664-AA7FFA26D6FC): 1
LogDevObjectVersion:   Dev-Destruction (174F1F0B-B4C6-45A5-B13F-2EE8D0FB917D): 10
LogDevObjectVersion:   Dev-Physics-Ext (35F94A83-E258-406C-A318-09F59610247C): 37
LogDevObjectVersion:   Dev-PhysicsMaterial-Chaos (B68FC16E-8B1B-42E2-B453-215C058844FE): 1
LogDevObjectVersion:   Dev-CineCamera (B2E18506-4273-CFC2-A54E-F4BB758BBA07): 1
LogInit: Presizing for max 25165824 objects, including 0 objects not considered by GC, pre-allocating 0 bytes for permanent pool.
LogConfig: Applying CVar settings from Section [/Script/Engine.StreamingSettings] File [C:/Users/thecy/Documents/GitHub/Escape/Escape/Saved/Config/Windows/Engine.ini]
LogConfig: Setting CVar [[s.MinBulkDataSizeForAsyncLoading:131072]]
LogConfig: Setting CVar [[s.AsyncLoadingThreadEnabled:0]]
LogConfig: Setting CVar [[s.EventDrivenLoaderEnabled:1]]
LogConfig: Setting CVar [[s.WarnIfTimeLimitExceeded:0]]
LogConfig: Setting CVar [[s.TimeLimitExceededMultiplier:1.5]]
LogConfig: Setting CVar [[s.TimeLimitExceededMinTime:0.005]]
LogConfig: Setting CVar [[s.UseBackgroundLevelStreaming:1]]
LogConfig: Setting CVar [[s.PriorityAsyncLoadingExtraTime:15.0]]
LogConfig: Setting CVar [[s.LevelStreamingActorsUpdateTimeLimit:5.0]]
LogConfig: Setting CVar [[s.PriorityLevelStreamingActorsUpdateExtraTime:5.0]]
LogConfig: Setting CVar [[s.LevelStreamingComponentsRegistrationGranularity:10]]
LogConfig: Setting CVar [[s.UnregisterComponentsTimeLimit:1.0]]
LogConfig: Setting CVar [[s.LevelStreamingComponentsUnregistrationGranularity:5]]
LogConfig: Setting CVar [[s.FlushStreamingOnExit:1]]
LogInit: Object subsystem initialized
LogConfig: Setting CVar [[con.DebugEarlyDefault:1]]
LogConfig: Setting CVar [[r.setres:1280x720]]
[2020.12.09-06.51.53:318][  0]LogConfig: Setting CVar [[r.VSync:0]]
[2020.12.09-06.51.53:318][  0]LogConfig: Setting CVar [[r.RHICmdBypass:0]]
[2020.12.09-06.51.53:318][  0]LogConfig: Applying CVar settings from Section [/Script/Engine.RendererSettings] File [C:/Users/thecy/Documents/GitHub/Escape/Escape/Saved/Config/Windows/Engine.ini]
[2020.12.09-06.51.53:318][  0]LogConfig: Setting CVar [[r.GPUCrashDebugging:0]]
[2020.12.09-06.51.53:318][  0]LogConfig: Applying CVar settings from Section [/Script/Engine.RendererOverrideSettings] File [C:/Users/thecy/Documents/GitHub/Escape/Escape/Saved/Config/Windows/Engine.ini]
[2020.12.09-06.51.53:318][  0]LogConfig: Applying CVar settings from Section [/Script/Engine.StreamingSettings] File [C:/Users/thecy/Documents/GitHub/Escape/Escape/Saved/Config/Windows/Engine.ini]
[2020.12.09-06.51.53:318][  0]LogConfig: Setting CVar [[s.MinBulkDataSizeForAsyncLoading:131072]]
[2020.12.09-06.51.53:318][  0]LogConfig: Setting CVar [[s.AsyncLoadingThreadEnabled:0]]
[2020.12.09-06.51.53:318][  0]LogConfig: Setting CVar [[s.EventDrivenLoaderEnabled:1]]
[2020.12.09-06.51.53:318][  0]LogConfig: Setting CVar [[s.WarnIfTimeLimitExceeded:0]]
[2020.12.09-06.51.53:318][  0]LogConfig: Setting CVar [[s.TimeLimitExceededMultiplier:1.5]]
[2020.12.09-06.51.53:318][  0]LogConfig: Setting CVar [[s.TimeLimitExceededMinTime:0.005]]
[2020.12.09-06.51.53:318][  0]LogConfig: Setting CVar [[s.UseBackgroundLevelStreaming:1]]
[2020.12.09-06.51.53:318][  0]LogConfig: Setting CVar [[s.PriorityAsyncLoadingExtraTime:15.0]]
[2020.12.09-06.51.53:318][  0]LogConfig: Setting CVar [[s.LevelStreamingActorsUpdateTimeLimit:5.0]]
[2020.12.09-06.51.53:318][  0]LogConfig: Setting CVar [[s.PriorityLevelStreamingActorsUpdateExtraTime:5.0]]
[2020.12.09-06.51.53:318][  0]LogConfig: Setting CVar [[s.LevelStreamingComponentsRegistrationGranularity:10]]
[2020.12.09-06.51.53:318][  0]LogConfig: Setting CVar [[s.UnregisterComponentsTimeLimit:1.0]]
[2020.12.09-06.51.53:318][  0]LogConfig: Setting CVar [[s.LevelStreamingComponentsUnregistrationGranularity:5]]
[2020.12.09-06.51.53:318][  0]LogConfig: Setting CVar [[s.FlushStreamingOnExit:1]]
[2020.12.09-06.51.53:318][  0]LogConfig: Applying CVar settings from Section [/Script/Engine.GarbageCollectionSettings] File [C:/Users/thecy/Documents/GitHub/Escape/Escape/Saved/Config/Windows/Engine.ini]
[2020.12.09-06.51.53:318][  0]LogConfig: Setting CVar [[gc.MaxObjectsNotConsideredByGC:1]]
[2020.12.09-06.51.53:318][  0]LogConfig: Setting CVar [[gc.SizeOfPermanentObjectPool:0]]
[2020.12.09-06.51.53:318][  0]LogConfig: Setting CVar [[gc.FlushStreamingOnGC:0]]
[2020.12.09-06.51.53:318][  0]LogConfig: Setting CVar [[gc.NumRetriesBeforeForcingGC:10]]
[2020.12.09-06.51.53:318][  0]LogConfig: Setting CVar [[gc.AllowParallelGC:1]]
[2020.12.09-06.51.53:318][  0]LogConfig: Setting CVar [[gc.TimeBetweenPurgingPendingKillObjects:61.1]]
[2020.12.09-06.51.53:318][  0]LogConfig: Setting CVar [[gc.MaxObjectsInEditor:25165824]]
[2020.12.09-06.51.53:318][  0]LogConfig: Setting CVar [[gc.IncrementalBeginDestroyEnabled:1]]
[2020.12.09-06.51.53:318][  0]LogConfig: Setting CVar [[gc.CreateGCClusters:1]]
[2020.12.09-06.51.53:318][  0]LogConfig: Setting CVar [[gc.MinGCClusterSize:5]]
[2020.12.09-06.51.53:318][  0]LogConfig: Setting CVar [[gc.ActorClusteringEnabled:0]]
[2020.12.09-06.51.53:318][  0]LogConfig: Setting CVar [[gc.BlueprintClusteringEnabled:0]]
[2020.12.09-06.51.53:319][  0]LogConfig: Setting CVar [[gc.UseDisregardForGCOnDedicatedServers:0]]
[2020.12.09-06.51.53:319][  0]LogConfig: Applying CVar settings from Section [/Script/Engine.NetworkSettings] File [C:/Users/thecy/Documents/GitHub/Escape/Escape/Saved/Config/Windows/Engine.ini]
[2020.12.09-06.51.53:319][  0]LogConfig: Applying CVar settings from Section [/Script/UnrealEd.CookerSettings] File [C:/Users/thecy/Documents/GitHub/Escape/Escape/Saved/Config/Windows/Engine.ini]
[2020.12.09-06.51.53:322][  0]LogConfig: Applying CVar settings from Section [ViewDistanceQuality@3] File [C:/Users/thecy/Documents/GitHub/Escape/Escape/Saved/Config/Windows/Scalability.ini]
[2020.12.09-06.51.53:322][  0]LogConfig: Setting CVar [[r.SkeletalMeshLODBias:0]]
[2020.12.09-06.51.53:322][  0]LogConfig: Setting CVar [[r.ViewDistanceScale:1.0]]
[2020.12.09-06.51.53:322][  0]LogConfig: Applying CVar settings from Section [AntiAliasingQuality@3] File [C:/Users/thecy/Documents/GitHub/Escape/Escape/Saved/Config/Windows/Scalability.ini]
[2020.12.09-06.51.53:322][  0]LogConfig: Setting CVar [[r.PostProcessAAQuality:4]]
[2020.12.09-06.51.53:322][  0]LogConfig: Applying CVar settings from Section [ShadowQuality@3] File [C:/Users/thecy/Documents/GitHub/Escape/Escape/Saved/Config/Windows/Scalability.ini]
[2020.12.09-06.51.53:323][  0]LogConfig: Setting CVar [[r.LightFunctionQuality:1]]
[2020.12.09-06.51.53:323][  0]LogConfig: Setting CVar [[r.ShadowQuality:5]]
[2020.12.09-06.51.53:323][  0]LogConfig: Setting CVar [[r.Shadow.CSM.MaxCascades:10]]
[2020.12.09-06.51.53:323][  0]LogConfig: Setting CVar [[r.Shadow.MaxResolution:2048]]
[2020.12.09-06.51.53:323][  0]LogConfig: Setting CVar [[r.Shadow.MaxCSMResolution:2048]]
[2020.12.09-06.51.53:323][  0]LogConfig: Setting CVar [[r.Shadow.RadiusThreshold:0.01]]
[2020.12.09-06.51.53:323][  0]LogConfig: Setting CVar [[r.Shadow.DistanceScale:1.0]]
[2020.12.09-06.51.53:323][  0]LogConfig: Setting CVar [[r.Shadow.CSM.TransitionScale:1.0]]
[2020.12.09-06.51.53:323][  0]LogConfig: Setting CVar [[r.Shadow.PreShadowResolutionFactor:1.0]]
[2020.12.09-06.51.53:323][  0]LogConfig: Setting CVar [[r.DistanceFieldShadowing:1]]
[2020.12.09-06.51.53:323][  0]LogConfig: Setting CVar [[r.DistanceFieldAO:1]]
[2020.12.09-06.51.53:323][  0]LogConfig: Setting CVar [[r.AOQuality:2]]
[2020.12.09-06.51.53:323][  0]LogConfig: Setting CVar [[r.VolumetricFog:1]]
[2020.12.09-06.51.53:323][  0]LogConfig: Setting CVar [[r.VolumetricFog.GridPixelSize:8]]
[2020.12.09-06.51.53:323][  0]LogConfig: Setting CVar [[r.VolumetricFog.GridSizeZ:128]]
[2020.12.09-06.51.53:323][  0]LogConfig: Setting CVar [[r.VolumetricFog.HistoryMissSupersampleCount:4]]
[2020.12.09-06.51.53:323][  0]LogConfig: Setting CVar [[r.LightMaxDrawDistanceScale:1]]
[2020.12.09-06.51.53:323][  0]LogConfig: Setting CVar [[r.CapsuleShadows:1]]
[2020.12.09-06.51.53:323][  0]LogConfig: Applying CVar settings from Section [PostProcessQuality@3] File [C:/Users/thecy/Documents/GitHub/Escape/Escape/Saved/Config/Windows/Scalability.ini]
[2020.12.09-06.51.53:323][  0]LogConfig: Setting CVar [[r.MotionBlurQuality:4]]
[2020.12.09-06.51.53:323][  0]LogConfig: Setting CVar [[r.AmbientOcclusionMipLevelFactor:0.4]]
[2020.12.09-06.51.53:323][  0]LogConfig: Setting CVar [[r.AmbientOcclusionMaxQuality:100]]
[2020.12.09-06.51.53:323][  0]LogConfig: Setting CVar [[r.AmbientOcclusionLevels:-1]]
[2020.12.09-06.51.53:323][  0]LogConfig: Setting CVar [[r.AmbientOcclusionRadiusScale:1.0]]
[2020.12.09-06.51.53:323][  0]LogConfig: Setting CVar [[r.DepthOfFieldQuality:2]]
[2020.12.09-06.51.53:323][  0]LogConfig: Setting CVar [[r.RenderTargetPoolMin:400]]
[2020.12.09-06.51.53:323][  0]LogConfig: Setting CVar [[r.LensFlareQuality:2]]
[2020.12.09-06.51.53:323][  0]LogConfig: Setting CVar [[r.SceneColorFringeQuality:1]]
[2020.12.09-06.51.53:323][  0]LogConfig: Setting CVar [[r.EyeAdaptationQuality:2]]
[2020.12.09-06.51.53:323][  0]LogConfig: Setting CVar [[r.BloomQuality:5]]
[2020.12.09-06.51.53:323][  0]LogConfig: Setting CVar [[r.FastBlurThreshold:100]]
[2020.12.09-06.51.53:323][  0]LogConfig: Setting CVar [[r.Upscale.Quality:3]]
[2020.12.09-06.51.53:323][  0]LogConfig: Setting CVar [[r.Tonemapper.GrainQuantization:1]]
[2020.12.09-06.51.53:323][  0]LogConfig: Setting CVar [[r.LightShaftQuality:1]]
[2020.12.09-06.51.53:323][  0]LogConfig: Setting CVar [[r.Filter.SizeScale:1]]
[2020.12.09-06.51.53:323][  0]LogConfig: Setting CVar [[r.Tonemapper.Quality:5]]
[2020.12.09-06.51.53:323][  0]LogConfig: Setting CVar [[r.DOF.Gather.AccumulatorQuality:1        ; higher gathering accumulator quality]]
[2020.12.09-06.51.53:323][  0]LogConfig: Setting CVar [[r.DOF.Gather.PostfilterMethod:1          ; Median3x3 postfilering method]]
[2020.12.09-06.51.53:323][  0]LogConfig: Setting CVar [[r.DOF.Gather.EnableBokehSettings:0       ; no bokeh simulation when gathering]]
[2020.12.09-06.51.53:323][  0]LogConfig: Setting CVar [[r.DOF.Gather.RingCount:4                 ; medium number of samples when gathering]]
[2020.12.09-06.51.53:323][  0]LogConfig: Setting CVar [[r.DOF.Scatter.ForegroundCompositing:1    ; additive foreground scattering]]
[2020.12.09-06.51.53:323][  0]LogConfig: Setting CVar [[r.DOF.Scatter.BackgroundCompositing:2    ; additive background scattering]]
[2020.12.09-06.51.53:323][  0]LogConfig: Setting CVar [[r.DOF.Scatter.EnableBokehSettings:1      ; bokeh simulation when scattering]]
[2020.12.09-06.51.53:323][  0]LogConfig: Setting CVar [[r.DOF.Scatter.MaxSpriteRatio:0.1         ; only a maximum of 10% of scattered bokeh]]
[2020.12.09-06.51.53:324][  0]LogConfig: Setting CVar [[r.DOF.Recombine.Quality:1                ; cheap slight out of focus]]
[2020.12.09-06.51.53:324][  0]LogConfig: Setting CVar [[r.DOF.Recombine.EnableBokehSettings:0    ; no bokeh simulation on slight out of focus]]
[2020.12.09-06.51.53:324][  0]LogConfig: Setting CVar [[r.DOF.TemporalAAQuality:1                ; more stable temporal accumulation]]
[2020.12.09-06.51.53:324][  0]LogConfig: Setting CVar [[r.DOF.Kernel.MaxForegroundRadius:0.025]]
[2020.12.09-06.51.53:324][  0]LogConfig: Setting CVar [[r.DOF.Kernel.MaxBackgroundRadius:0.025]]
[2020.12.09-06.51.53:324][  0]LogConfig: Applying CVar settings from Section [TextureQuality@3] File [C:/Users/thecy/Documents/GitHub/Escape/Escape/Saved/Config/Windows/Scalability.ini]
[2020.12.09-06.51.53:324][  0]LogConfig: Setting CVar [[r.Streaming.MipBias:0]]
[2020.12.09-06.51.53:324][  0]LogConfig: Setting CVar [[r.Streaming.AmortizeCPUToGPUCopy:0]]
[2020.12.09-06.51.53:324][  0]LogConfig: Setting CVar [[r.Streaming.MaxNumTexturesToStreamPerFrame:0]]
[2020.12.09-06.51.53:324][  0]LogConfig: Setting CVar [[r.Streaming.Boost:1]]
[2020.12.09-06.51.53:324][  0]LogConfig: Setting CVar [[r.MaxAnisotropy:8]]
[2020.12.09-06.51.53:324][  0]LogConfig: Setting CVar [[r.VT.MaxAnisotropy:8]]
[2020.12.09-06.51.53:324][  0]LogConfig: Setting CVar [[r.Streaming.LimitPoolSizeToVRAM:0]]
[2020.12.09-06.51.53:324][  0]LogConfig: Setting CVar [[r.Streaming.PoolSize:1000]]
[2020.12.09-06.51.53:324][  0]LogConfig: Setting CVar [[r.Streaming.MaxEffectiveScreenSize:0]]
[2020.12.09-06.51.53:324][  0]LogConfig: Applying CVar settings from Section [EffectsQuality@3] File [C:/Users/thecy/Documents/GitHub/Escape/Escape/Saved/Config/Windows/Scalability.ini]
[2020.12.09-06.51.53:324][  0]LogConfig: Setting CVar [[r.TranslucencyLightingVolumeDim:64]]
[2020.12.09-06.51.53:324][  0]LogConfig: Setting CVar [[r.RefractionQuality:2]]
[2020.12.09-06.51.53:324][  0]LogConfig: Setting CVar [[r.SSR.Quality:3]]
[2020.12.09-06.51.53:324][  0]LogConfig: Setting CVar [[r.SSR.HalfResSceneColor:0]]
[2020.12.09-06.51.53:324][  0]LogConfig: Setting CVar [[r.SceneColorFormat:4]]
[2020.12.09-06.51.53:324][  0]LogConfig: Setting CVar [[r.DetailMode:2]]
[2020.12.09-06.51.53:324][  0]LogConfig: Setting CVar [[r.TranslucencyVolumeBlur:1]]
[2020.12.09-06.51.53:324][  0]LogConfig: Setting CVar [[r.MaterialQualityLevel:1 ; High quality]]
[2020.12.09-06.51.53:324][  0]LogConfig: Setting CVar [[r.SSS.Scale:1]]
[2020.12.09-06.51.53:324][  0]LogConfig: Setting CVar [[r.SSS.SampleSet:2]]
[2020.12.09-06.51.53:324][  0]LogConfig: Setting CVar [[r.SSS.Quality:1]]
[2020.12.09-06.51.53:324][  0]LogConfig: Setting CVar [[r.SSS.HalfRes:0]]
[2020.12.09-06.51.53:324][  0]LogConfig: Setting CVar [[r.SSGI.Quality:3]]
[2020.12.09-06.51.53:324][  0]LogConfig: Setting CVar [[r.EmitterSpawnRateScale:1.0]]
[2020.12.09-06.51.53:324][  0]LogConfig: Setting CVar [[r.ParticleLightQuality:2]]
[2020.12.09-06.51.53:324][  0]LogConfig: Setting CVar [[r.SkyAtmosphere.AerialPerspectiveLUT.FastApplyOnOpaque:1 ; Always have FastSkyLUT 1 in this case to avoid wrong sky]]
[2020.12.09-06.51.53:324][  0]LogConfig: Setting CVar [[r.SkyAtmosphere.AerialPerspectiveLUT.SampleCountPerSlice:1]]
[2020.12.09-06.51.53:324][  0]LogConfig: Setting CVar [[r.SkyAtmosphere.AerialPerspectiveLUT.DepthResolution:16.0]]
[2020.12.09-06.51.53:324][  0]LogConfig: Setting CVar [[r.SkyAtmosphere.FastSkyLUT:1]]
[2020.12.09-06.51.53:324][  0]LogConfig: Setting CVar [[r.SkyAtmosphere.FastSkyLUT.SampleCountMin:4.0]]
[2020.12.09-06.51.53:324][  0]LogConfig: Setting CVar [[r.SkyAtmosphere.FastSkyLUT.SampleCountMax:32.0]]
[2020.12.09-06.51.53:324][  0]LogConfig: Setting CVar [[r.SkyAtmosphere.SampleCountMin:4.0]]
[2020.12.09-06.51.53:324][  0]LogConfig: Setting CVar [[r.SkyAtmosphere.SampleCountMax:32.0]]
[2020.12.09-06.51.53:324][  0]LogConfig: Setting CVar [[r.SkyAtmosphere.TransmittanceLUT.UseSmallFormat:0]]
[2020.12.09-06.51.53:324][  0]LogConfig: Setting CVar [[r.SkyAtmosphere.TransmittanceLUT.SampleCount:10.0]]
[2020.12.09-06.51.53:324][  0]LogConfig: Setting CVar [[r.SkyAtmosphere.MultiScatteringLUT.SampleCount:15.0]]
[2020.12.09-06.51.53:324][  0]LogConfig: Applying CVar settings from Section [FoliageQuality@3] File [C:/Users/thecy/Documents/GitHub/Escape/Escape/Saved/Config/Windows/Scalability.ini]
[2020.12.09-06.51.53:324][  0]LogConfig: Setting CVar [[foliage.DensityScale:1.0]]
[2020.12.09-06.51.53:324][  0]LogConfig: Setting CVar [[grass.DensityScale:1.0]]
[2020.12.09-06.51.53:324][  0]LogConfig: Applying CVar settings from Section [ShadingQuality@3] File [C:/Users/thecy/Documents/GitHub/Escape/Escape/Saved/Config/Windows/Scalability.ini]
[2020.12.09-06.51.53:325][  0]LogConfig: Setting CVar [[r.HairStrands.SkyLighting.SampleCount:16]]
[2020.12.09-06.51.53:325][  0]LogConfig: Setting CVar [[r.HairStrands.SkyLighting.JitterIntegration:0]]
[2020.12.09-06.51.53:325][  0]LogConfig: Setting CVar [[r.HairStrands.SkyAO.SampleCount:16]]
[2020.12.09-06.51.53:325][  0]LogConfig: Setting CVar [[r.HairStrands.DeepShadow.SuperSampling:0]]
[2020.12.09-06.51.53:325][  0]LogConfig: Setting CVar [[r.HairStrands.VisibilityPPLL:0]]
[2020.12.09-06.51.53:325][  0]LogConfig: Setting CVar [[r.HairStrands.RasterizationScale:0.5]]
[2020.12.09-06.51.53:325][  0]LogConfig: Setting CVar [[r.HairStrands.VelocityRasterizationScale:1]]
[2020.12.09-06.51.53:325][  0]LogInit: Selected Device Profile: [Windows]
[2020.12.09-06.51.53:325][  0]LogInit: Applying CVar settings loaded from the selected device profile: [Windows]
[2020.12.09-06.51.53:325][  0]LogHAL: Display: Platform has ~ 16 GB [16966279168 / 17179869184 / 16], which maps to Larger [LargestMinGB=32, LargerMinGB=12, DefaultMinGB=8, SmallerMinGB=6, SmallestMinGB=0)
[2020.12.09-06.51.53:325][  0]LogInit: Going up to parent DeviceProfile []
[2020.12.09-06.51.53:325][  0]LogConfig: Applying CVar settings from Section [ViewDistanceQuality@3] File [C:/Users/thecy/Documents/GitHub/Escape/Escape/Saved/Config/Windows/Scalability.ini]
[2020.12.09-06.51.53:325][  0]LogConfig: Setting CVar [[r.SkeletalMeshLODBias:0]]
[2020.12.09-06.51.53:325][  0]LogConfig: Setting CVar [[r.ViewDistanceScale:1.0]]
[2020.12.09-06.51.53:325][  0]LogConfig: Applying CVar settings from Section [AntiAliasingQuality@3] File [C:/Users/thecy/Documents/GitHub/Escape/Escape/Saved/Config/Windows/Scalability.ini]
[2020.12.09-06.51.53:325][  0]LogConfig: Setting CVar [[r.PostProcessAAQuality:4]]
[2020.12.09-06.51.53:325][  0]LogConfig: Applying CVar settings from Section [ShadowQuality@3] File [C:/Users/thecy/Documents/GitHub/Escape/Escape/Saved/Config/Windows/Scalability.ini]
[2020.12.09-06.51.53:325][  0]LogConfig: Setting CVar [[r.LightFunctionQuality:1]]
[2020.12.09-06.51.53:325][  0]LogConfig: Setting CVar [[r.ShadowQuality:5]]
[2020.12.09-06.51.53:325][  0]LogConfig: Setting CVar [[r.Shadow.CSM.MaxCascades:10]]
[2020.12.09-06.51.53:325][  0]LogConfig: Setting CVar [[r.Shadow.MaxResolution:2048]]
[2020.12.09-06.51.53:325][  0]LogConfig: Setting CVar [[r.Shadow.MaxCSMResolution:2048]]
[2020.12.09-06.51.53:325][  0]LogConfig: Setting CVar [[r.Shadow.RadiusThreshold:0.01]]
[2020.12.09-06.51.53:325][  0]LogConfig: Setting CVar [[r.Shadow.DistanceScale:1.0]]
[2020.12.09-06.51.53:325][  0]LogConfig: Setting CVar [[r.Shadow.CSM.TransitionScale:1.0]]
[2020.12.09-06.51.53:325][  0]LogConfig: Setting CVar [[r.Shadow.PreShadowResolutionFactor:1.0]]
[2020.12.09-06.51.53:325][  0]LogConfig: Setting CVar [[r.DistanceFieldShadowing:1]]
[2020.12.09-06.51.53:325][  0]LogConfig: Setting CVar [[r.DistanceFieldAO:1]]
[2020.12.09-06.51.53:325][  0]LogConfig: Setting CVar [[r.AOQuality:2]]
[2020.12.09-06.51.53:325][  0]LogConfig: Setting CVar [[r.VolumetricFog:1]]
[2020.12.09-06.51.53:325][  0]LogConfig: Setting CVar [[r.VolumetricFog.GridPixelSize:8]]
[2020.12.09-06.51.53:325][  0]LogConfig: Setting CVar [[r.VolumetricFog.GridSizeZ:128]]
[2020.12.09-06.51.53:325][  0]LogConfig: Setting CVar [[r.VolumetricFog.HistoryMissSupersampleCount:4]]
[2020.12.09-06.51.53:325][  0]LogConfig: Setting CVar [[r.LightMaxDrawDistanceScale:1]]
[2020.12.09-06.51.53:325][  0]LogConfig: Setting CVar [[r.CapsuleShadows:1]]
[2020.12.09-06.51.53:325][  0]LogConfig: Applying CVar settings from Section [PostProcessQuality@3] File [C:/Users/thecy/Documents/GitHub/Escape/Escape/Saved/Config/Windows/Scalability.ini]
[2020.12.09-06.51.53:325][  0]LogConfig: Setting CVar [[r.MotionBlurQuality:4]]
[2020.12.09-06.51.53:325][  0]LogConfig: Setting CVar [[r.AmbientOcclusionMipLevelFactor:0.4]]
[2020.12.09-06.51.53:326][  0]LogConfig: Setting CVar [[r.AmbientOcclusionMaxQuality:100]]
[2020.12.09-06.51.53:326][  0]LogConfig: Setting CVar [[r.AmbientOcclusionLevels:-1]]
[2020.12.09-06.51.53:326][  0]LogConfig: Setting CVar [[r.AmbientOcclusionRadiusScale:1.0]]
[2020.12.09-06.51.53:326][  0]LogConfig: Setting CVar [[r.DepthOfFieldQuality:2]]
[2020.12.09-06.51.53:326][  0]LogConfig: Setting CVar [[r.RenderTargetPoolMin:400]]
[2020.12.09-06.51.53:326][  0]LogConfig: Setting CVar [[r.LensFlareQuality:2]]
[2020.12.09-06.51.53:326][  0]LogConfig: Setting CVar [[r.SceneColorFringeQuality:1]]
[2020.12.09-06.51.53:326][  0]LogConfig: Setting CVar [[r.EyeAdaptationQuality:2]]
[2020.12.09-06.51.53:326][  0]LogConfig: Setting CVar [[r.BloomQuality:5]]
[2020.12.09-06.51.53:326][  0]LogConfig: Setting CVar [[r.FastBlurThreshold:100]]
[2020.12.09-06.51.53:326][  0]LogConfig: Setting CVar [[r.Upscale.Quality:3]]
[2020.12.09-06.51.53:326][  0]LogConfig: Setting CVar [[r.Tonemapper.GrainQuantization:1]]
[2020.12.09-06.51.53:326][  0]LogConfig: Setting CVar [[r.LightShaftQuality:1]]
[2020.12.09-06.51.53:326][  0]LogConfig: Setting CVar [[r.Filter.SizeScale:1]]
[2020.12.09-06.51.53:326][  0]LogConfig: Setting CVar [[r.Tonemapper.Quality:5]]
[2020.12.09-06.51.53:326][  0]LogConfig: Setting CVar [[r.DOF.Gather.AccumulatorQuality:1        ; higher gathering accumulator quality]]
[2020.12.09-06.51.53:326][  0]LogConfig: Setting CVar [[r.DOF.Gather.PostfilterMethod:1          ; Median3x3 postfilering method]]
[2020.12.09-06.51.53:326][  0]LogConfig: Setting CVar [[r.DOF.Gather.EnableBokehSettings:0       ; no bokeh simulation when gathering]]
[2020.12.09-06.51.53:326][  0]LogConfig: Setting CVar [[r.DOF.Gather.RingCount:4                 ; medium number of samples when gathering]]
[2020.12.09-06.51.53:326][  0]LogConfig: Setting CVar [[r.DOF.Scatter.ForegroundCompositing:1    ; additive foreground scattering]]
[2020.12.09-06.51.53:326][  0]LogConfig: Setting CVar [[r.DOF.Scatter.BackgroundCompositing:2    ; additive background scattering]]
[2020.12.09-06.51.53:326][  0]LogConfig: Setting CVar [[r.DOF.Scatter.EnableBokehSettings:1      ; bokeh simulation when scattering]]
[2020.12.09-06.51.53:326][  0]LogConfig: Setting CVar [[r.DOF.Scatter.MaxSpriteRatio:0.1         ; only a maximum of 10% of scattered bokeh]]
[2020.12.09-06.51.53:326][  0]LogConfig: Setting CVar [[r.DOF.Recombine.Quality:1                ; cheap slight out of focus]]
[2020.12.09-06.51.53:326][  0]LogConfig: Setting CVar [[r.DOF.Recombine.EnableBokehSettings:0    ; no bokeh simulation on slight out of focus]]
[2020.12.09-06.51.53:326][  0]LogConfig: Setting CVar [[r.DOF.TemporalAAQuality:1                ; more stable temporal accumulation]]
[2020.12.09-06.51.53:326][  0]LogConfig: Setting CVar [[r.DOF.Kernel.MaxForegroundRadius:0.025]]
[2020.12.09-06.51.53:326][  0]LogConfig: Setting CVar [[r.DOF.Kernel.MaxBackgroundRadius:0.025]]
[2020.12.09-06.51.53:326][  0]LogConfig: Applying CVar settings from Section [TextureQuality@3] File [C:/Users/thecy/Documents/GitHub/Escape/Escape/Saved/Config/Windows/Scalability.ini]
[2020.12.09-06.51.53:326][  0]LogConfig: Setting CVar [[r.Streaming.MipBias:0]]
[2020.12.09-06.51.53:326][  0]LogConfig: Setting CVar [[r.Streaming.AmortizeCPUToGPUCopy:0]]
[2020.12.09-06.51.53:326][  0]LogConfig: Setting CVar [[r.Streaming.MaxNumTexturesToStreamPerFrame:0]]
[2020.12.09-06.51.53:326][  0]LogConfig: Setting CVar [[r.Streaming.Boost:1]]
[2020.12.09-06.51.53:326][  0]LogConfig: Setting CVar [[r.MaxAnisotropy:8]]
[2020.12.09-06.51.53:326][  0]LogConfig: Setting CVar [[r.VT.MaxAnisotropy:8]]
[2020.12.09-06.51.53:326][  0]LogConfig: Setting CVar [[r.Streaming.LimitPoolSizeToVRAM:0]]
[2020.12.09-06.51.53:326][  0]LogConfig: Setting CVar [[r.Streaming.PoolSize:1000]]
[2020.12.09-06.51.53:326][  0]LogConfig: Setting CVar [[r.Streaming.MaxEffectiveScreenSize:0]]
[2020.12.09-06.51.53:326][  0]LogConfig: Applying CVar settings from Section [EffectsQuality@3] File [C:/Users/thecy/Documents/GitHub/Escape/Escape/Saved/Config/Windows/Scalability.ini]
[2020.12.09-06.51.53:326][  0]LogConfig: Setting CVar [[r.TranslucencyLightingVolumeDim:64]]
[2020.12.09-06.51.53:326][  0]LogConfig: Setting CVar [[r.RefractionQuality:2]]
[2020.12.09-06.51.53:327][  0]LogConfig: Setting CVar [[r.SSR.Quality:3]]
[2020.12.09-06.51.53:327][  0]LogConfig: Setting CVar [[r.SSR.HalfResSceneColor:0]]
[2020.12.09-06.51.53:327][  0]LogConfig: Setting CVar [[r.SceneColorFormat:4]]
[2020.12.09-06.51.53:327][  0]LogConfig: Setting CVar [[r.DetailMode:2]]
[2020.12.09-06.51.53:327][  0]LogConfig: Setting CVar [[r.TranslucencyVolumeBlur:1]]
[2020.12.09-06.51.53:327][  0]LogConfig: Setting CVar [[r.MaterialQualityLevel:1 ; High quality]]
[2020.12.09-06.51.53:327][  0]LogConfig: Setting CVar [[r.SSS.Scale:1]]
[2020.12.09-06.51.53:327][  0]LogConfig: Setting CVar [[r.SSS.SampleSet:2]]
[2020.12.09-06.51.53:327][  0]LogConfig: Setting CVar [[r.SSS.Quality:1]]
[2020.12.09-06.51.53:327][  0]LogConfig: Setting CVar [[r.SSS.HalfRes:0]]
[2020.12.09-06.51.53:327][  0]LogConfig: Setting CVar [[r.SSGI.Quality:3]]
[2020.12.09-06.51.53:327][  0]LogConfig: Setting CVar [[r.EmitterSpawnRateScale:1.0]]
[2020.12.09-06.51.53:327][  0]LogConfig: Setting CVar [[r.ParticleLightQuality:2]]
[2020.12.09-06.51.53:327][  0]LogConfig: Setting CVar [[r.SkyAtmosphere.AerialPerspectiveLUT.FastApplyOnOpaque:1 ; Always have FastSkyLUT 1 in this case to avoid wrong sky]]
[2020.12.09-06.51.53:327][  0]LogConfig: Setting CVar [[r.SkyAtmosphere.AerialPerspectiveLUT.SampleCountPerSlice:1]]
[2020.12.09-06.51.53:327][  0]LogConfig: Setting CVar [[r.SkyAtmosphere.AerialPerspectiveLUT.DepthResolution:16.0]]
[2020.12.09-06.51.53:327][  0]LogConfig: Setting CVar [[r.SkyAtmosphere.FastSkyLUT:1]]
[2020.12.09-06.51.53:327][  0]LogConfig: Setting CVar [[r.SkyAtmosphere.FastSkyLUT.SampleCountMin:4.0]]
[2020.12.09-06.51.53:327][  0]LogConfig: Setting CVar [[r.SkyAtmosphere.FastSkyLUT.SampleCountMax:32.0]]
[2020.12.09-06.51.53:327][  0]LogConfig: Setting CVar [[r.SkyAtmosphere.SampleCountMin:4.0]]
[2020.12.09-06.51.53:327][  0]LogConfig: Setting CVar [[r.SkyAtmosphere.SampleCountMax:32.0]]
[2020.12.09-06.51.53:327][  0]LogConfig: Setting CVar [[r.SkyAtmosphere.TransmittanceLUT.UseSmallFormat:0]]
[2020.12.09-06.51.53:327][  0]LogConfig: Setting CVar [[r.SkyAtmosphere.TransmittanceLUT.SampleCount:10.0]]
[2020.12.09-06.51.53:327][  0]LogConfig: Setting CVar [[r.SkyAtmosphere.MultiScatteringLUT.SampleCount:15.0]]
[2020.12.09-06.51.53:327][  0]LogConfig: Applying CVar settings from Section [FoliageQuality@3] File [C:/Users/thecy/Documents/GitHub/Escape/Escape/Saved/Config/Windows/Scalability.ini]
[2020.12.09-06.51.53:327][  0]LogConfig: Setting CVar [[foliage.DensityScale:1.0]]
[2020.12.09-06.51.53:327][  0]LogConfig: Setting CVar [[grass.DensityScale:1.0]]
[2020.12.09-06.51.53:327][  0]LogConfig: Applying CVar settings from Section [ShadingQuality@3] File [C:/Users/thecy/Documents/GitHub/Escape/Escape/Saved/Config/Windows/Scalability.ini]
[2020.12.09-06.51.53:327][  0]LogConfig: Setting CVar [[r.HairStrands.SkyLighting.SampleCount:16]]
[2020.12.09-06.51.53:327][  0]LogConfig: Setting CVar [[r.HairStrands.SkyLighting.JitterIntegration:0]]
[2020.12.09-06.51.53:327][  0]LogConfig: Setting CVar [[r.HairStrands.SkyAO.SampleCount:16]]
[2020.12.09-06.51.53:327][  0]LogConfig: Setting CVar [[r.HairStrands.DeepShadow.SuperSampling:0]]
[2020.12.09-06.51.53:327][  0]LogConfig: Setting CVar [[r.HairStrands.VisibilityPPLL:0]]
[2020.12.09-06.51.53:327][  0]LogConfig: Setting CVar [[r.HairStrands.RasterizationScale:0.5]]
[2020.12.09-06.51.53:327][  0]LogConfig: Setting CVar [[r.HairStrands.VelocityRasterizationScale:1]]
[2020.12.09-06.51.53:327][  0]LogConfig: Applying CVar settings from Section [Startup] File [../../../Engine/Config/ConsoleVariables.ini]
[2020.12.09-06.51.53:328][  0]LogConfig: Setting CVar [[net.UseAdaptiveNetUpdateFrequency:0]]
[2020.12.09-06.51.53:328][  0]LogConfig: Setting CVar [[p.chaos.AllowCreatePhysxBodies:1]]
[2020.12.09-06.51.53:328][  0]LogConfig: Setting CVar [[fx.SkipVectorVMBackendOptimizations:1]]
[2020.12.09-06.51.53:328][  0]LogConfig: Applying CVar settings from Section [ConsoleVariables] File [C:/Users/thecy/Documents/GitHub/Escape/Escape/Saved/Config/Windows/Engine.ini]
[2020.12.09-06.51.53:328][  0]LogInit: Computer: DESKTOP-7BFASC5
[2020.12.09-06.51.53:328][  0]LogInit: User: thecy
[2020.12.09-06.51.53:328][  0]LogInit: CPU Page size=4096, Cores=6
[2020.12.09-06.51.53:328][  0]LogInit: High frequency timer resolution =10.000000 MHz
[2020.12.09-06.51.53:328][  0]LogMemory: Memory total: Physical=15.8GB (16GB approx)
[2020.12.09-06.51.53:328][  0]LogMemory: Platform Memory Stats for Windows
[2020.12.09-06.51.53:328][  0]LogMemory: Process Physical Memory: 114.13 MB used, 114.13 MB peak
[2020.12.09-06.51.53:329][  0]LogMemory: Process Virtual Memory: 97.11 MB used, 97.11 MB peak
[2020.12.09-06.51.53:329][  0]LogMemory: Physical Memory: 8705.60 MB used,  7474.71 MB free, 16180.30 MB total
[2020.12.09-06.51.53:329][  0]LogMemory: Virtual Memory: 5164.91 MB used,  134212560.00 MB free, 134217728.00 MB total
[2020.12.09-06.51.54:032][  0]LogWindows: WindowsPlatformFeatures enabled
[2020.12.09-06.51.54:113][  0]LogInit: Physics initialised using underlying interface: PhysX
[2020.12.09-06.51.54:116][  0]LogInit: Using OS detected language (en-US).
[2020.12.09-06.51.54:116][  0]LogInit: Using OS detected locale (en-US).
[2020.12.09-06.51.54:127][  0]LogTextLocalizationManager: No specific localization for 'en-US' exists, so the 'en' localization will be used.
[2020.12.09-06.51.54:534][  0]LogInit: Setting process to per monitor DPI aware
[2020.12.09-06.51.54:592][  0]LogSlate: New Slate User Created.  User Index 0, Is Virtual User: 0
[2020.12.09-06.51.54:592][  0]LogSlate: Slate User Registered.  User Index 0, Is Virtual User: 0
[2020.12.09-06.51.55:009][  0]LogHMD: Failed to initialize OpenVR with code 110
[2020.12.09-06.51.55:009][  0]LogD3D11RHI: D3D11 min allowed feature level: 11_0
[2020.12.09-06.51.55:009][  0]LogD3D11RHI: D3D11 max allowed feature level: 11_0
[2020.12.09-06.51.55:009][  0]LogD3D11RHI: D3D11 adapters:
[2020.12.09-06.51.55:144][  0]LogD3D11RHI:    0. 'NVIDIA GeForce RTX 2070 with Max-Q Design' (Feature Level 11_0)
[2020.12.09-06.51.55:144][  0]LogD3D11RHI:       8031/0/8090 MB DedicatedVideo/DedicatedSystem/SharedSystem, Outputs:1, VendorId:0x10de
[2020.12.09-06.51.55:183][  0]LogD3D11RHI:    1. 'Intel(R) UHD Graphics 630' (Feature Level 11_0)
[2020.12.09-06.51.55:183][  0]LogD3D11RHI:       128/0/8090 MB DedicatedVideo/DedicatedSystem/SharedSystem, Outputs:0, VendorId:0x8086
[2020.12.09-06.51.55:191][  0]LogD3D11RHI:    2. 'Microsoft Basic Render Driver' (Feature Level 11_0)
[2020.12.09-06.51.55:191][  0]LogD3D11RHI:       0/0/8090 MB DedicatedVideo/DedicatedSystem/SharedSystem, Outputs:0, VendorId:0x1414
[2020.12.09-06.51.55:191][  0]LogD3D11RHI: Chosen D3D11 Adapter: 0
[2020.12.09-06.51.55:266][  0]LogD3D11RHI: Creating new Direct3DDevice
[2020.12.09-06.51.55:266][  0]LogD3D11RHI:     GPU DeviceId: 0x1f10 (for the marketing name, search the web for "GPU Device Id")
[2020.12.09-06.51.55:266][  0]LogWindows: EnumDisplayDevices:
[2020.12.09-06.51.55:267][  0]LogWindows:    0. 'Intel(R) UHD Graphics 630' (P:1 D:1)
[2020.12.09-06.51.55:267][  0]LogWindows:    1. 'Intel(R) UHD Graphics 630' (P:0 D:0)
[2020.12.09-06.51.55:268][  0]LogWindows:    2. 'Intel(R) UHD Graphics 630' (P:0 D:0)
[2020.12.09-06.51.55:268][  0]LogWindows:    3. 'NVIDIA GeForce RTX 2070 with Max-Q Design' (P:0 D:0)
[2020.12.09-06.51.55:268][  0]LogWindows:    4. 'NVIDIA GeForce RTX 2070 with Max-Q Design' (P:0 D:0)
[2020.12.09-06.51.55:269][  0]LogWindows:    5. 'NVIDIA GeForce RTX 2070 with Max-Q Design' (P:0 D:0)
[2020.12.09-06.51.55:269][  0]LogWindows:    6. 'NVIDIA GeForce RTX 2070 with Max-Q Design' (P:0 D:0)
[2020.12.09-06.51.55:270][  0]LogWindows: DebugString: PrimaryIsNotTheChoosenAdapter PrimaryIsNotTheChoosenAdapter PrimaryIsNotTheChoosenAdapter FoundDriverCount:4 
[2020.12.09-06.51.55:270][  0]LogD3D11RHI:     Adapter Name: NVIDIA GeForce RTX 2070 with Max-Q Design
[2020.12.09-06.51.55:270][  0]LogD3D11RHI:   Driver Version: 442.23 (internal:26.21.14.4223, unified:442.23)
[2020.12.09-06.51.55:270][  0]LogD3D11RHI:      Driver Date: 1-31-2020
[2020.12.09-06.51.55:270][  0]LogRHI: Texture pool is 5621 MB (70% of 8031 MB)
[2020.12.09-06.51.55:348][  0]LogD3D11RHI: RHI has support for 64 bit atomics
[2020.12.09-06.51.55:352][  0]LogD3D11RHI: [Aftermath] Enabled and primed
[2020.12.09-06.51.55:352][  0]LogD3D11RHI: Async texture creation enabled
[2020.12.09-06.51.55:352][  0]LogD3D11RHI: Array index from any shader is supported
[2020.12.09-06.51.55:382][  0]LogD3D11RHI: GPU Timing Frequency: 1000.000000 (Debug: 2 2)
[2020.12.09-06.51.55:921][  0]LogTargetPlatformManager: Display: Loaded TargetPlatform 'AllDesktop'
[2020.12.09-06.51.55:961][  0]LogTargetPlatformManager: Display: Loaded TargetPlatform 'Android'
[2020.12.09-06.51.55:961][  0]LogTargetPlatformManager: Display: Loaded TargetPlatform 'Android_ASTC'
[2020.12.09-06.51.55:961][  0]LogTargetPlatformManager: Display: Loaded TargetPlatform 'Android_DXT'
[2020.12.09-06.51.55:961][  0]LogTargetPlatformManager: Display: Loaded TargetPlatform 'Android_ETC2'
[2020.12.09-06.51.55:961][  0]LogTargetPlatformManager: Display: Loaded TargetPlatform 'AndroidClient'
[2020.12.09-06.51.55:961][  0]LogTargetPlatformManager: Display: Loaded TargetPlatform 'Android_ASTCClient'
[2020.12.09-06.51.55:961][  0]LogTargetPlatformManager: Display: Loaded TargetPlatform 'Android_DXTClient'
[2020.12.09-06.51.55:961][  0]LogTargetPlatformManager: Display: Loaded TargetPlatform 'Android_ETC2Client'
[2020.12.09-06.51.55:961][  0]LogTargetPlatformManager: Display: Loaded TargetPlatform 'Android_Multi'
[2020.12.09-06.51.55:961][  0]LogTargetPlatformManager: Display: Loaded TargetPlatform 'Android_MultiClient'
[2020.12.09-06.51.56:003][  0]LogTargetPlatformManager: Display: Loaded TargetPlatform 'IOSClient'
[2020.12.09-06.51.56:003][  0]LogTargetPlatformManager: Display: Loaded TargetPlatform 'IOS'
[2020.12.09-06.51.56:022][  0]LogTargetPlatformManager: Display: Loaded TargetPlatform 'Linux'
[2020.12.09-06.51.56:040][  0]LogTargetPlatformManager: Display: Loaded TargetPlatform 'LinuxNoEditor'
[2020.12.09-06.51.56:057][  0]LogTargetPlatformManager: Display: Loaded TargetPlatform 'LinuxClient'
[2020.12.09-06.51.56:074][  0]LogTargetPlatformManager: Display: Loaded TargetPlatform 'LinuxServer'
[2020.12.09-06.51.56:090][  0]LogTargetPlatformManager: Display: Loaded TargetPlatform 'LinuxAArch64NoEditor'
[2020.12.09-06.51.56:107][  0]LogTargetPlatformManager: Display: Loaded TargetPlatform 'LinuxAArch64Client'
[2020.12.09-06.51.56:122][  0]LogTargetPlatformManager: Display: Loaded TargetPlatform 'LinuxAArch64Server'
[2020.12.09-06.51.56:167][  0]LogTargetPlatformManager: Display: Loaded TargetPlatform 'Lumin'
[2020.12.09-06.51.56:167][  0]LogTargetPlatformManager: Display: Loaded TargetPlatform 'LuminClient'
[2020.12.09-06.51.56:194][  0]LogTargetPlatformManager: Display: Loaded TargetPlatform 'TVOSClient'
[2020.12.09-06.51.56:194][  0]LogTargetPlatformManager: Display: Loaded TargetPlatform 'TVOS'
[2020.12.09-06.51.56:211][  0]LogTargetPlatformManager: Display: Loaded TargetPlatform 'WindowsNoEditor'
[2020.12.09-06.51.56:228][  0]LogTargetPlatformManager: Display: Loaded TargetPlatform 'Windows'
[2020.12.09-06.51.56:244][  0]LogTargetPlatformManager: Display: Loaded TargetPlatform 'WindowsClient'
[2020.12.09-06.51.56:260][  0]LogTargetPlatformManager: Display: Loaded TargetPlatform 'WindowsServer'
[2020.12.09-06.51.56:260][  0]LogTargetPlatformManager: Display: Building Assets For Windows
[2020.12.09-06.51.56:276][  0]LogAudioDebug: Display: Lib vorbis DLL was dynamically loaded.
[2020.12.09-06.51.56:394][  0]LogShaderCompilers: Guid format shader working directory is -14 characters bigger than the processId version (../../../../../../Users/thecy/Documents/GitHub/Escape/Escape/Intermediate/Shaders/WorkingDirectory/5436/).
[2020.12.09-06.51.56:394][  0]LogShaderCompilers: Cleaned the shader compiler working directory 'C:/Users/thecy/AppData/Local/Temp/UnrealShaderWorkingDir/814142664AA8A74166524791649D326A/'.
[2020.12.09-06.51.56:395][  0]LogXGEController: Cleaning working directory: C:/Users/thecy/AppData/Local/Temp/UnrealXGEWorkingDir/
[2020.12.09-06.51.56:396][  0]LogXGEController: Cannot use XGE Controller as Incredibuild is not installed on this machine.
[2020.12.09-06.51.56:396][  0]LogShaderCompilers: Cannot use XGE Shader Compiler as Incredibuild is not installed on this machine.
[2020.12.09-06.51.56:396][  0]LogShaderCompilers: Display: Using Local Shader Compiler.
[2020.12.09-06.51.57:822][  0]LogDerivedDataCache: Display: Max Cache Size: 512 MB
[2020.12.09-06.51.57:928][  0]LogDerivedDataCache: Loaded boot cache 0.10s 75MB C:/Users/thecy/AppData/Local/UnrealEngine/4.25/DerivedDataCache/Boot.ddc.
[2020.12.09-06.51.57:928][  0]LogDerivedDataCache: Display: Loaded Boot cache: C:/Users/thecy/AppData/Local/UnrealEngine/4.25/DerivedDataCache/Boot.ddc
[2020.12.09-06.51.57:928][  0]LogDerivedDataCache: FDerivedDataBackendGraph:  Pak pak cache file ../../../../../../Users/thecy/Documents/GitHub/Escape/Escape/DerivedDataCache/DDC.ddp not found, will not use a pak cache.
[2020.12.09-06.51.57:928][  0]LogDerivedDataCache: Unable to find inner node Pak for hierarchical cache Hierarchy.
[2020.12.09-06.51.57:928][  0]LogDerivedDataCache: FDerivedDataBackendGraph:  CompressedPak pak cache file ../../../../../../Users/thecy/Documents/GitHub/Escape/Escape/DerivedDataCache/Compressed.ddp not found, will not use a pak cache.
[2020.12.09-06.51.57:928][  0]LogDerivedDataCache: Unable to find inner node CompressedPak for hierarchical cache Hierarchy.
[2020.12.09-06.51.57:945][  0]LogDerivedDataCache: Display: Pak cache opened for reading ../../../Engine/DerivedDataCache/Compressed.ddp.
[2020.12.09-06.51.57:945][  0]LogDerivedDataCache: FDerivedDataBackendGraph:  EnterprisePak pak cache file ../../../Enterprise/DerivedDataCache/Compressed.ddp not found, will not use a pak cache.
[2020.12.09-06.51.57:946][  0]LogDerivedDataCache: Unable to find inner node EnterprisePak for hierarchical cache Hierarchy.
[2020.12.09-06.51.57:947][  0]LogDerivedDataCache: Using Local data cache path C:/Users/thecy/AppData/Local/UnrealEngine/Common/DerivedDataCache: Writable
[2020.12.09-06.51.57:947][  0]LogDerivedDataCache: Shared data cache path not found in *engine.ini, will not use an Shared cache.
[2020.12.09-06.51.57:947][  0]LogDerivedDataCache: Unable to find inner node Shared for hierarchical cache Hierarchy.
[2020.12.09-06.51.58:030][  0]LogSlate: Using FreeType 2.10.0
[2020.12.09-06.51.58:032][  0]LogSlate: SlateFontServices - WITH_FREETYPE: 1, WITH_HARFBUZZ: 1
[2020.12.09-06.51.58:078][  0]LogAssetRegistry: FAssetRegistry took 0.0041 seconds to start up
[2020.12.09-06.51.58:472][  0]LogInit: Selected Device Profile: [Windows]
[2020.12.09-06.51.58:675][  0]LogMeshReduction: Using QuadricMeshReduction for automatic static mesh reduction
[2020.12.09-06.51.58:675][  0]LogMeshReduction: Using SimplygonMeshReduction for automatic skeletal mesh reduction
[2020.12.09-06.51.58:675][  0]LogMeshReduction: Using ProxyLODMeshReduction for automatic mesh merging
[2020.12.09-06.51.58:675][  0]LogMeshReduction: No distributed automatic mesh merging module available
[2020.12.09-06.51.58:675][  0]LogMeshMerging: No distributed automatic mesh merging module available
[2020.12.09-06.51.58:702][  0]LogNetVersion: Escape 1.0.0, NetCL: 13144385, EngineNetVer: 14, GameNetVer: 0 (Checksum: 3712058826)
[2020.12.09-06.51.59:460][  0]LogAISub: UAISubsystem::UAISubsystem AISubsystem (000001C43E2ED400), frame # 0
[2020.12.09-06.51.59:460][  0]LogAISub: UAISubsystem::UAISubsystem AIPerceptionSystem (000001C43E260A40), frame # 0
[2020.12.09-06.51.59:462][  0]LogAISub: UAISubsystem::UAISubsystem EnvQueryManager (000001C43E289E00), frame # 0
[2020.12.09-06.51.59:544][  0]LogPackageLocalizationCache: Processed 19 localized package path(s) for 1 prioritized culture(s) in 0.073663 seconds
[2020.12.09-06.51.59:553][  0]LogUObjectArray: 15913 objects as part of root set at end of initial load.
[2020.12.09-06.51.59:553][  0]LogUObjectAllocator: 3964304 out of 0 bytes used by permanent object pool.
[2020.12.09-06.51.59:553][  0]LogUObjectArray: CloseDisregardForGC: 0/0 objects in disregard for GC pool
[2020.12.09-06.52.00:234][  0]LogTcpMessaging: Initializing TcpMessaging bridge
[2020.12.09-06.52.00:242][  0]LogUdpMessaging: Initializing bridge on interface 0.0.0.0:0 to multicast group 230.0.0.1:6666.
[2020.12.09-06.52.00:391][  0]SourceControl: Source control is disabled
[2020.12.09-06.52.00:391][  0]SourceControl: Source control is disabled
[2020.12.09-06.52.00:398][  0]SourceControl: Source control is disabled
[2020.12.09-06.52.00:404][  0]SourceControl: Source control is disabled
[2020.12.09-06.52.00:418][  0]SourceControl: Source control is disabled
[2020.12.09-06.52.00:444][  0]LogVSAccessor: Display: Unable to create Visual Studio setup instance: 80040154
[2020.12.09-06.52.00:444][  0]LogVSAccessor: Display: Unable to create Visual Studio setup instance: 80040154
[2020.12.09-06.52.00:887][  0]LogAndroidPermission: UAndroidPermissionCallbackProxy::GetInstance
[2020.12.09-06.52.00:944][  0]LogAudioCaptureCore: Display: No Audio Capture implementations found. Audio input will be silent.
[2020.12.09-06.52.00:944][  0]LogAudioCaptureCore: Display: No Audio Capture implementations found. Audio input will be silent.
[2020.12.09-06.52.01:034][  0]LogOcInput: OculusInput pre-init called
[2020.12.09-06.52.01:057][  0]LogWindows: Failed to load 'OVRPlugin.dll' (GetLastError=126)
[2020.12.09-06.52.01:057][  0]LogWindows: File 'OVRPlugin.dll' does not exist
[2020.12.09-06.52.01:166][  0]LogEngine: Initializing Engine...
[2020.12.09-06.52.01:168][  0]LogHMD: Failed to initialize OpenVR with code 110
[2020.12.09-06.52.01:168][  0]LogMagicLeap: Warning: VR disabled because ZI is not enabled.  To enable, in the editor, Edit -> Project Settings -> Plugins -> Magic Leap Plugin -> Enable Zero Iteration
[2020.12.09-06.52.01:169][  0]LogStats: UGameplayTagsManager::InitializeManager -  0.000 s
[2020.12.09-06.52.01:361][  0]LogInit: Initializing FReadOnlyCVARCache
[2020.12.09-06.52.01:375][  0]LogAIModule: Creating AISystem for world Untitled
[2020.12.09-06.52.01:375][  0]LogAISub: UAISubsystem::UAISubsystem EnvQueryManager (000001C4454F0600), frame # 0
[2020.12.09-06.52.01:375][  0]LogAISub: UAISubsystem::UAISubsystem AIPerceptionSystem (000001C44548FB00), frame # 0
[2020.12.09-06.52.01:407][  0]LogAudioMixer: Display: Audio Mixer Platform Settings:
[2020.12.09-06.52.01:407][  0]LogAudioMixer: Display: 	Sample Rate:						  48000
[2020.12.09-06.52.01:407][  0]LogAudioMixer: Display: 	Callback Buffer Frame Size Requested: 1024
[2020.12.09-06.52.01:407][  0]LogAudioMixer: Display: 	Callback Buffer Frame Size To Use:	  1024
[2020.12.09-06.52.01:407][  0]LogAudioMixer: Display: 	Number of buffers to queue:			  2
[2020.12.09-06.52.01:407][  0]LogAudioMixer: Display: 	Max Channels (voices):				  32
[2020.12.09-06.52.01:407][  0]LogAudioMixer: Display: 	Number of Async Source Workers:		  0
[2020.12.09-06.52.01:407][  0]LogAudio: Display: AudioDevice MaxSources: 32
[2020.12.09-06.52.01:408][  0]LogAudio: Display: Using built-in audio occlusion.
[2020.12.09-06.52.01:408][  0]LogAudioMixer: Display: Initializing audio mixer.
[2020.12.09-06.52.01:659][  0]LogAudioMixer: Display: 0: FrontLeft
[2020.12.09-06.52.01:660][  0]LogAudioMixer: Display: 1: FrontRight
[2020.12.09-06.52.01:660][  0]LogAudioMixer: Display: 2: FrontCenter
[2020.12.09-06.52.01:660][  0]LogAudioMixer: Display: 3: LowFrequency
[2020.12.09-06.52.01:660][  0]LogAudioMixer: Display: 4: BackLeft
[2020.12.09-06.52.01:660][  0]LogAudioMixer: Display: 5: BackRight
[2020.12.09-06.52.01:660][  0]LogAudioMixer: Display: 6: SideLeft
[2020.12.09-06.52.01:660][  0]LogAudioMixer: Display: 7: SideRight
[2020.12.09-06.52.02:417][  0]LogAudioMixer: Display: Using Audio Device Speakers/Headphones (Realtek(R) Audio)
[2020.12.09-06.52.02:422][  0]LogAudioMixer: Display: Initializing Sound Submixes...
[2020.12.09-06.52.02:426][  0]LogAudioMixer: Display: Creating Master Submix 'MasterSubmixDefault'
[2020.12.09-06.52.02:427][  0]LogAudioMixer: Display: Creating Master Submix 'MasterReverbSubmixDefault'
[2020.12.09-06.52.02:429][  0]LogAudioMixer: Display: Creating Master Submix 'MasterEQSubmixDefault'
[2020.12.09-06.52.02:430][  0]LogInit: FAudioDevice initialized.
[2020.12.09-06.52.02:431][  0]LogNetVersion: Set ProjectVersion to 1.0.0.0. Version Checksum will be recalculated on next use.
[2020.12.09-06.52.02:546][  0]LogDerivedDataCache: Saved boot cache 0.11s 75MB C:/Users/thecy/AppData/Local/UnrealEngine/4.25/DerivedDataCache/Boot.ddc.
[2020.12.09-06.52.02:546][  0]LogInit: Texture streaming: Enabled
[2020.12.09-06.52.02:580][  0]LogEngineSessionManager: EngineSessionManager initialized
[2020.12.09-06.52.02:580][  0]LogEditorSessionSummary: Verbose: Initializing EditorSessionSummaryWriter for editor session tracking
[2020.12.09-06.52.02:584][  0]LogEditorSessionSummary: EditorSessionSummaryWriter initialized
[2020.12.09-06.52.02:670][  0]LogInit: Transaction tracking system initialized
[2020.12.09-06.52.02:718][  0]BlueprintLog: New page: Editor Load
[2020.12.09-06.52.02:859][  0]LocalizationService: Localization service is disabled
[2020.12.09-06.52.03:061][  0]LogVSAccessor: Display: Unable to create Visual Studio setup instance: 80040154
[2020.12.09-06.52.03:062][  0]LogVSAccessor: Display: Unable to create Visual Studio setup instance: 80040154
[2020.12.09-06.52.03:203][  0]LogCook: Display: Max memory allowance for cook 16384mb min free memory 0mb
[2020.12.09-06.52.03:203][  0]LogCook: Display: Mobile HDR setting 1
[2020.12.09-06.52.03:470][  0]LogFileCache: Scanning file cache for directory 'C:/Users/thecy/Documents/GitHub/Escape/Escape/Content/' took 0.04s
[2020.12.09-06.52.03:831][  0]SourceControl: Source control is disabled
[2020.12.09-06.52.03:831][  0]LogUnrealEdMisc: Loading editor; pre map load, took 15.087
[2020.12.09-06.52.03:831][  0]Cmd: MAP LOAD FILE="../../../../../../Users/thecy/Documents/GitHub/Escape/Escape/Content/ThirdPersonBP/Maps/ThirdPersonExampleMap.umap" TEMPLATE=0 SHOWPROGRESS=1 FEATURELEVEL=3
[2020.12.09-06.52.03:831][  0]LightingResults: New page: Lighting Build
[2020.12.09-06.52.03:833][  0]LogWorld: UWorld::CleanupWorld for Untitled, bSessionEnded=true, bCleanupResources=true
[2020.12.09-06.52.03:833][  0]LogSlate: InvalidateAllWidgets triggered.  All widgets were invalidated
[2020.12.09-06.52.03:834][  0]MapCheck: New page: Map Check
[2020.12.09-06.52.03:834][  0]LightingResults: New page: Lighting Build
[2020.12.09-06.52.03:857][  0]LogAISub: UAISubsystem::~UAISubsystem EnvQueryManager (000001C4454F0600), frame # 0
[2020.12.09-06.52.03:857][  0]LogAISub: UAISubsystem::~UAISubsystem AIPerceptionSystem (000001C44548FB00), frame # 0
[2020.12.09-06.52.03:859][  0]LogUObjectHash: Compacting FUObjectHashTables data took   1.57ms
[2020.12.09-06.52.04:295][  0]LogAIModule: Creating AISystem for world ThirdPersonExampleMap
[2020.12.09-06.52.04:295][  0]LogAISub: UAISubsystem::UAISubsystem EnvQueryManager (000001C43461E400), frame # 0
[2020.12.09-06.52.04:295][  0]LogAISub: UAISubsystem::UAISubsystem AIPerceptionSystem (000001C433894900), frame # 0
[2020.12.09-06.52.04:318][  0]LogEditorServer: Finished looking for orphan Actors (0.000 secs)
[2020.12.09-06.52.04:341][  0]LogUObjectHash: Compacting FUObjectHashTables data took   1.50ms
[2020.12.09-06.52.04:341][  0]Cmd: MAP CHECKDEP NOCLEARLOG
[2020.12.09-06.52.04:342][  0]MapCheck: Map check complete: 0 Error(s), 0 Warning(s), took 0.445ms to complete.
[2020.12.09-06.52.04:342][  0]LogFileHelpers: Loading map 'ThirdPersonExampleMap' took 0.511
[2020.12.09-06.52.04:345][  0]LogUnrealEdMisc: Total Editor Startup Time, took 15.601
[2020.12.09-06.52.04:515][  0]LogSlate: Updating window title bar state: overlay mode, drag disabled, window buttons hidden, title bar hidden
[2020.12.09-06.52.04:528][  0]LogSlate: Updating window title bar state: overlay mode, drag disabled, window buttons hidden, title bar hidden
[2020.12.09-06.52.04:539][  0]LogSlate: Updating window title bar state: overlay mode, drag disabled, window buttons hidden, title bar hidden
[2020.12.09-06.52.04:551][  0]LogSlate: Updating window title bar state: overlay mode, drag disabled, window buttons hidden, title bar hidden
[2020.12.09-06.52.04:564][  0]LogCollectionManager: Loaded 0 collections in 0.003116 seconds
[2020.12.09-06.52.04:589][  0]LogFileCache: Scanning file cache for directory 'C:/Users/thecy/Documents/GitHub/Escape/Escape/Saved/Collections/' took 0.00s
[2020.12.09-06.52.04:589][  0]LogFileCache: Scanning file cache for directory 'C:/Users/thecy/Documents/GitHub/Escape/Escape/Content/Developers/thecy/Collections/' took 0.00s
[2020.12.09-06.52.04:589][  0]LogFileCache: Scanning file cache for directory 'C:/Users/thecy/Documents/GitHub/Escape/Escape/Content/Collections/' took 0.00s
[2020.12.09-06.52.04:589][  0]LogContentBrowser: Native class hierarchy populated in 0.0160 seconds. Added 3427 classes and 821 folders.
[2020.12.09-06.52.04:595][  0]LogContentBrowser: Native class hierarchy updated for 'WidgetCarousel' in 0.0004 seconds. Added 0 classes and 0 folders.
[2020.12.09-06.52.04:776][  0]LogContentBrowser: Native class hierarchy updated for 'AddContentDialog' in 0.0004 seconds. Added 0 classes and 0 folders.
[2020.12.09-06.52.04:778][  0]LogContentBrowser: Native class hierarchy updated for 'SceneOutliner' in 0.0004 seconds. Added 2 classes and 0 folders.
[2020.12.09-06.52.04:855][  0]LogSlate: Took 0.000785 seconds to synchronously load lazily loaded font '../../../Engine/Content/Slate/Fonts/Roboto-Regular.ttf' (155K)
[2020.12.09-06.52.04:860][  0]LogSlate: Took 0.000783 seconds to synchronously load lazily loaded font '../../../Engine/Content/Slate/Fonts/Roboto-Bold.ttf' (160K)
[2020.12.09-06.52.04:870][  0]LogSlate: Took 0.000646 seconds to synchronously load lazily loaded font '../../../Engine/Content/Editor/Slate/Fonts/FontAwesome.ttf' (139K)
[2020.12.09-06.52.05:032][  0]LogRenderer: Reallocating scene render targets to support 964x468 Format 10 NumSamples 1 (Frame:1).
[2020.12.09-06.52.05:210][  0]LogContentBrowser: Native class hierarchy updated for 'HierarchicalLODOutliner' in 0.0004 seconds. Added 0 classes and 0 folders.
[2020.12.09-06.52.05:210][  0]LogLoad: (Engine Initialization) Total time: 16.47 seconds
[2020.12.09-06.52.05:210][  0]LogLoad: (Engine Initialization) Total Blueprint compile time: 0.00 seconds
[2020.12.09-06.52.05:282][  0]LogContentStreaming: Texture pool size now 1000 MB
[2020.12.09-06.52.05:334][  0]LogSlate: Took 0.000227 seconds to synchronously load lazily loaded font '../../../Engine/Content/Slate/Fonts/Roboto-Light.ttf' (167K)
[2020.12.09-06.52.05:417][  2]LogAssetRegistry: Asset discovery search completed in 7.3406 seconds
[2020.12.09-06.52.05:426][  2]LogCollectionManager: Fixed up redirectors for 0 collections in 0.000004 seconds (updated 0 objects)
[2020.12.09-06.52.39:312][624]LogSlate: Took 0.000212 seconds to synchronously load lazily loaded font '../../../Engine/Content/Slate/Fonts/Roboto-Light.ttf' (167K)
[2020.12.09-06.52.39:585][624]LogAssetEditorSubsystem: Opening Asset editor for World /Game/ThirdPersonBP/Maps/Escape.Escape
[2020.12.09-06.52.39:607][624]LogUObjectHash: Compacting FUObjectHashTables data took   1.33ms
[2020.12.09-06.52.39:611][624]Cmd: MAP LOAD FILE="../../../../../../Users/thecy/Documents/GitHub/Escape/Escape/Content/ThirdPersonBP/Maps/Escape.umap" TEMPLATE=0 SHOWPROGRESS=1 FEATURELEVEL=3
[2020.12.09-06.52.39:612][624]LightingResults: New page: Lighting Build
[2020.12.09-06.52.39:612][624]LoadErrors: New page: Loading map: Escape.umap
[2020.12.09-06.52.39:616][624]LogWorld: UWorld::CleanupWorld for ThirdPersonExampleMap, bSessionEnded=true, bCleanupResources=true
[2020.12.09-06.52.39:616][624]LogSlate: InvalidateAllWidgets triggered.  All widgets were invalidated
[2020.12.09-06.52.39:616][624]MapCheck: New page: Map Check
[2020.12.09-06.52.39:616][624]LightingResults: New page: Lighting Build
[2020.12.09-06.52.39:637][624]LogAISub: UAISubsystem::~UAISubsystem EnvQueryManager (000001C43461E400), frame # 624
[2020.12.09-06.52.39:637][624]LogAISub: UAISubsystem::~UAISubsystem AIPerceptionSystem (000001C433894900), frame # 624
[2020.12.09-06.52.39:639][624]LogUObjectHash: Compacting FUObjectHashTables data took   1.30ms
[2020.12.09-06.52.39:673][624]LogEditorServer: Finished looking for orphan Actors (0.000 secs)
[2020.12.09-06.52.39:673][624]LogAIModule: Creating AISystem for world Escape
[2020.12.09-06.52.39:673][624]LogAISub: UAISubsystem::UAISubsystem EnvQueryManager (000001C421594400), frame # 624
[2020.12.09-06.52.39:674][624]LogAISub: UAISubsystem::UAISubsystem AIPerceptionSystem (000001C470019300), frame # 624
[2020.12.09-06.52.39:698][624]LogUObjectHash: Compacting FUObjectHashTables data took   1.07ms
[2020.12.09-06.52.39:732][624]Cmd: MAP CHECKDEP NOCLEARLOG
[2020.12.09-06.52.39:733][624]MapCheck: Map check complete: 0 Error(s), 0 Warning(s), took 0.196ms to complete.
[2020.12.09-06.52.39:733][624]LogFileHelpers: Loading map 'Escape' took 0.122
[2020.12.09-06.52.41:452][712]LogTemp: Repeating last play command: Selected Viewport
[2020.12.09-06.52.41:473][712]LogPlayLevel: PlayLevel: No blueprints needed recompiling
[2020.12.09-06.52.41:473][712]PIE: New page: PIE session: Escape (Dec 8, 2020, 8:52:41 PM)
[2020.12.09-06.52.41:474][712]LogOnline: OSS: Creating online subsystem instance for: NULL
[2020.12.09-06.52.41:476][712]LogOnline: OSS: TryLoadSubsystemAndSetDefault: Loaded subsystem for module [NULL]
[2020.12.09-06.52.41:476][712]LogPlayLevel: Creating play world package: /Game/ThirdPersonBP/Maps/UEDPIE_0_Escape
[2020.12.09-06.52.41:528][712]LogPlayLevel: PIE: StaticDuplicateObject took: (0.051512s)
[2020.12.09-06.52.41:529][712]LogAIModule: Creating AISystem for world Escape
[2020.12.09-06.52.41:529][712]LogAISub: UAISubsystem::UAISubsystem EnvQueryManager (000001C470145800), frame # 712
[2020.12.09-06.52.41:529][712]LogAISub: UAISubsystem::UAISubsystem AIPerceptionSystem (000001C47018FD80), frame # 712
[2020.12.09-06.52.41:530][712]LogPlayLevel: PIE: World Init took: (0.001661s)
[2020.12.09-06.52.41:530][712]LogPlayLevel: PIE: Created PIE world by copying editor world from /Game/ThirdPersonBP/Maps/Escape.Escape to /Game/ThirdPersonBP/Maps/UEDPIE_0_Escape.Escape (0.053435s)
[2020.12.09-06.52.41:548][712]LogUObjectHash: Compacting FUObjectHashTables data took   0.94ms
[2020.12.09-06.52.41:549][712]LogAudioMixer: Display: Audio Mixer Platform Settings:
[2020.12.09-06.52.41:549][712]LogAudioMixer: Display: 	Sample Rate:						  48000
[2020.12.09-06.52.41:549][712]LogAudioMixer: Display: 	Callback Buffer Frame Size Requested: 1024
[2020.12.09-06.52.41:549][712]LogAudioMixer: Display: 	Callback Buffer Frame Size To Use:	  1024
[2020.12.09-06.52.41:549][712]LogAudioMixer: Display: 	Number of buffers to queue:			  2
[2020.12.09-06.52.41:549][712]LogAudioMixer: Display: 	Max Channels (voices):				  32
[2020.12.09-06.52.41:549][712]LogAudioMixer: Display: 	Number of Async Source Workers:		  0
[2020.12.09-06.52.41:549][712]LogAudio: Display: AudioDevice MaxSources: 32
[2020.12.09-06.52.41:550][712]LogAudio: Display: Using built-in audio occlusion.
[2020.12.09-06.52.41:550][712]LogAudioMixer: Display: Initializing audio mixer.
[2020.12.09-06.52.41:555][712]LogAudioMixer: Display: 0: FrontLeft
[2020.12.09-06.52.41:556][712]LogAudioMixer: Display: 1: FrontRight
[2020.12.09-06.52.41:556][712]LogAudioMixer: Display: 2: FrontCenter
[2020.12.09-06.52.41:556][712]LogAudioMixer: Display: 3: LowFrequency
[2020.12.09-06.52.41:556][712]LogAudioMixer: Display: 4: BackLeft
[2020.12.09-06.52.41:556][712]LogAudioMixer: Display: 5: BackRight
[2020.12.09-06.52.41:556][712]LogAudioMixer: Display: 6: SideLeft
[2020.12.09-06.52.41:556][712]LogAudioMixer: Display: 7: SideRight
[2020.12.09-06.52.41:633][712]LogAudioMixer: Display: Using Audio Device Speakers/Headphones (Realtek(R) Audio)
[2020.12.09-06.52.41:633][712]LogAudioMixer: Display: Initializing Sound Submixes...
[2020.12.09-06.52.41:633][712]LogAudioMixer: Display: Creating Master Submix 'MasterSubmixDefault'
[2020.12.09-06.52.41:633][712]LogAudioMixer: Display: Creating Master Submix 'MasterReverbSubmixDefault'
[2020.12.09-06.52.41:634][712]LogAudioMixer: Display: Creating Master Submix 'MasterEQSubmixDefault'
[2020.12.09-06.52.41:658][712]LogInit: FAudioDevice initialized.
[2020.12.09-06.52.41:667][712]LogLoad: Game class is 'ThirdPersonGameMode_C'
[2020.12.09-06.52.41:679][712]LogWorld: Bringing World /Game/ThirdPersonBP/Maps/UEDPIE_0_Escape.Escape up for play (max tick rate 60) at 2020.12.09-01.52.41
[2020.12.09-06.52.41:679][712]LogWorld: Bringing up level for play took: 0.009938
[2020.12.09-06.52.41:680][712]LogOnline: OSS: Creating online subsystem instance for: :Context_1
[2020.12.09-06.52.41:685][712]LogContentBrowser: Native class hierarchy updated for 'MovieSceneCapture' in 0.0005 seconds. Added 20 classes and 0 folders.
[2020.12.09-06.52.41:686][712]PIE: Server logged in
[2020.12.09-06.52.41:688][712]PIE: Play in editor total start time 0.216 seconds.
[2020.12.09-06.54.07:936][685]LogSlate: Updating window title bar state: overlay mode, drag disabled, window buttons hidden, title bar hidden
[2020.12.09-06.54.07:937][685]LogWorld: BeginTearingDown for /Game/ThirdPersonBP/Maps/UEDPIE_0_Escape
[2020.12.09-06.54.07:937][685]LogWorld: UWorld::CleanupWorld for Escape, bSessionEnded=true, bCleanupResources=true
[2020.12.09-06.54.07:939][685]LogSlate: InvalidateAllWidgets triggered.  All widgets were invalidated
[2020.12.09-06.54.07:949][685]LogPlayLevel: Display: Shutting down PIE online subsystems
[2020.12.09-06.54.07:951][685]LogSlate: InvalidateAllWidgets triggered.  All widgets were invalidated
[2020.12.09-06.54.08:004][685]LogSlate: Updating window title bar state: overlay mode, drag disabled, window buttons hidden, title bar hidden
[2020.12.09-06.54.08:008][685]LogAISub: UAISubsystem::~UAISubsystem EnvQueryManager (000001C470145800), frame # 3685
[2020.12.09-06.54.08:008][685]LogAISub: UAISubsystem::~UAISubsystem AIPerceptionSystem (000001C47018FD80), frame # 3685
[2020.12.09-06.54.08:011][685]LogUObjectHash: Compacting FUObjectHashTables data took   1.26ms
[2020.12.09-06.54.08:049][686]LogPlayLevel: Display: Destroying online subsystem :Context_1
[2020.12.09-06.54.08:937][737]LogEditorViewport: Clicking on Actor (LMB): StaticMeshActor (Cube23)
[2020.12.09-06.54.20:420][366]LogEditorViewport: Clicking on Actor (LMB): StaticMeshActor (Cube54)
[2020.12.09-06.54.29:174][844]LogEditorViewport: Clicking on Actor (LMB): StaticMeshActor (Cube55)
[2020.12.09-06.54.29:789][877]LogEditorViewport: Clicking on Actor (LMB): StaticMeshActor (Cube4)
[2020.12.09-06.54.34:110][130]LogEditorViewport: Clicking on Actor (LMB): StaticMeshActor (Cube53)
[2020.12.09-06.54.37:343][320]LogEditorViewport: Clicking on Actor (LMB): StaticMeshActor (Cube40)
[2020.12.09-06.54.55:826][416]LogEditorViewport: Clicking on Actor (LMB): StaticMeshActor (Cube53)
[2020.12.09-06.54.59:549][634]LogEditorViewport: Clicking on Actor (LMB): StaticMeshActor (Cube53)
[2020.12.09-06.55.01:571][749]LogUObjectHash: Compacting FUObjectHashTables data took   1.03ms
[2020.12.09-06.55.01:734][749]LogSavePackage: Moving '../../../../../../Users/thecy/Documents/GitHub/Escape/Escape/Saved/EscapeD072C0134BBD84E09EE5918A36328EDF.tmp' to '../../../../../../Users/thecy/Documents/GitHub/Escape/Escape/Content/ThirdPersonBP/Maps/Escape.umap'
[2020.12.09-06.55.01:775][749]Cmd: OBJ SAVEPACKAGE PACKAGE="/Game/ThirdPersonBP/Maps/Escape_BuiltData" FILE="../../../../../../Users/thecy/Documents/GitHub/Escape/Escape/Content/ThirdPersonBP/Maps/Escape_BuiltData.uasset" SILENT=true
[2020.12.09-06.55.02:778][749]LogSavePackage: Moving '../../../../../../Users/thecy/Documents/GitHub/Escape/Escape/Saved/Escape_BuiltData0100B1984250B44187D98082CE43259C.tmp' to '../../../../../../Users/thecy/Documents/GitHub/Escape/Escape/Content/ThirdPersonBP/Maps/Escape_BuiltData.uasset'
[2020.12.09-06.55.02:811][749]AssetCheck: New page: Asset Save: multiple assets
[2020.12.09-06.55.02:811][749]LogContentValidation: Display: Validating World /Game/ThirdPersonBP/Maps/Escape.Escape
[2020.12.09-06.55.02:811][749]LogContentValidation: Display: Validating MapBuildDataRegistry /Game/ThirdPersonBP/Maps/Escape_BuiltData.Escape_BuiltData
